

================================================================
== Vivado HLS Report for 'calculate_variance'
================================================================
* Date:           Mon Dec  2 09:47:07 2024

* Version:        2019.2 (Build 2704478 on Wed Nov 06 22:10:23 MST 2019)
* Project:        mlp.prj
* Solution:       solution1
* Product family: zynq
* Target device:  xc7z020-clg484-1


================================================================
== Performance Estimates
================================================================
+ Timing: 
    * Summary: 
    +--------+----------+----------+------------+
    |  Clock |  Target  | Estimated| Uncertainty|
    +--------+----------+----------+------------+
    |ap_clk  | 10.00 ns | 8.670 ns |   1.25 ns  |
    +--------+----------+----------+------------+

+ Latency: 
    * Summary: 
    +---------+---------+----------+----------+-----+-----+---------+
    |  Latency (cycles) |  Latency (absolute) |  Interval | Pipeline|
    |   min   |   max   |    min   |    max   | min | max |   Type  |
    +---------+---------+----------+----------+-----+-----+---------+
    |      719|      719| 7.190 us | 7.190 us |  719|  719|   none  |
    +---------+---------+----------+----------+-----+-----+---------+

    + Detail: 
        * Instance: 
        N/A

        * Loop: 
        +--------------------+---------+---------+----------+-----------+-----------+------+----------+
        |                    |  Latency (cycles) | Iteration|  Initiation Interval  | Trip |          |
        |      Loop Name     |   min   |   max   |  Latency |  achieved |   target  | Count| Pipelined|
        +--------------------+---------+---------+----------+-----------+-----------+------+----------+
        |- iterate_runs_var  |      700|      700|         7|          -|          -|   100|    no    |
        +--------------------+---------+---------+----------+-----------+-----------+------+----------+



================================================================
== Utilization Estimates
================================================================
* Summary: 
+-----------------+---------+-------+--------+-------+-----+
|       Name      | BRAM_18K| DSP48E|   FF   |  LUT  | URAM|
+-----------------+---------+-------+--------+-------+-----+
|DSP              |        -|      -|       -|      -|    -|
|Expression       |        -|      4|      73|   2028|    -|
|FIFO             |        -|      -|       -|      -|    -|
|Instance         |        -|      6|     656|    856|    -|
|Memory           |        -|      -|       -|      -|    -|
|Multiplexer      |        -|      -|       -|    143|    -|
|Register         |        -|      -|     705|      -|    -|
+-----------------+---------+-------+--------+-------+-----+
|Total            |        0|     10|    1434|   3027|    0|
+-----------------+---------+-------+--------+-------+-----+
|Available        |      280|    220|  106400|  53200|    0|
+-----------------+---------+-------+--------+-------+-----+
|Utilization (%)  |        0|      4|       1|      5|    0|
+-----------------+---------+-------+--------+-------+-----+

+ Detail: 
    * Instance: 
    +---------------------------+----------------------+---------+-------+-----+-----+-----+
    |          Instance         |        Module        | BRAM_18K| DSP48E|  FF | LUT | URAM|
    +---------------------------+----------------------+---------+-------+-----+-----+-----+
    |dut_fpext_32ns_64cdu_U696  |dut_fpext_32ns_64cdu  |        0|      0|  100|  138|    0|
    |dut_fsqrt_32ns_32ceu_U697  |dut_fsqrt_32ns_32ceu  |        0|      0|  405|  615|    0|
    |dut_mul_57ns_55s_cfu_U698  |dut_mul_57ns_55s_cfu  |        0|      6|  151|  103|    0|
    +---------------------------+----------------------+---------+-------+-----+-----+-----+
    |Total                      |                      |        0|      6|  656|  856|    0|
    +---------------------------+----------------------+---------+-------+-----+-----+-----+

    * DSP48E: 
    N/A

    * Memory: 
    N/A

    * FIFO: 
    N/A

    * Expression: 
    +---------------------------+----------+-------+----+-----+------------+------------+
    |       Variable Name       | Operation| DSP48E| FF | LUT | Bitwidth P0| Bitwidth P1|
    +---------------------------+----------+-------+----+-----+------------+------------+
    |r_V_fu_277_p2              |     *    |      4|   0|   36|          28|          28|
    |add_ln581_fu_692_p2        |     +    |      0|   0|   12|           5|          12|
    |add_ln954_fu_486_p2        |     +    |      0|   0|   39|           6|          32|
    |add_ln964_fu_573_p2        |     +    |      0|   0|   37|           8|           8|
    |i_fu_198_p2                |     +    |      0|   0|   15|           7|           1|
    |lsb_index_fu_380_p2        |     +    |      0|   0|   39|           6|          32|
    |m_fu_528_p2                |     +    |      0|   0|   44|          37|          37|
    |ret_V_2_fu_359_p2          |     +    |      0|   0|   53|          46|          46|
    |F2_fu_680_p2               |     -    |      0|   0|   12|          11|          12|
    |man_V_1_fu_660_p2          |     -    |      0|   0|   61|           1|          54|
    |ret_V_fu_269_p2            |     -    |      0|   0|   35|          28|          28|
    |sub_ln1148_fu_310_p2       |     -    |      0|   0|  118|           1|         111|
    |sub_ln1192_fu_334_p2       |     -    |      0|   0|   53|           1|          46|
    |sub_ln581_fu_698_p2        |     -    |      0|   0|   12|           4|          12|
    |sub_ln944_fu_375_p2        |     -    |      0|   0|   39|           6|          32|
    |sub_ln947_fu_406_p2        |     -    |      0|   0|   15|           3|           6|
    |sub_ln954_fu_500_p2        |     -    |      0|   0|   39|           5|          32|
    |sub_ln964_fu_568_p2        |     -    |      0|   0|   37|           5|           8|
    |tmp_V_fu_217_p2            |     -    |      0|   0|   43|           1|          36|
    |a_fu_433_p2                |    and   |      0|   0|    2|           1|           1|
    |and_ln581_fu_796_p2        |    and   |      0|   0|    2|           1|           1|
    |and_ln582_fu_781_p2        |    and   |      0|   0|    2|           1|           1|
    |and_ln585_1_fu_813_p2      |    and   |      0|   0|    2|           1|           1|
    |and_ln585_fu_807_p2        |    and   |      0|   0|    2|           1|           1|
    |and_ln603_fu_830_p2        |    and   |      0|   0|    2|           1|           1|
    |and_ln949_fu_460_p2        |    and   |      0|   0|    2|           1|           1|
    |p_Result_4_fu_422_p2       |    and   |      0|   0|   36|          36|          36|
    |ashr_ln586_fu_739_p2       |   ashr   |      0|   0|  162|          54|          54|
    |tmp_fu_249_p3              |   cttz   |      0|  73|   71|          64|           0|
    |icmp_ln571_fu_674_p2       |   icmp   |      0|   0|   29|          63|           1|
    |icmp_ln581_fu_686_p2       |   icmp   |      0|   0|   13|          12|           4|
    |icmp_ln582_fu_712_p2       |   icmp   |      0|   0|   13|          12|           4|
    |icmp_ln585_fu_725_p2       |   icmp   |      0|   0|   13|          12|           6|
    |icmp_ln603_fu_730_p2       |   icmp   |      0|   0|   13|          12|           5|
    |icmp_ln69_fu_192_p2        |   icmp   |      0|   0|   11|           7|           6|
    |icmp_ln935_fu_552_p2       |   icmp   |      0|   0|   21|          36|           1|
    |icmp_ln947_1_fu_427_p2     |   icmp   |      0|   0|   21|          36|           1|
    |icmp_ln947_fu_396_p2       |   icmp   |      0|   0|   18|          31|           1|
    |icmp_ln954_fu_480_p2       |   icmp   |      0|   0|   18|          32|           1|
    |lshr_ln947_fu_416_p2       |   lshr   |      0|   0|  117|           2|          36|
    |lshr_ln954_fu_495_p2       |   lshr   |      0|   0|  117|          36|          36|
    |or_ln581_fu_819_p2         |    or    |      0|   0|    2|           1|           1|
    |or_ln582_fu_786_p2         |    or    |      0|   0|    2|           1|           1|
    |or_ln603_1_fu_857_p2       |    or    |      0|   0|    2|           1|           1|
    |or_ln603_2_fu_871_p2       |    or    |      0|   0|    2|           1|           1|
    |or_ln603_fu_844_p2         |    or    |      0|   0|    2|           1|           1|
    |or_ln949_fu_466_p2         |    or    |      0|   0|    2|           1|           1|
    |ap_return                  |  select  |      0|   0|   27|           1|          27|
    |man_V_2_fu_666_p3          |  select  |      0|   0|   54|           1|          54|
    |select_ln1148_2_fu_352_p3  |  select  |      0|   0|   46|           1|          46|
    |select_ln1148_fu_325_p3    |  select  |      0|   0|   49|           1|          49|
    |select_ln588_fu_759_p3     |  select  |      0|   0|    2|           1|           2|
    |select_ln603_1_fu_850_p3   |  select  |      0|   0|   27|           1|          27|
    |select_ln603_2_fu_863_p3   |  select  |      0|   0|   27|           1|          27|
    |select_ln603_fu_836_p3     |  select  |      0|   0|   27|           1|          27|
    |select_ln935_fu_606_p3     |  select  |      0|   0|   32|           1|           1|
    |select_ln954_fu_514_p3     |  select  |      0|   0|   36|           1|          36|
    |select_ln964_fu_561_p3     |  select  |      0|   0|    7|           1|           7|
    |sh_amt_fu_704_p3           |  select  |      0|   0|   12|           1|          12|
    |tmp_V_17_fu_223_p3         |  select  |      0|   0|   36|           1|          36|
    |shl_ln604_fu_771_p2        |    shl   |      0|   0|   81|          27|          27|
    |shl_ln954_fu_509_p2        |    shl   |      0|   0|  117|          36|          36|
    |xor_ln571_fu_776_p2        |    xor   |      0|   0|    2|           1|           2|
    |xor_ln581_fu_824_p2        |    xor   |      0|   0|    2|           1|           2|
    |xor_ln582_fu_790_p2        |    xor   |      0|   0|    2|           1|           2|
    |xor_ln585_fu_801_p2        |    xor   |      0|   0|    2|           1|           2|
    |xor_ln949_fu_447_p2        |    xor   |      0|   0|    2|           1|           2|
    +---------------------------+----------+-------+----+-----+------------+------------+
    |Total                      |          |      4|  73| 2028|         748|        1202|
    +---------------------------+----------+-------+----+-----+------------+------------+

    * Multiplexer: 
    +------------------+-----+-----------+-----+-----------+
    |       Name       | LUT | Input Size| Bits| Total Bits|
    +------------------+-----+-----------+-----+-----------+
    |ap_NS_fsm         |  125|         27|    1|         27|
    |i_0_reg_169       |    9|          2|    7|         14|
    |tmp_V_16_reg_157  |    9|          2|   36|         72|
    +------------------+-----+-----------+-----+-----------+
    |Total             |  143|         31|   44|        113|
    +------------------+-----+-----------+-----+-----------+

    * Register: 
    +----------------------+-----+----+-----+-----------+
    |         Name         |  FF | LUT| Bits| Const Bits|
    +----------------------+-----+----+-----+-----------+
    |ap_CS_fsm             |   26|   0|   26|          0|
    |i_0_reg_169           |    7|   0|    7|          0|
    |i_reg_893             |    7|   0|    7|          0|
    |icmp_ln571_reg_1009   |    1|   0|    1|          0|
    |icmp_ln581_reg_1015   |    1|   0|    1|          0|
    |icmp_ln582_reg_1028   |    1|   0|    1|          0|
    |icmp_ln954_reg_978    |    1|   0|    1|          0|
    |l_reg_916             |   32|   0|   32|          0|
    |m_3_reg_983           |   36|   0|   36|          0|
    |man_V_2_reg_1004      |   54|   0|   54|          0|
    |mul_ln1148_reg_947    |  111|   0|  111|          0|
    |or_ln_reg_973         |    1|   0|   32|         31|
    |p_Result_8_reg_903    |    1|   0|    1|          0|
    |r_V_reg_931           |   55|   0|   55|          0|
    |ret_V_reg_926         |   28|   0|   28|          0|
    |rhs_V_reg_885         |   28|   0|   28|          0|
    |select_ln935_reg_993  |   32|   0|   32|          0|
    |sh_amt_reg_1021       |   12|   0|   12|          0|
    |sub_ln944_reg_967     |   32|   0|   32|          0|
    |tmp_550_reg_988       |    1|   0|    1|          0|
    |tmp_553_reg_936       |    1|   0|    1|          0|
    |tmp_554_reg_957       |   49|   0|   49|          0|
    |tmp_555_reg_952       |   49|   0|   49|          0|
    |tmp_V_16_reg_157      |   36|   0|   36|          0|
    |tmp_V_17_reg_908      |   36|   0|   36|          0|
    |trunc_ln583_reg_1034  |   27|   0|   27|          0|
    |trunc_ln943_reg_921   |    8|   0|    8|          0|
    |v_assign_reg_998      |   32|   0|   32|          0|
    +----------------------+-----+----+-----+-----------+
    |Total                 |  705|   0|  736|         31|
    +----------------------+-----+----+-----+-----------+



================================================================
== Interface
================================================================
* Summary: 
+----------------------+-----+-----+------------+--------------------+--------------+
|       RTL Ports      | Dir | Bits|  Protocol  |    Source Object   |    C Type    |
+----------------------+-----+-----+------------+--------------------+--------------+
|ap_clk                |  in |    1| ap_ctrl_hs | calculate_variance | return value |
|ap_rst                |  in |    1| ap_ctrl_hs | calculate_variance | return value |
|ap_start              |  in |    1| ap_ctrl_hs | calculate_variance | return value |
|ap_done               | out |    1| ap_ctrl_hs | calculate_variance | return value |
|ap_idle               | out |    1| ap_ctrl_hs | calculate_variance | return value |
|ap_ready              | out |    1| ap_ctrl_hs | calculate_variance | return value |
|ap_return             | out |   27| ap_ctrl_hs | calculate_variance | return value |
|outputs_V_2_address0  | out |    7|  ap_memory |     outputs_V_2    |     array    |
|outputs_V_2_ce0       | out |    1|  ap_memory |     outputs_V_2    |     array    |
|outputs_V_2_q0        |  in |   27|  ap_memory |     outputs_V_2    |     array    |
|mean_V                |  in |   27|   ap_none  |       mean_V       |    scalar    |
+----------------------+-----+-----+------------+--------------------+--------------+

