

================================================================
== Vivado HLS Report for 'dense_lay_64_32_s'
================================================================
* Date:           Mon Dec  2 09:47:00 2024

* Version:        2019.2 (Build 2704478 on Wed Nov 06 22:10:23 MST 2019)
* Project:        mlp.prj
* Solution:       solution1
* Product family: zynq
* Target device:  xc7z020-clg484-1


================================================================
== Performance Estimates
================================================================
+ Timing: 
    * Summary: 
    +--------+----------+----------+------------+
    |  Clock |  Target  | Estimated| Uncertainty|
    +--------+----------+----------+------------+
    |ap_clk  | 10.00 ns | 8.265 ns |   1.25 ns  |
    +--------+----------+----------+------------+

+ Latency: 
    * Summary: 
    +---------+---------+----------+----------+-----+-----+---------+
    |  Latency (cycles) |  Latency (absolute) |  Interval | Pipeline|
    |   min   |   max   |    min   |    max   | min | max |   Type  |
    +---------+---------+----------+----------+-----+-----+---------+
    |      993|      993| 9.930 us | 9.930 us |  993|  993|   none  |
    +---------+---------+----------+----------+-----+-----+---------+

    + Detail: 
        * Instance: 
        N/A

        * Loop: 
        +----------------+---------+---------+----------+-----------+-----------+------+----------+
        |                |  Latency (cycles) | Iteration|  Initiation Interval  | Trip |          |
        |    Loop Name   |   min   |   max   |  Latency |  achieved |   target  | Count| Pipelined|
        +----------------+---------+---------+----------+-----------+-----------+------+----------+
        |- dense_outer   |      992|      992|        31|          -|          -|    32|    no    |
        | + dense_inner  |       26|       26|        13|          -|          -|     2|    no    |
        +----------------+---------+---------+----------+-----------+-----------+------+----------+



================================================================
== Utilization Estimates
================================================================
* Summary: 
+-----------------+---------+-------+--------+-------+-----+
|       Name      | BRAM_18K| DSP48E|   FF   |  LUT  | URAM|
+-----------------+---------+-------+--------+-------+-----+
|DSP              |        -|      -|       -|      -|    -|
|Expression       |        -|     64|       0|   5432|    -|
|FIFO             |        -|      -|       -|      -|    -|
|Instance         |        -|      -|       0|     65|    -|
|Memory           |        0|      -|     750|    395|    -|
|Multiplexer      |        -|      -|       -|    120|    -|
|Register         |        -|      -|    5543|      -|    -|
+-----------------+---------+-------+--------+-------+-----+
|Total            |        0|     64|    6293|   6012|    0|
+-----------------+---------+-------+--------+-------+-----+
|Available        |      280|    220|  106400|  53200|    0|
+-----------------+---------+-------+--------+-------+-----+
|Utilization (%)  |        0|     29|       5|     11|    0|
+-----------------+---------+-------+--------+-------+-----+

+ Detail: 
    * Instance: 
    +------------------------+-------------------+---------+-------+---+----+-----+
    |        Instance        |       Module      | BRAM_18K| DSP48E| FF| LUT| URAM|
    +------------------------+-------------------+---------+-------+---+----+-----+
    |dut_mux_325_1_1_1_U333  |dut_mux_325_1_1_1  |        0|      0|  0|  65|    0|
    +------------------------+-------------------+---------+-------+---+----+-----+
    |Total                   |                   |        0|      0|  0|  65|    0|
    +------------------------+-------------------+---------+-------+---+----+-----+

    * DSP48E: 
    N/A

    * Memory: 
    +-----------+----------------------+---------+----+----+-----+------+-----+------+-------------+
    |   Memory  |        Module        | BRAM_18K| FF | LUT| URAM| Words| Bits| Banks| W*Bits*Banks|
    +-----------+----------------------+---------+----+----+-----+------+-----+------+-------------+
    |w2_V_56_U  |dense_lay_64_32_s0iy  |        0|  12|   6|    0|    32|   12|     1|          384|
    |w2_V_55_U  |dense_lay_64_32_s1iI  |        0|  13|   7|    0|    32|   13|     1|          416|
    |w2_V_54_U  |dense_lay_64_32_s2iS  |        0|  11|   6|    0|    32|   11|     1|          352|
    |w2_V_53_U  |dense_lay_64_32_s3i2  |        0|   9|   5|    0|    32|    9|     1|          288|
    |w2_V_52_U  |dense_lay_64_32_s4jc  |        0|   9|   5|    0|    32|    9|     1|          288|
    |w2_V_51_U  |dense_lay_64_32_s5jm  |        0|  11|   6|    0|    32|   11|     1|          352|
    |w2_V_50_U  |dense_lay_64_32_s6jw  |        0|  11|   6|    0|    32|   11|     1|          352|
    |w2_V_49_U  |dense_lay_64_32_s7jG  |        0|   9|   5|    0|    32|    9|     1|          288|
    |w2_V_48_U  |dense_lay_64_32_s8jQ  |        0|  12|   6|    0|    32|   12|     1|          384|
    |w2_V_47_U  |dense_lay_64_32_s9j0  |        0|  11|   6|    0|    32|   11|     1|          352|
    |w2_V_13_U  |dense_lay_64_32_sAem  |        0|  12|   6|    0|    32|   12|     1|          384|
    |w2_V_14_U  |dense_lay_64_32_sBew  |        0|  15|   8|    0|    32|   15|     1|          480|
    |w2_V_15_U  |dense_lay_64_32_sCeG  |        0|  11|   6|    0|    32|   11|     1|          352|
    |w2_V_16_U  |dense_lay_64_32_sDeQ  |        0|  12|   6|    0|    32|   12|     1|          384|
    |w2_V_17_U  |dense_lay_64_32_sEe0  |        0|  12|   6|    0|    32|   12|     1|          384|
    |w2_V_18_U  |dense_lay_64_32_sFfa  |        0|  14|   7|    0|    32|   14|     1|          448|
    |w2_V_19_U  |dense_lay_64_32_sGfk  |        0|   9|   5|    0|    32|    9|     1|          288|
    |w2_V_20_U  |dense_lay_64_32_sHfu  |        0|  12|   6|    0|    32|   12|     1|          384|
    |w2_V_21_U  |dense_lay_64_32_sIfE  |        0|  13|   7|    0|    32|   13|     1|          416|
    |w2_V_22_U  |dense_lay_64_32_sJfO  |        0|   9|   5|    0|    32|    9|     1|          288|
    |w2_V_23_U  |dense_lay_64_32_sKfY  |        0|  11|   6|    0|    32|   11|     1|          352|
    |w2_V_24_U  |dense_lay_64_32_sLf8  |        0|  12|   6|    0|    32|   12|     1|          384|
    |w2_V_25_U  |dense_lay_64_32_sMgi  |        0|  13|   7|    0|    32|   13|     1|          416|
    |w2_V_26_U  |dense_lay_64_32_sNgs  |        0|  10|   5|    0|    32|   10|     1|          320|
    |w2_V_27_U  |dense_lay_64_32_sOgC  |        0|  12|   6|    0|    32|   12|     1|          384|
    |w2_V_28_U  |dense_lay_64_32_sPgM  |        0|  12|   6|    0|    32|   12|     1|          384|
    |w2_V_29_U  |dense_lay_64_32_sQgW  |        0|  11|   6|    0|    32|   11|     1|          352|
    |w2_V_30_U  |dense_lay_64_32_sRg6  |        0|   9|   5|    0|    32|    9|     1|          288|
    |w2_V_31_U  |dense_lay_64_32_sShg  |        0|   9|   5|    0|    32|    9|     1|          288|
    |w2_V_63_U  |dense_lay_64_32_sThq  |        0|  11|   6|    0|    32|   11|     1|          352|
    |w2_V_62_U  |dense_lay_64_32_sUhA  |        0|  12|   6|    0|    32|   12|     1|          384|
    |w2_V_61_U  |dense_lay_64_32_sVhK  |        0|  12|   6|    0|    32|   12|     1|          384|
    |w2_V_60_U  |dense_lay_64_32_sWhU  |        0|   9|   5|    0|    32|    9|     1|          288|
    |w2_V_59_U  |dense_lay_64_32_sXh4  |        0|  13|   7|    0|    32|   13|     1|          416|
    |w2_V_58_U  |dense_lay_64_32_sYie  |        0|  11|   6|    0|    32|   11|     1|          352|
    |w2_V_57_U  |dense_lay_64_32_sZio  |        0|   9|   5|    0|    32|    9|     1|          288|
    |w2_V_46_U  |dense_lay_64_32_sbak  |        0|  11|   6|    0|    32|   11|     1|          352|
    |w2_V_45_U  |dense_lay_64_32_sbbk  |        0|  14|   7|    0|    32|   14|     1|          448|
    |w2_V_44_U  |dense_lay_64_32_sbck  |        0|  11|   6|    0|    32|   11|     1|          352|
    |w2_V_43_U  |dense_lay_64_32_sbdk  |        0|  12|   6|    0|    32|   12|     1|          384|
    |w2_V_42_U  |dense_lay_64_32_sbek  |        0|  12|   6|    0|    32|   12|     1|          384|
    |w2_V_41_U  |dense_lay_64_32_sbfk  |        0|  12|   6|    0|    32|   12|     1|          384|
    |w2_V_40_U  |dense_lay_64_32_sbgk  |        0|  11|   6|    0|    32|   11|     1|          352|
    |w2_V_39_U  |dense_lay_64_32_sbhl  |        0|  11|   6|    0|    32|   11|     1|          352|
    |w2_V_38_U  |dense_lay_64_32_sbil  |        0|  13|   7|    0|    32|   13|     1|          416|
    |w2_V_37_U  |dense_lay_64_32_sbjl  |        0|  13|   7|    0|    32|   13|     1|          416|
    |w2_V_36_U  |dense_lay_64_32_sbkl  |        0|  11|   6|    0|    32|   11|     1|          352|
    |w2_V_35_U  |dense_lay_64_32_sbll  |        0|  14|   7|    0|    32|   14|     1|          448|
    |w2_V_34_U  |dense_lay_64_32_sbml  |        0|  12|   6|    0|    32|   12|     1|          384|
    |w2_V_33_U  |dense_lay_64_32_sbnm  |        0|  13|   7|    0|    32|   13|     1|          416|
    |w2_V_32_U  |dense_lay_64_32_sbom  |        0|  14|   7|    0|    32|   14|     1|          448|
    |b2_V_U     |dense_lay_64_32_smb6  |        0|  15|   8|    0|    32|   15|     1|          480|
    |w2_V_0_U   |dense_lay_64_32_sncg  |        0|  11|   6|    0|    32|   11|     1|          352|
    |w2_V_1_U   |dense_lay_64_32_socq  |        0|  12|   6|    0|    32|   12|     1|          384|
    |w2_V_2_U   |dense_lay_64_32_spcA  |        0|  13|   7|    0|    32|   13|     1|          416|
    |w2_V_3_U   |dense_lay_64_32_sqcK  |        0|   9|   5|    0|    32|    9|     1|          288|
    |w2_V_4_U   |dense_lay_64_32_srcU  |        0|   9|   5|    0|    32|    9|     1|          288|
    |w2_V_5_U   |dense_lay_64_32_ssc4  |        0|  11|   6|    0|    32|   11|     1|          352|
    |w2_V_6_U   |dense_lay_64_32_stde  |        0|  13|   7|    0|    32|   13|     1|          416|
    |w2_V_7_U   |dense_lay_64_32_sudo  |        0|  13|   7|    0|    32|   13|     1|          416|
    |w2_V_8_U   |dense_lay_64_32_svdy  |        0|  12|   6|    0|    32|   12|     1|          384|
    |w2_V_9_U   |dense_lay_64_32_swdI  |        0|  12|   6|    0|    32|   12|     1|          384|
    |w2_V_10_U  |dense_lay_64_32_sxdS  |        0|  10|   5|    0|    32|   10|     1|          320|
    |w2_V_11_U  |dense_lay_64_32_syd2  |        0|  10|   5|    0|    32|   10|     1|          320|
    |w2_V_12_U  |dense_lay_64_32_szec  |        0|  13|   7|    0|    32|   13|     1|          416|
    +-----------+----------------------+---------+----+----+-----+------+-----+------+-------------+
    |Total      |                      |        0| 750| 395|    0|  2080|  750|    65|        24000|
    +-----------+----------------------+---------+----+----+-----+------+-----+------+-------------+

    * FIFO: 
    N/A

    * Expression: 
    +-----------------------------+----------+-------+---+----+------------+------------+
    |        Variable Name        | Operation| DSP48E| FF| LUT| Bitwidth P0| Bitwidth P1|
    +-----------------------------+----------+-------+---+----+------------+------------+
    |mul_ln1192_15_fu_4593_p2     |     *    |      2|  0|  40|          27|          13|
    |mul_ln1192_16_fu_4605_p2     |     *    |      2|  0|  40|          27|          13|
    |mul_ln1192_17_fu_4617_p2     |     *    |      2|  0|  40|          27|          14|
    |mul_ln1192_18_fu_4629_p2     |     *    |      2|  0|  40|          27|          11|
    |mul_ln1192_19_fu_4641_p2     |     *    |      2|  0|  40|          27|          13|
    |mul_ln1192_20_fu_4653_p2     |     *    |      2|  0|  40|          27|          13|
    |mul_ln1192_21_fu_4665_p2     |     *    |      2|  0|  40|          27|          13|
    |mul_ln1192_22_fu_4677_p2     |     *    |      2|  0|  40|          27|          12|
    |mul_ln1192_23_fu_4689_p2     |     *    |      2|  0|  40|          27|          12|
    |mul_ln1192_24_fu_4701_p2     |     *    |      2|  0|  40|          27|          12|
    |mul_ln1192_25_fu_4713_p2     |     *    |      2|  0|  40|          27|          12|
    |mul_ln1192_26_fu_4725_p2     |     *    |      2|  0|  40|          27|          13|
    |mul_ln1192_27_fu_4737_p2     |     *    |      2|  0|  40|          27|          14|
    |mul_ln1192_28_fu_4749_p2     |     *    |      2|  0|  40|          27|          15|
    |mul_ln1192_29_fu_4761_p2     |     *    |      2|  0|  40|          27|          11|
    |mul_ln1192_30_fu_4773_p2     |     *    |      2|  0|  40|          27|          12|
    |mul_ln1192_31_fu_4785_p2     |     *    |      2|  0|  40|          27|          12|
    |mul_ln1192_32_fu_4797_p2     |     *    |      2|  0|  40|          27|          14|
    |mul_ln1192_33_fu_4809_p2     |     *    |      2|  0|  40|          27|          11|
    |mul_ln1192_34_fu_4821_p2     |     *    |      2|  0|  40|          27|          12|
    |mul_ln1192_35_fu_4833_p2     |     *    |      2|  0|  40|          27|          13|
    |mul_ln1192_36_fu_4845_p2     |     *    |      2|  0|  40|          27|          11|
    |mul_ln1192_37_fu_4857_p2     |     *    |      2|  0|  40|          27|          13|
    |mul_ln1192_38_fu_4869_p2     |     *    |      2|  0|  40|          27|          12|
    |mul_ln1192_39_fu_4881_p2     |     *    |      2|  0|  40|          27|          13|
    |mul_ln1192_40_fu_4893_p2     |     *    |      2|  0|  40|          27|          11|
    |mul_ln1192_41_fu_4905_p2     |     *    |      2|  0|  40|          27|          13|
    |mul_ln1192_42_fu_4917_p2     |     *    |      2|  0|  40|          27|          12|
    |mul_ln1192_43_fu_4929_p2     |     *    |      2|  0|  40|          27|          12|
    |mul_ln1192_44_fu_4941_p2     |     *    |      2|  0|  40|          27|          12|
    |mul_ln1192_45_fu_4953_p2     |     *    |      2|  0|  40|          11|          27|
    |mul_ln1192_fu_4581_p2        |     *    |      2|  0|  40|          27|          14|
    |add_ln1192_24_fu_4990_p2     |     +    |      0|  0|  44|          37|          37|
    |add_ln1192_25_fu_5013_p2     |     +    |      0|  0|  44|          37|          37|
    |add_ln1192_26_fu_5035_p2     |     +    |      0|  0|  44|          37|          37|
    |add_ln1192_27_fu_5058_p2     |     +    |      0|  0|  44|          37|          37|
    |add_ln1192_28_fu_5081_p2     |     +    |      0|  0|  44|          37|          37|
    |add_ln1192_29_fu_5103_p2     |     +    |      0|  0|  44|          37|          37|
    |add_ln1192_30_fu_5126_p2     |     +    |      0|  0|  44|          37|          37|
    |add_ln1192_31_fu_5149_p2     |     +    |      0|  0|  44|          37|          37|
    |add_ln1192_32_fu_5171_p2     |     +    |      0|  0|  44|          37|          37|
    |add_ln1192_33_fu_5194_p2     |     +    |      0|  0|  44|          37|          37|
    |add_ln1192_34_fu_5217_p2     |     +    |      0|  0|  44|          37|          37|
    |add_ln1192_35_fu_5239_p2     |     +    |      0|  0|  44|          37|          37|
    |add_ln1192_36_fu_5262_p2     |     +    |      0|  0|  44|          37|          37|
    |add_ln1192_37_fu_5285_p2     |     +    |      0|  0|  44|          37|          37|
    |add_ln1192_38_fu_5307_p2     |     +    |      0|  0|  44|          37|          37|
    |add_ln1192_39_fu_5330_p2     |     +    |      0|  0|  44|          37|          37|
    |add_ln1192_40_fu_5353_p2     |     +    |      0|  0|  44|          37|          37|
    |add_ln1192_41_fu_5375_p2     |     +    |      0|  0|  44|          37|          37|
    |add_ln1192_42_fu_5398_p2     |     +    |      0|  0|  44|          37|          37|
    |add_ln1192_43_fu_5421_p2     |     +    |      0|  0|  44|          37|          37|
    |add_ln1192_44_fu_5443_p2     |     +    |      0|  0|  44|          37|          37|
    |add_ln1192_45_fu_5466_p2     |     +    |      0|  0|  44|          37|          37|
    |add_ln1192_46_fu_5489_p2     |     +    |      0|  0|  44|          37|          37|
    |add_ln1192_47_fu_5511_p2     |     +    |      0|  0|  44|          37|          37|
    |add_ln1192_48_fu_5534_p2     |     +    |      0|  0|  44|          37|          37|
    |add_ln1192_49_fu_5557_p2     |     +    |      0|  0|  44|          37|          37|
    |add_ln1192_50_fu_5579_p2     |     +    |      0|  0|  44|          37|          37|
    |add_ln1192_51_fu_5602_p2     |     +    |      0|  0|  44|          37|          37|
    |add_ln1192_52_fu_5625_p2     |     +    |      0|  0|  44|          37|          37|
    |add_ln1192_53_fu_5647_p2     |     +    |      0|  0|  44|          37|          37|
    |add_ln1192_54_fu_5670_p2     |     +    |      0|  0|  44|          37|          37|
    |add_ln1192_fu_4967_p2        |     +    |      0|  0|  44|          37|          37|
    |add_ln22_fu_4565_p2          |     +    |      0|  0|  15|           6|           7|
    |i_fu_2998_p2                 |     +    |      0|  0|  15|           6|           1|
    |icmp_ln1116_10_fu_4043_p2    |   icmp   |      0|  0|  11|           6|           4|
    |icmp_ln1116_11_fu_4067_p2    |   icmp   |      0|  0|  11|           6|           4|
    |icmp_ln1116_12_fu_4091_p2    |   icmp   |      0|  0|  11|           6|           4|
    |icmp_ln1116_13_fu_4115_p2    |   icmp   |      0|  0|  11|           6|           4|
    |icmp_ln1116_14_fu_4139_p2    |   icmp   |      0|  0|  11|           6|           4|
    |icmp_ln1116_15_fu_4163_p2    |   icmp   |      0|  0|  11|           6|           4|
    |icmp_ln1116_16_fu_4187_p2    |   icmp   |      0|  0|  11|           6|           5|
    |icmp_ln1116_17_fu_4211_p2    |   icmp   |      0|  0|  11|           6|           5|
    |icmp_ln1116_18_fu_4235_p2    |   icmp   |      0|  0|  11|           6|           5|
    |icmp_ln1116_19_fu_4259_p2    |   icmp   |      0|  0|  11|           6|           5|
    |icmp_ln1116_1_fu_3827_p2     |   icmp   |      0|  0|  11|           6|           1|
    |icmp_ln1116_20_fu_4283_p2    |   icmp   |      0|  0|  11|           6|           5|
    |icmp_ln1116_21_fu_4307_p2    |   icmp   |      0|  0|  11|           6|           5|
    |icmp_ln1116_22_fu_4331_p2    |   icmp   |      0|  0|  11|           6|           5|
    |icmp_ln1116_23_fu_4355_p2    |   icmp   |      0|  0|  11|           6|           5|
    |icmp_ln1116_24_fu_4379_p2    |   icmp   |      0|  0|  11|           6|           5|
    |icmp_ln1116_25_fu_4403_p2    |   icmp   |      0|  0|  11|           6|           5|
    |icmp_ln1116_26_fu_4427_p2    |   icmp   |      0|  0|  11|           6|           5|
    |icmp_ln1116_27_fu_4451_p2    |   icmp   |      0|  0|  11|           6|           5|
    |icmp_ln1116_28_fu_4475_p2    |   icmp   |      0|  0|  11|           6|           5|
    |icmp_ln1116_29_fu_4499_p2    |   icmp   |      0|  0|  11|           6|           5|
    |icmp_ln1116_2_fu_3851_p2     |   icmp   |      0|  0|  11|           6|           2|
    |icmp_ln1116_30_fu_4523_p2    |   icmp   |      0|  0|  11|           6|           5|
    |icmp_ln1116_31_fu_4547_p2    |   icmp   |      0|  0|  11|           6|           5|
    |icmp_ln1116_3_fu_3875_p2     |   icmp   |      0|  0|  11|           6|           2|
    |icmp_ln1116_4_fu_3899_p2     |   icmp   |      0|  0|  11|           6|           3|
    |icmp_ln1116_5_fu_3923_p2     |   icmp   |      0|  0|  11|           6|           3|
    |icmp_ln1116_6_fu_3947_p2     |   icmp   |      0|  0|  11|           6|           3|
    |icmp_ln1116_7_fu_3971_p2     |   icmp   |      0|  0|  11|           6|           3|
    |icmp_ln1116_8_fu_3995_p2     |   icmp   |      0|  0|  11|           6|           4|
    |icmp_ln1116_9_fu_4019_p2     |   icmp   |      0|  0|  11|           6|           4|
    |icmp_ln1116_fu_3803_p2       |   icmp   |      0|  0|  11|           6|           1|
    |icmp_ln19_fu_2992_p2         |   icmp   |      0|  0|  11|           6|           7|
    |icmp_ln22_fu_3793_p2         |   icmp   |      0|  0|  11|           7|           8|
    |or_ln1116_10_fu_4061_p2      |    or    |      0|  0|   6|           6|           4|
    |or_ln1116_11_fu_4085_p2      |    or    |      0|  0|   6|           6|           4|
    |or_ln1116_12_fu_4109_p2      |    or    |      0|  0|   6|           6|           4|
    |or_ln1116_13_fu_4133_p2      |    or    |      0|  0|   6|           6|           4|
    |or_ln1116_14_fu_4157_p2      |    or    |      0|  0|   6|           6|           4|
    |or_ln1116_15_fu_4181_p2      |    or    |      0|  0|   6|           6|           5|
    |or_ln1116_16_fu_4205_p2      |    or    |      0|  0|   6|           6|           5|
    |or_ln1116_17_fu_4229_p2      |    or    |      0|  0|   6|           6|           5|
    |or_ln1116_18_fu_4253_p2      |    or    |      0|  0|   6|           6|           5|
    |or_ln1116_19_fu_4277_p2      |    or    |      0|  0|   6|           6|           5|
    |or_ln1116_1_fu_3845_p2       |    or    |      0|  0|   6|           6|           2|
    |or_ln1116_20_fu_4301_p2      |    or    |      0|  0|   6|           6|           5|
    |or_ln1116_21_fu_4325_p2      |    or    |      0|  0|   6|           6|           5|
    |or_ln1116_22_fu_4349_p2      |    or    |      0|  0|   6|           6|           5|
    |or_ln1116_23_fu_4373_p2      |    or    |      0|  0|   6|           6|           5|
    |or_ln1116_24_fu_4397_p2      |    or    |      0|  0|   6|           6|           5|
    |or_ln1116_25_fu_4421_p2      |    or    |      0|  0|   6|           6|           5|
    |or_ln1116_26_fu_4445_p2      |    or    |      0|  0|   6|           6|           5|
    |or_ln1116_27_fu_4469_p2      |    or    |      0|  0|   6|           6|           5|
    |or_ln1116_28_fu_4493_p2      |    or    |      0|  0|   6|           6|           5|
    |or_ln1116_29_fu_4517_p2      |    or    |      0|  0|   6|           6|           5|
    |or_ln1116_2_fu_3869_p2       |    or    |      0|  0|   6|           6|           2|
    |or_ln1116_30_fu_4541_p2      |    or    |      0|  0|   6|           6|           5|
    |or_ln1116_3_fu_3893_p2       |    or    |      0|  0|   6|           6|           3|
    |or_ln1116_4_fu_3917_p2       |    or    |      0|  0|   6|           6|           3|
    |or_ln1116_5_fu_3941_p2       |    or    |      0|  0|   6|           6|           3|
    |or_ln1116_6_fu_3965_p2       |    or    |      0|  0|   6|           6|           3|
    |or_ln1116_7_fu_3989_p2       |    or    |      0|  0|   6|           6|           4|
    |or_ln1116_8_fu_4013_p2       |    or    |      0|  0|   6|           6|           4|
    |or_ln1116_9_fu_4037_p2       |    or    |      0|  0|   6|           6|           4|
    |or_ln1116_fu_3821_p2         |    or    |      0|  0|   6|           6|           1|
    |p_Val2_s_fu_5754_p3          |  select  |      0|  0|  27|           1|          27|
    |select_ln1116_10_fu_4049_p3  |  select  |      0|  0|  27|           1|          27|
    |select_ln1116_11_fu_4073_p3  |  select  |      0|  0|  27|           1|          27|
    |select_ln1116_12_fu_4097_p3  |  select  |      0|  0|  27|           1|          27|
    |select_ln1116_13_fu_4121_p3  |  select  |      0|  0|  27|           1|          27|
    |select_ln1116_14_fu_4145_p3  |  select  |      0|  0|  27|           1|          27|
    |select_ln1116_15_fu_4169_p3  |  select  |      0|  0|  27|           1|          27|
    |select_ln1116_16_fu_4193_p3  |  select  |      0|  0|  27|           1|          27|
    |select_ln1116_17_fu_4217_p3  |  select  |      0|  0|  27|           1|          27|
    |select_ln1116_18_fu_4241_p3  |  select  |      0|  0|  27|           1|          27|
    |select_ln1116_19_fu_4265_p3  |  select  |      0|  0|  27|           1|          27|
    |select_ln1116_1_fu_3833_p3   |  select  |      0|  0|  27|           1|          27|
    |select_ln1116_20_fu_4289_p3  |  select  |      0|  0|  27|           1|          27|
    |select_ln1116_21_fu_4313_p3  |  select  |      0|  0|  27|           1|          27|
    |select_ln1116_22_fu_4337_p3  |  select  |      0|  0|  27|           1|          27|
    |select_ln1116_23_fu_4361_p3  |  select  |      0|  0|  27|           1|          27|
    |select_ln1116_24_fu_4385_p3  |  select  |      0|  0|  27|           1|          27|
    |select_ln1116_25_fu_4409_p3  |  select  |      0|  0|  27|           1|          27|
    |select_ln1116_26_fu_4433_p3  |  select  |      0|  0|  27|           1|          27|
    |select_ln1116_27_fu_4457_p3  |  select  |      0|  0|  27|           1|          27|
    |select_ln1116_28_fu_4481_p3  |  select  |      0|  0|  27|           1|          27|
    |select_ln1116_29_fu_4505_p3  |  select  |      0|  0|  27|           1|          27|
    |select_ln1116_2_fu_3857_p3   |  select  |      0|  0|  27|           1|          27|
    |select_ln1116_30_fu_4529_p3  |  select  |      0|  0|  27|           1|          27|
    |select_ln1116_31_fu_4553_p3  |  select  |      0|  0|  27|           1|          27|
    |select_ln1116_3_fu_3881_p3   |  select  |      0|  0|  27|           1|          27|
    |select_ln1116_4_fu_3905_p3   |  select  |      0|  0|  27|           1|          27|
    |select_ln1116_5_fu_3929_p3   |  select  |      0|  0|  27|           1|          27|
    |select_ln1116_6_fu_3953_p3   |  select  |      0|  0|  27|           1|          27|
    |select_ln1116_7_fu_3977_p3   |  select  |      0|  0|  27|           1|          27|
    |select_ln1116_8_fu_4001_p3   |  select  |      0|  0|  27|           1|          27|
    |select_ln1116_9_fu_4025_p3   |  select  |      0|  0|  27|           1|          27|
    |select_ln1116_fu_3809_p3     |  select  |      0|  0|  27|           1|          27|
    |select_ln1117_10_fu_4055_p3  |  select  |      0|  0|  12|           1|          12|
    |select_ln1117_11_fu_4079_p3  |  select  |      0|  0|  12|           1|          12|
    |select_ln1117_12_fu_4103_p3  |  select  |      0|  0|  13|           1|          13|
    |select_ln1117_13_fu_4127_p3  |  select  |      0|  0|  14|           1|          14|
    |select_ln1117_14_fu_4151_p3  |  select  |      0|  0|  15|           1|          15|
    |select_ln1117_15_fu_4175_p3  |  select  |      0|  0|  11|           1|          11|
    |select_ln1117_16_fu_4199_p3  |  select  |      0|  0|  12|           1|          12|
    |select_ln1117_17_fu_4223_p3  |  select  |      0|  0|  12|           1|          12|
    |select_ln1117_18_fu_4247_p3  |  select  |      0|  0|  14|           1|          14|
    |select_ln1117_19_fu_4271_p3  |  select  |      0|  0|  11|           1|          11|
    |select_ln1117_1_fu_3839_p3   |  select  |      0|  0|  13|           1|          13|
    |select_ln1117_20_fu_4295_p3  |  select  |      0|  0|  12|           1|          12|
    |select_ln1117_21_fu_4319_p3  |  select  |      0|  0|  13|           1|          13|
    |select_ln1117_22_fu_4343_p3  |  select  |      0|  0|  11|           1|          11|
    |select_ln1117_23_fu_4367_p3  |  select  |      0|  0|  13|           1|          13|
    |select_ln1117_24_fu_4391_p3  |  select  |      0|  0|  12|           1|          12|
    |select_ln1117_25_fu_4415_p3  |  select  |      0|  0|  13|           1|          13|
    |select_ln1117_26_fu_4439_p3  |  select  |      0|  0|  11|           1|          11|
    |select_ln1117_27_fu_4463_p3  |  select  |      0|  0|  13|           1|          13|
    |select_ln1117_28_fu_4487_p3  |  select  |      0|  0|  12|           1|          12|
    |select_ln1117_29_fu_4511_p3  |  select  |      0|  0|  12|           1|          12|
    |select_ln1117_2_fu_3863_p3   |  select  |      0|  0|  13|           1|          13|
    |select_ln1117_30_fu_4535_p3  |  select  |      0|  0|  12|           1|          12|
    |select_ln1117_31_fu_4559_p3  |  select  |      0|  0|  11|           1|          11|
    |select_ln1117_3_fu_3887_p3   |  select  |      0|  0|  14|           1|          14|
    |select_ln1117_4_fu_3911_p3   |  select  |      0|  0|  11|           1|          11|
    |select_ln1117_5_fu_3935_p3   |  select  |      0|  0|  13|           1|          13|
    |select_ln1117_6_fu_3959_p3   |  select  |      0|  0|  13|           1|          13|
    |select_ln1117_7_fu_3983_p3   |  select  |      0|  0|  13|           1|          13|
    |select_ln1117_8_fu_4007_p3   |  select  |      0|  0|  12|           1|          12|
    |select_ln1117_9_fu_4031_p3   |  select  |      0|  0|  12|           1|          12|
    |select_ln1117_fu_3815_p3     |  select  |      0|  0|  14|           1|          14|
    |select_ln28_64_fu_3272_p3    |  select  |      0|  0|  27|           1|          27|
    |select_ln28_65_fu_3279_p3    |  select  |      0|  0|  27|           1|          27|
    |select_ln28_66_fu_3286_p3    |  select  |      0|  0|  27|           1|          27|
    |select_ln28_67_fu_3293_p3    |  select  |      0|  0|  27|           1|          27|
    |select_ln28_68_fu_3300_p3    |  select  |      0|  0|  27|           1|          27|
    |select_ln28_69_fu_3307_p3    |  select  |      0|  0|  27|           1|          27|
    |select_ln28_70_fu_3314_p3    |  select  |      0|  0|  27|           1|          27|
    |select_ln28_71_fu_3321_p3    |  select  |      0|  0|  27|           1|          27|
    |select_ln28_72_fu_3328_p3    |  select  |      0|  0|  27|           1|          27|
    |select_ln28_73_fu_3335_p3    |  select  |      0|  0|  27|           1|          27|
    |select_ln28_74_fu_3342_p3    |  select  |      0|  0|  27|           1|          27|
    |select_ln28_75_fu_3349_p3    |  select  |      0|  0|  27|           1|          27|
    |select_ln28_76_fu_3356_p3    |  select  |      0|  0|  27|           1|          27|
    |select_ln28_77_fu_3363_p3    |  select  |      0|  0|  27|           1|          27|
    |select_ln28_78_fu_3370_p3    |  select  |      0|  0|  27|           1|          27|
    |select_ln28_79_fu_3377_p3    |  select  |      0|  0|  27|           1|          27|
    |select_ln28_80_fu_3384_p3    |  select  |      0|  0|  27|           1|          27|
    |select_ln28_81_fu_3391_p3    |  select  |      0|  0|  27|           1|          27|
    |select_ln28_82_fu_3398_p3    |  select  |      0|  0|  27|           1|          27|
    |select_ln28_83_fu_3405_p3    |  select  |      0|  0|  27|           1|          27|
    |select_ln28_84_fu_3412_p3    |  select  |      0|  0|  27|           1|          27|
    |select_ln28_85_fu_3419_p3    |  select  |      0|  0|  27|           1|          27|
    |select_ln28_86_fu_3426_p3    |  select  |      0|  0|  27|           1|          27|
    |select_ln28_87_fu_3433_p3    |  select  |      0|  0|  27|           1|          27|
    |select_ln28_88_fu_3440_p3    |  select  |      0|  0|  27|           1|          27|
    |select_ln28_89_fu_3447_p3    |  select  |      0|  0|  27|           1|          27|
    |select_ln28_90_fu_3454_p3    |  select  |      0|  0|  27|           1|          27|
    |select_ln28_91_fu_3461_p3    |  select  |      0|  0|  27|           1|          27|
    |select_ln28_92_fu_3468_p3    |  select  |      0|  0|  27|           1|          27|
    |select_ln28_93_fu_3475_p3    |  select  |      0|  0|  27|           1|          27|
    |select_ln28_94_fu_3482_p3    |  select  |      0|  0|  27|           1|          27|
    |select_ln28_fu_3265_p3       |  select  |      0|  0|  27|           1|          27|
    +-----------------------------+----------+-------+---+----+------------+------------+
    |Total                        |          |     64|  0|5432|        2532|        4035|
    +-----------------------------+----------+-------+---+----+------------+------------+

    * Multiplexer: 
    +----------------------+----+-----------+-----+-----------+
    |         Name         | LUT| Input Size| Bits| Total Bits|
    +----------------------+----+-----------+-----+-----------+
    |ap_NS_fsm             |  93|         19|    1|         19|
    |i_0_reg_2635          |   9|          2|    6|         12|
    |j_0_0_reg_2657        |   9|          2|    7|         14|
    |p_Val2_11_0_reg_2647  |   9|          2|   27|         54|
    +----------------------+----+-----------+-----+-----------+
    |Total                 | 120|         25|   41|         99|
    +----------------------+----+-----------+-----+-----------+

    * Register: 
    +------------------------------+----+----+-----+-----------+
    |             Name             | FF | LUT| Bits| Const Bits|
    +------------------------------+----+----+-----+-----------+
    |add_ln22_reg_8119             |   7|   0|    7|          0|
    |ap_CS_fsm                     |  18|   0|   18|          0|
    |i_0_reg_2635                  |   6|   0|    6|          0|
    |i_reg_7141                    |   6|   0|    6|          0|
    |j_0_0_reg_2657                |   7|   0|    7|          0|
    |mask158_addr_reg_6983         |   7|   0|    7|          0|
    |mask159_addr_reg_6988         |   7|   0|    7|          0|
    |mask160_addr_reg_6993         |   7|   0|    7|          0|
    |mask161_addr_reg_6998         |   7|   0|    7|          0|
    |mask162_addr_reg_7003         |   7|   0|    7|          0|
    |mask163_addr_reg_7008         |   7|   0|    7|          0|
    |mask164_addr_reg_7013         |   7|   0|    7|          0|
    |mask165_addr_reg_7018         |   7|   0|    7|          0|
    |mask166_addr_reg_7023         |   7|   0|    7|          0|
    |mask167_addr_reg_7028         |   7|   0|    7|          0|
    |mask168_addr_reg_7033         |   7|   0|    7|          0|
    |mask169_addr_reg_7038         |   7|   0|    7|          0|
    |mask170_addr_reg_7043         |   7|   0|    7|          0|
    |mask171_addr_reg_7048         |   7|   0|    7|          0|
    |mask172_addr_reg_7053         |   7|   0|    7|          0|
    |mask173_addr_reg_7058         |   7|   0|    7|          0|
    |mask174_addr_reg_7063         |   7|   0|    7|          0|
    |mask175_addr_reg_7068         |   7|   0|    7|          0|
    |mask176_addr_reg_7073         |   7|   0|    7|          0|
    |mask177_addr_reg_7078         |   7|   0|    7|          0|
    |mask178_addr_reg_7083         |   7|   0|    7|          0|
    |mask179_addr_reg_7088         |   7|   0|    7|          0|
    |mask180_addr_reg_7093         |   7|   0|    7|          0|
    |mask181_addr_reg_7098         |   7|   0|    7|          0|
    |mask182_addr_reg_7103         |   7|   0|    7|          0|
    |mask183_addr_reg_7108         |   7|   0|    7|          0|
    |mask184_addr_reg_7113         |   7|   0|    7|          0|
    |mask185_addr_reg_7118         |   7|   0|    7|          0|
    |mask186_addr_reg_7123         |   7|   0|    7|          0|
    |mask187_addr_reg_7128         |   7|   0|    7|          0|
    |mask188_addr_reg_7133         |   7|   0|    7|          0|
    |mask_addr_reg_6978            |   7|   0|    7|          0|
    |mul_ln1192_15_reg_8134        |  37|   0|   37|          0|
    |mul_ln1192_16_reg_8139        |  37|   0|   37|          0|
    |mul_ln1192_17_reg_8144        |  37|   0|   37|          0|
    |mul_ln1192_18_reg_8149        |  37|   0|   37|          0|
    |mul_ln1192_19_reg_8154        |  37|   0|   37|          0|
    |mul_ln1192_20_reg_8159        |  37|   0|   37|          0|
    |mul_ln1192_21_reg_8164        |  37|   0|   37|          0|
    |mul_ln1192_22_reg_8169        |  37|   0|   37|          0|
    |mul_ln1192_23_reg_8174        |  37|   0|   37|          0|
    |mul_ln1192_24_reg_8179        |  37|   0|   37|          0|
    |mul_ln1192_25_reg_8184        |  37|   0|   37|          0|
    |mul_ln1192_26_reg_8189        |  37|   0|   37|          0|
    |mul_ln1192_27_reg_8194        |  37|   0|   37|          0|
    |mul_ln1192_28_reg_8199        |  37|   0|   37|          0|
    |mul_ln1192_29_reg_8204        |  37|   0|   37|          0|
    |mul_ln1192_30_reg_8209        |  37|   0|   37|          0|
    |mul_ln1192_31_reg_8214        |  37|   0|   37|          0|
    |mul_ln1192_32_reg_8219        |  37|   0|   37|          0|
    |mul_ln1192_33_reg_8224        |  37|   0|   37|          0|
    |mul_ln1192_34_reg_8229        |  37|   0|   37|          0|
    |mul_ln1192_35_reg_8234        |  37|   0|   37|          0|
    |mul_ln1192_36_reg_8239        |  37|   0|   37|          0|
    |mul_ln1192_37_reg_8244        |  37|   0|   37|          0|
    |mul_ln1192_38_reg_8249        |  37|   0|   37|          0|
    |mul_ln1192_39_reg_8254        |  37|   0|   37|          0|
    |mul_ln1192_40_reg_8259        |  37|   0|   37|          0|
    |mul_ln1192_41_reg_8264        |  37|   0|   37|          0|
    |mul_ln1192_42_reg_8269        |  37|   0|   37|          0|
    |mul_ln1192_43_reg_8274        |  37|   0|   37|          0|
    |mul_ln1192_44_reg_8279        |  37|   0|   37|          0|
    |mul_ln1192_45_reg_8284        |  37|   0|   37|          0|
    |mul_ln1192_reg_8129           |  37|   0|   37|          0|
    |output_0_V_read_cas_reg_6973  |  26|   0|   27|          1|
    |output_10_V_read_ca_reg_6923  |  26|   0|   27|          1|
    |output_11_V_read_ca_reg_6918  |  26|   0|   27|          1|
    |output_12_V_read_ca_reg_6913  |  26|   0|   27|          1|
    |output_13_V_read_ca_reg_6908  |  26|   0|   27|          1|
    |output_14_V_read_ca_reg_6903  |  26|   0|   27|          1|
    |output_15_V_read_ca_reg_6898  |  26|   0|   27|          1|
    |output_16_V_read_ca_reg_6893  |  26|   0|   27|          1|
    |output_17_V_read_ca_reg_6888  |  26|   0|   27|          1|
    |output_18_V_read_ca_reg_6883  |  26|   0|   27|          1|
    |output_19_V_read_ca_reg_6878  |  26|   0|   27|          1|
    |output_1_V_read_cas_reg_6968  |  26|   0|   27|          1|
    |output_20_V_read_ca_reg_6873  |  26|   0|   27|          1|
    |output_21_V_read_ca_reg_6868  |  26|   0|   27|          1|
    |output_22_V_read_ca_reg_6863  |  26|   0|   27|          1|
    |output_23_V_read_ca_reg_6858  |  26|   0|   27|          1|
    |output_24_V_read_ca_reg_6853  |  26|   0|   27|          1|
    |output_25_V_read_ca_reg_6848  |  26|   0|   27|          1|
    |output_26_V_read_ca_reg_6843  |  26|   0|   27|          1|
    |output_27_V_read_ca_reg_6838  |  26|   0|   27|          1|
    |output_28_V_read_ca_reg_6833  |  26|   0|   27|          1|
    |output_29_V_read_ca_reg_6828  |  26|   0|   27|          1|
    |output_2_V_read_cas_reg_6963  |  26|   0|   27|          1|
    |output_30_V_read_ca_reg_6823  |  26|   0|   27|          1|
    |output_31_V_read_ca_reg_6818  |  26|   0|   27|          1|
    |output_3_V_read_cas_reg_6958  |  26|   0|   27|          1|
    |output_4_V_read_cas_reg_6953  |  26|   0|   27|          1|
    |output_5_V_read_cas_reg_6948  |  26|   0|   27|          1|
    |output_6_V_read_cas_reg_6943  |  26|   0|   27|          1|
    |output_7_V_read_cas_reg_6938  |  26|   0|   27|          1|
    |output_8_V_read_cas_reg_6933  |  26|   0|   27|          1|
    |output_9_V_read_cas_reg_6928  |  26|   0|   27|          1|
    |p_Val2_100_fu_800             |  27|   0|   27|          0|
    |p_Val2_101_fu_808             |  27|   0|   27|          0|
    |p_Val2_102_fu_820             |  27|   0|   27|          0|
    |p_Val2_11_0_reg_2647          |  27|   0|   27|          0|
    |p_Val2_71_fu_568              |  27|   0|   27|          0|
    |p_Val2_72_fu_580              |  27|   0|   27|          0|
    |p_Val2_73_fu_584              |  27|   0|   27|          0|
    |p_Val2_74_fu_592              |  27|   0|   27|          0|
    |p_Val2_75_fu_604              |  27|   0|   27|          0|
    |p_Val2_76_fu_608              |  27|   0|   27|          0|
    |p_Val2_77_fu_616              |  27|   0|   27|          0|
    |p_Val2_78_fu_628              |  27|   0|   27|          0|
    |p_Val2_79_fu_632              |  27|   0|   27|          0|
    |p_Val2_80_fu_640              |  27|   0|   27|          0|
    |p_Val2_81_fu_652              |  27|   0|   27|          0|
    |p_Val2_82_fu_656              |  27|   0|   27|          0|
    |p_Val2_83_fu_664              |  27|   0|   27|          0|
    |p_Val2_84_fu_676              |  27|   0|   27|          0|
    |p_Val2_85_fu_680              |  27|   0|   27|          0|
    |p_Val2_86_fu_688              |  27|   0|   27|          0|
    |p_Val2_87_fu_700              |  27|   0|   27|          0|
    |p_Val2_88_fu_704              |  27|   0|   27|          0|
    |p_Val2_89_fu_712              |  27|   0|   27|          0|
    |p_Val2_90_fu_724              |  27|   0|   27|          0|
    |p_Val2_91_fu_728              |  27|   0|   27|          0|
    |p_Val2_92_fu_736              |  27|   0|   27|          0|
    |p_Val2_93_fu_748              |  27|   0|   27|          0|
    |p_Val2_94_fu_752              |  27|   0|   27|          0|
    |p_Val2_95_fu_760              |  27|   0|   27|          0|
    |p_Val2_96_fu_772              |  27|   0|   27|          0|
    |p_Val2_97_fu_776              |  27|   0|   27|          0|
    |p_Val2_98_fu_784              |  27|   0|   27|          0|
    |p_Val2_99_fu_796              |  27|   0|   27|          0|
    |select_ln1116_10_reg_7899     |  27|   0|   27|          0|
    |select_ln1116_11_reg_7909     |  27|   0|   27|          0|
    |select_ln1116_12_reg_7919     |  27|   0|   27|          0|
    |select_ln1116_13_reg_7929     |  27|   0|   27|          0|
    |select_ln1116_14_reg_7939     |  27|   0|   27|          0|
    |select_ln1116_15_reg_7949     |  27|   0|   27|          0|
    |select_ln1116_16_reg_7959     |  27|   0|   27|          0|
    |select_ln1116_17_reg_7969     |  27|   0|   27|          0|
    |select_ln1116_18_reg_7979     |  27|   0|   27|          0|
    |select_ln1116_19_reg_7989     |  27|   0|   27|          0|
    |select_ln1116_1_reg_7809      |  27|   0|   27|          0|
    |select_ln1116_20_reg_7999     |  27|   0|   27|          0|
    |select_ln1116_21_reg_8009     |  27|   0|   27|          0|
    |select_ln1116_22_reg_8019     |  27|   0|   27|          0|
    |select_ln1116_23_reg_8029     |  27|   0|   27|          0|
    |select_ln1116_24_reg_8039     |  27|   0|   27|          0|
    |select_ln1116_25_reg_8049     |  27|   0|   27|          0|
    |select_ln1116_26_reg_8059     |  27|   0|   27|          0|
    |select_ln1116_27_reg_8069     |  27|   0|   27|          0|
    |select_ln1116_28_reg_8079     |  27|   0|   27|          0|
    |select_ln1116_29_reg_8089     |  27|   0|   27|          0|
    |select_ln1116_2_reg_7819      |  27|   0|   27|          0|
    |select_ln1116_30_reg_8099     |  27|   0|   27|          0|
    |select_ln1116_31_reg_8109     |  27|   0|   27|          0|
    |select_ln1116_3_reg_7829      |  27|   0|   27|          0|
    |select_ln1116_4_reg_7839      |  27|   0|   27|          0|
    |select_ln1116_5_reg_7849      |  27|   0|   27|          0|
    |select_ln1116_6_reg_7859      |  27|   0|   27|          0|
    |select_ln1116_7_reg_7869      |  27|   0|   27|          0|
    |select_ln1116_8_reg_7879      |  27|   0|   27|          0|
    |select_ln1116_9_reg_7889      |  27|   0|   27|          0|
    |select_ln1116_reg_7799        |  27|   0|   27|          0|
    |select_ln1117_10_reg_7904     |  12|   0|   12|          0|
    |select_ln1117_11_reg_7914     |  12|   0|   12|          0|
    |select_ln1117_12_reg_7924     |  13|   0|   13|          0|
    |select_ln1117_13_reg_7934     |  14|   0|   14|          0|
    |select_ln1117_14_reg_7944     |  15|   0|   15|          0|
    |select_ln1117_15_reg_7954     |  11|   0|   11|          0|
    |select_ln1117_16_reg_7964     |  12|   0|   12|          0|
    |select_ln1117_17_reg_7974     |  12|   0|   12|          0|
    |select_ln1117_18_reg_7984     |  14|   0|   14|          0|
    |select_ln1117_19_reg_7994     |  11|   0|   11|          0|
    |select_ln1117_1_reg_7814      |  13|   0|   13|          0|
    |select_ln1117_20_reg_8004     |  12|   0|   12|          0|
    |select_ln1117_21_reg_8014     |  13|   0|   13|          0|
    |select_ln1117_22_reg_8024     |  11|   0|   11|          0|
    |select_ln1117_23_reg_8034     |  13|   0|   13|          0|
    |select_ln1117_24_reg_8044     |  12|   0|   12|          0|
    |select_ln1117_25_reg_8054     |  13|   0|   13|          0|
    |select_ln1117_26_reg_8064     |  11|   0|   11|          0|
    |select_ln1117_27_reg_8074     |  13|   0|   13|          0|
    |select_ln1117_28_reg_8084     |  12|   0|   12|          0|
    |select_ln1117_29_reg_8094     |  12|   0|   12|          0|
    |select_ln1117_2_reg_7824      |  13|   0|   13|          0|
    |select_ln1117_30_reg_8104     |  12|   0|   12|          0|
    |select_ln1117_31_reg_8114     |  11|   0|   11|          0|
    |select_ln1117_3_reg_7834      |  14|   0|   14|          0|
    |select_ln1117_4_reg_7844      |  11|   0|   11|          0|
    |select_ln1117_5_reg_7854      |  13|   0|   13|          0|
    |select_ln1117_6_reg_7864      |  13|   0|   13|          0|
    |select_ln1117_7_reg_7874      |  13|   0|   13|          0|
    |select_ln1117_8_reg_7884      |  12|   0|   12|          0|
    |select_ln1117_9_reg_7894      |  12|   0|   12|          0|
    |select_ln1117_reg_7804        |  14|   0|   14|          0|
    |sext_ln1117_10_reg_7591       |  13|   0|   13|          0|
    |sext_ln1117_11_reg_7606       |  11|   0|   11|          0|
    |sext_ln1117_12_reg_7611       |  13|   0|   13|          0|
    |sext_ln1117_13_reg_7621       |  12|   0|   12|          0|
    |sext_ln1117_14_reg_7626       |  12|   0|   12|          0|
    |sext_ln1117_15_reg_7631       |  11|   0|   11|          0|
    |sext_ln1117_16_reg_7651       |  12|   0|   12|          0|
    |sext_ln1117_17_reg_7666       |  13|   0|   13|          0|
    |sext_ln1117_18_reg_7686       |  13|   0|   13|          0|
    |sext_ln1117_19_reg_7691       |  12|   0|   12|          0|
    |sext_ln1117_1_reg_7481        |  13|   0|   13|          0|
    |sext_ln1117_20_reg_7701       |  14|   0|   14|          0|
    |sext_ln1117_21_reg_7706       |  12|   0|   12|          0|
    |sext_ln1117_22_reg_7721       |  15|   0|   15|          0|
    |sext_ln1117_23_reg_7731       |  13|   0|   13|          0|
    |sext_ln1117_24_reg_7751       |  12|   0|   12|          0|
    |sext_ln1117_25_reg_7756       |  13|   0|   13|          0|
    |sext_ln1117_26_reg_7781       |  13|   0|   13|          0|
    |sext_ln1117_2_reg_7491        |  14|   0|   14|          0|
    |sext_ln1117_3_reg_7496        |  11|   0|   11|          0|
    |sext_ln1117_4_reg_7501        |  13|   0|   13|          0|
    |sext_ln1117_5_reg_7526        |  12|   0|   12|          0|
    |sext_ln1117_6_reg_7531        |  12|   0|   12|          0|
    |sext_ln1117_7_reg_7541        |  14|   0|   14|          0|
    |sext_ln1117_8_reg_7571        |  11|   0|   11|          0|
    |sext_ln1117_9_reg_7586        |  11|   0|   11|          0|
    |sext_ln1117_reg_7476          |  14|   0|   14|          0|
    |tmp_22_reg_8289               |  27|   0|   27|          0|
    |tmp_25_reg_8294               |  27|   0|   27|          0|
    |tmp_28_reg_8299               |  27|   0|   27|          0|
    |tmp_31_reg_8304               |  27|   0|   27|          0|
    |tmp_34_reg_8309               |  27|   0|   27|          0|
    |tmp_37_reg_8314               |  27|   0|   27|          0|
    |tmp_40_reg_8319               |  27|   0|   27|          0|
    |tmp_43_reg_8324               |  27|   0|   27|          0|
    |tmp_46_reg_8329               |  27|   0|   27|          0|
    |tmp_49_reg_8334               |  27|   0|   27|          0|
    |trunc_ln26_reg_8124           |   5|   0|    5|          0|
    |w2_V_12_load_reg_7536         |  13|   0|   13|          0|
    |w2_V_14_load_reg_7546         |  15|   0|   15|          0|
    |w2_V_15_load_reg_7551         |  11|   0|   11|          0|
    |w2_V_16_load_reg_7556         |  12|   0|   12|          0|
    |w2_V_17_load_reg_7561         |  12|   0|   12|          0|
    |w2_V_18_load_reg_7566         |  14|   0|   14|          0|
    |w2_V_20_load_reg_7576         |  12|   0|   12|          0|
    |w2_V_21_load_reg_7581         |  13|   0|   13|          0|
    |w2_V_24_load_reg_7596         |  12|   0|   12|          0|
    |w2_V_25_load_reg_7601         |  13|   0|   13|          0|
    |w2_V_28_load_reg_7616         |  12|   0|   12|          0|
    |w2_V_2_load_reg_7486          |  13|   0|   13|          0|
    |w2_V_32_load_reg_7791         |  14|   0|   14|          0|
    |w2_V_33_load_reg_7786         |  13|   0|   13|          0|
    |w2_V_35_load_reg_7776         |  14|   0|   14|          0|
    |w2_V_36_load_reg_7771         |  11|   0|   11|          0|
    |w2_V_37_load_reg_7766         |  13|   0|   13|          0|
    |w2_V_38_load_reg_7761         |  13|   0|   13|          0|
    |w2_V_41_load_reg_7746         |  12|   0|   12|          0|
    |w2_V_42_load_reg_7741         |  12|   0|   12|          0|
    |w2_V_43_load_reg_7736         |  12|   0|   12|          0|
    |w2_V_45_load_reg_7726         |  14|   0|   14|          0|
    |w2_V_47_load_reg_7716         |  11|   0|   11|          0|
    |w2_V_48_load_reg_7711         |  12|   0|   12|          0|
    |w2_V_51_load_reg_7696         |  11|   0|   11|          0|
    |w2_V_54_load_reg_7681         |  11|   0|   11|          0|
    |w2_V_55_load_reg_7676         |  13|   0|   13|          0|
    |w2_V_56_load_reg_7671         |  12|   0|   12|          0|
    |w2_V_58_load_reg_7661         |  11|   0|   11|          0|
    |w2_V_59_load_reg_7656         |  13|   0|   13|          0|
    |w2_V_61_load_reg_7646         |  12|   0|   12|          0|
    |w2_V_62_load_reg_7641         |  12|   0|   12|          0|
    |w2_V_63_load_reg_7636         |  11|   0|   11|          0|
    |w2_V_6_load_reg_7506          |  13|   0|   13|          0|
    |w2_V_7_load_reg_7511          |  13|   0|   13|          0|
    |w2_V_8_load_reg_7516          |  12|   0|   12|          0|
    |w2_V_9_load_reg_7521          |  12|   0|   12|          0|
    |write_flag101_0_fu_804        |   1|   0|    1|          0|
    |write_flag104_0_fu_792        |   1|   0|    1|          0|
    |write_flag107_0_fu_780        |   1|   0|    1|          0|
    |write_flag110_0_fu_768        |   1|   0|    1|          0|
    |write_flag113_0_fu_756        |   1|   0|    1|          0|
    |write_flag116_0_fu_744        |   1|   0|    1|          0|
    |write_flag119_0_fu_732        |   1|   0|    1|          0|
    |write_flag122_0_fu_720        |   1|   0|    1|          0|
    |write_flag125_0_fu_708        |   1|   0|    1|          0|
    |write_flag128_0_fu_696        |   1|   0|    1|          0|
    |write_flag131_0_fu_684        |   1|   0|    1|          0|
    |write_flag134_0_fu_672        |   1|   0|    1|          0|
    |write_flag137_0_fu_660        |   1|   0|    1|          0|
    |write_flag140_0_fu_648        |   1|   0|    1|          0|
    |write_flag143_0_fu_636        |   1|   0|    1|          0|
    |write_flag146_0_fu_624        |   1|   0|    1|          0|
    |write_flag149_0_fu_612        |   1|   0|    1|          0|
    |write_flag152_0_fu_600        |   1|   0|    1|          0|
    |write_flag155_0_fu_588        |   1|   0|    1|          0|
    |write_flag158_0_fu_576        |   1|   0|    1|          0|
    |write_flag67_0_fu_596         |   1|   0|    1|          0|
    |write_flag71_0_fu_620         |   1|   0|    1|          0|
    |write_flag74_0_fu_644         |   1|   0|    1|          0|
    |write_flag77_0_fu_668         |   1|   0|    1|          0|
    |write_flag80_0_fu_692         |   1|   0|    1|          0|
    |write_flag83_0_fu_716         |   1|   0|    1|          0|
    |write_flag86_0_fu_740         |   1|   0|    1|          0|
    |write_flag89_0_fu_764         |   1|   0|    1|          0|
    |write_flag92_0_fu_788         |   1|   0|    1|          0|
    |write_flag95_0_fu_812         |   1|   0|    1|          0|
    |write_flag98_0_fu_816         |   1|   0|    1|          0|
    |write_flag_0_fu_572           |   1|   0|    1|          0|
    +------------------------------+----+----+-----+-----------+
    |Total                         |5543|   0| 5575|         32|
    +------------------------------+----+----+-----+-----------+



================================================================
== Interface
================================================================
* Summary: 
+------------------+-----+-----+------------+-------------------+--------------+
|     RTL Ports    | Dir | Bits|  Protocol  |   Source Object   |    C Type    |
+------------------+-----+-----+------------+-------------------+--------------+
|ap_clk            |  in |    1| ap_ctrl_hs | dense_lay<64, 32> | return value |
|ap_rst            |  in |    1| ap_ctrl_hs | dense_lay<64, 32> | return value |
|ap_start          |  in |    1| ap_ctrl_hs | dense_lay<64, 32> | return value |
|ap_done           | out |    1| ap_ctrl_hs | dense_lay<64, 32> | return value |
|ap_idle           | out |    1| ap_ctrl_hs | dense_lay<64, 32> | return value |
|ap_ready          | out |    1| ap_ctrl_hs | dense_lay<64, 32> | return value |
|ap_return_0       | out |   27| ap_ctrl_hs | dense_lay<64, 32> | return value |
|ap_return_1       | out |   27| ap_ctrl_hs | dense_lay<64, 32> | return value |
|ap_return_2       | out |   27| ap_ctrl_hs | dense_lay<64, 32> | return value |
|ap_return_3       | out |   27| ap_ctrl_hs | dense_lay<64, 32> | return value |
|ap_return_4       | out |   27| ap_ctrl_hs | dense_lay<64, 32> | return value |
|ap_return_5       | out |   27| ap_ctrl_hs | dense_lay<64, 32> | return value |
|ap_return_6       | out |   27| ap_ctrl_hs | dense_lay<64, 32> | return value |
|ap_return_7       | out |   27| ap_ctrl_hs | dense_lay<64, 32> | return value |
|ap_return_8       | out |   27| ap_ctrl_hs | dense_lay<64, 32> | return value |
|ap_return_9       | out |   27| ap_ctrl_hs | dense_lay<64, 32> | return value |
|ap_return_10      | out |   27| ap_ctrl_hs | dense_lay<64, 32> | return value |
|ap_return_11      | out |   27| ap_ctrl_hs | dense_lay<64, 32> | return value |
|ap_return_12      | out |   27| ap_ctrl_hs | dense_lay<64, 32> | return value |
|ap_return_13      | out |   27| ap_ctrl_hs | dense_lay<64, 32> | return value |
|ap_return_14      | out |   27| ap_ctrl_hs | dense_lay<64, 32> | return value |
|ap_return_15      | out |   27| ap_ctrl_hs | dense_lay<64, 32> | return value |
|ap_return_16      | out |   27| ap_ctrl_hs | dense_lay<64, 32> | return value |
|ap_return_17      | out |   27| ap_ctrl_hs | dense_lay<64, 32> | return value |
|ap_return_18      | out |   27| ap_ctrl_hs | dense_lay<64, 32> | return value |
|ap_return_19      | out |   27| ap_ctrl_hs | dense_lay<64, 32> | return value |
|ap_return_20      | out |   27| ap_ctrl_hs | dense_lay<64, 32> | return value |
|ap_return_21      | out |   27| ap_ctrl_hs | dense_lay<64, 32> | return value |
|ap_return_22      | out |   27| ap_ctrl_hs | dense_lay<64, 32> | return value |
|ap_return_23      | out |   27| ap_ctrl_hs | dense_lay<64, 32> | return value |
|ap_return_24      | out |   27| ap_ctrl_hs | dense_lay<64, 32> | return value |
|ap_return_25      | out |   27| ap_ctrl_hs | dense_lay<64, 32> | return value |
|ap_return_26      | out |   27| ap_ctrl_hs | dense_lay<64, 32> | return value |
|ap_return_27      | out |   27| ap_ctrl_hs | dense_lay<64, 32> | return value |
|ap_return_28      | out |   27| ap_ctrl_hs | dense_lay<64, 32> | return value |
|ap_return_29      | out |   27| ap_ctrl_hs | dense_lay<64, 32> | return value |
|ap_return_30      | out |   27| ap_ctrl_hs | dense_lay<64, 32> | return value |
|ap_return_31      | out |   27| ap_ctrl_hs | dense_lay<64, 32> | return value |
|input_0_V_read    |  in |   27|   ap_none  |   input_0_V_read  |    scalar    |
|input_1_V_read    |  in |   27|   ap_none  |   input_1_V_read  |    scalar    |
|input_2_V_read    |  in |   27|   ap_none  |   input_2_V_read  |    scalar    |
|input_3_V_read    |  in |   27|   ap_none  |   input_3_V_read  |    scalar    |
|input_4_V_read    |  in |   27|   ap_none  |   input_4_V_read  |    scalar    |
|input_5_V_read    |  in |   27|   ap_none  |   input_5_V_read  |    scalar    |
|input_6_V_read    |  in |   27|   ap_none  |   input_6_V_read  |    scalar    |
|input_7_V_read    |  in |   27|   ap_none  |   input_7_V_read  |    scalar    |
|input_8_V_read    |  in |   27|   ap_none  |   input_8_V_read  |    scalar    |
|input_9_V_read    |  in |   27|   ap_none  |   input_9_V_read  |    scalar    |
|input_10_V_read   |  in |   27|   ap_none  |  input_10_V_read  |    scalar    |
|input_11_V_read   |  in |   27|   ap_none  |  input_11_V_read  |    scalar    |
|input_12_V_read   |  in |   27|   ap_none  |  input_12_V_read  |    scalar    |
|input_13_V_read   |  in |   27|   ap_none  |  input_13_V_read  |    scalar    |
|input_14_V_read   |  in |   27|   ap_none  |  input_14_V_read  |    scalar    |
|input_15_V_read   |  in |   27|   ap_none  |  input_15_V_read  |    scalar    |
|input_16_V_read   |  in |   27|   ap_none  |  input_16_V_read  |    scalar    |
|input_17_V_read   |  in |   27|   ap_none  |  input_17_V_read  |    scalar    |
|input_18_V_read   |  in |   27|   ap_none  |  input_18_V_read  |    scalar    |
|input_19_V_read   |  in |   27|   ap_none  |  input_19_V_read  |    scalar    |
|input_20_V_read   |  in |   27|   ap_none  |  input_20_V_read  |    scalar    |
|input_21_V_read   |  in |   27|   ap_none  |  input_21_V_read  |    scalar    |
|input_22_V_read   |  in |   27|   ap_none  |  input_22_V_read  |    scalar    |
|input_23_V_read   |  in |   27|   ap_none  |  input_23_V_read  |    scalar    |
|input_24_V_read   |  in |   27|   ap_none  |  input_24_V_read  |    scalar    |
|input_25_V_read   |  in |   27|   ap_none  |  input_25_V_read  |    scalar    |
|input_26_V_read   |  in |   27|   ap_none  |  input_26_V_read  |    scalar    |
|input_27_V_read   |  in |   27|   ap_none  |  input_27_V_read  |    scalar    |
|input_28_V_read   |  in |   27|   ap_none  |  input_28_V_read  |    scalar    |
|input_29_V_read   |  in |   27|   ap_none  |  input_29_V_read  |    scalar    |
|input_30_V_read   |  in |   27|   ap_none  |  input_30_V_read  |    scalar    |
|input_31_V_read   |  in |   27|   ap_none  |  input_31_V_read  |    scalar    |
|input_32_V_read   |  in |   27|   ap_none  |  input_32_V_read  |    scalar    |
|input_33_V_read   |  in |   27|   ap_none  |  input_33_V_read  |    scalar    |
|input_34_V_read   |  in |   27|   ap_none  |  input_34_V_read  |    scalar    |
|input_35_V_read   |  in |   27|   ap_none  |  input_35_V_read  |    scalar    |
|input_36_V_read   |  in |   27|   ap_none  |  input_36_V_read  |    scalar    |
|input_37_V_read   |  in |   27|   ap_none  |  input_37_V_read  |    scalar    |
|input_38_V_read   |  in |   27|   ap_none  |  input_38_V_read  |    scalar    |
|input_39_V_read   |  in |   27|   ap_none  |  input_39_V_read  |    scalar    |
|input_40_V_read   |  in |   27|   ap_none  |  input_40_V_read  |    scalar    |
|input_41_V_read   |  in |   27|   ap_none  |  input_41_V_read  |    scalar    |
|input_42_V_read   |  in |   27|   ap_none  |  input_42_V_read  |    scalar    |
|input_43_V_read   |  in |   27|   ap_none  |  input_43_V_read  |    scalar    |
|input_44_V_read   |  in |   27|   ap_none  |  input_44_V_read  |    scalar    |
|input_45_V_read   |  in |   27|   ap_none  |  input_45_V_read  |    scalar    |
|input_46_V_read   |  in |   27|   ap_none  |  input_46_V_read  |    scalar    |
|input_47_V_read   |  in |   27|   ap_none  |  input_47_V_read  |    scalar    |
|input_48_V_read   |  in |   27|   ap_none  |  input_48_V_read  |    scalar    |
|input_49_V_read   |  in |   27|   ap_none  |  input_49_V_read  |    scalar    |
|input_50_V_read   |  in |   27|   ap_none  |  input_50_V_read  |    scalar    |
|input_51_V_read   |  in |   27|   ap_none  |  input_51_V_read  |    scalar    |
|input_52_V_read   |  in |   27|   ap_none  |  input_52_V_read  |    scalar    |
|input_53_V_read   |  in |   27|   ap_none  |  input_53_V_read  |    scalar    |
|input_54_V_read   |  in |   27|   ap_none  |  input_54_V_read  |    scalar    |
|input_55_V_read   |  in |   27|   ap_none  |  input_55_V_read  |    scalar    |
|input_56_V_read   |  in |   27|   ap_none  |  input_56_V_read  |    scalar    |
|input_57_V_read   |  in |   27|   ap_none  |  input_57_V_read  |    scalar    |
|input_58_V_read   |  in |   27|   ap_none  |  input_58_V_read  |    scalar    |
|input_59_V_read   |  in |   27|   ap_none  |  input_59_V_read  |    scalar    |
|input_60_V_read   |  in |   27|   ap_none  |  input_60_V_read  |    scalar    |
|input_61_V_read   |  in |   27|   ap_none  |  input_61_V_read  |    scalar    |
|input_62_V_read   |  in |   27|   ap_none  |  input_62_V_read  |    scalar    |
|input_63_V_read   |  in |   27|   ap_none  |  input_63_V_read  |    scalar    |
|output_0_V_read   |  in |   26|   ap_none  |  output_0_V_read  |    scalar    |
|output_1_V_read   |  in |   26|   ap_none  |  output_1_V_read  |    scalar    |
|output_2_V_read   |  in |   26|   ap_none  |  output_2_V_read  |    scalar    |
|output_3_V_read   |  in |   26|   ap_none  |  output_3_V_read  |    scalar    |
|output_4_V_read   |  in |   26|   ap_none  |  output_4_V_read  |    scalar    |
|output_5_V_read   |  in |   26|   ap_none  |  output_5_V_read  |    scalar    |
|output_6_V_read   |  in |   26|   ap_none  |  output_6_V_read  |    scalar    |
|output_7_V_read   |  in |   26|   ap_none  |  output_7_V_read  |    scalar    |
|output_8_V_read   |  in |   26|   ap_none  |  output_8_V_read  |    scalar    |
|output_9_V_read   |  in |   26|   ap_none  |  output_9_V_read  |    scalar    |
|output_10_V_read  |  in |   26|   ap_none  |  output_10_V_read |    scalar    |
|output_11_V_read  |  in |   26|   ap_none  |  output_11_V_read |    scalar    |
|output_12_V_read  |  in |   26|   ap_none  |  output_12_V_read |    scalar    |
|output_13_V_read  |  in |   26|   ap_none  |  output_13_V_read |    scalar    |
|output_14_V_read  |  in |   26|   ap_none  |  output_14_V_read |    scalar    |
|output_15_V_read  |  in |   26|   ap_none  |  output_15_V_read |    scalar    |
|output_16_V_read  |  in |   26|   ap_none  |  output_16_V_read |    scalar    |
|output_17_V_read  |  in |   26|   ap_none  |  output_17_V_read |    scalar    |
|output_18_V_read  |  in |   26|   ap_none  |  output_18_V_read |    scalar    |
|output_19_V_read  |  in |   26|   ap_none  |  output_19_V_read |    scalar    |
|output_20_V_read  |  in |   26|   ap_none  |  output_20_V_read |    scalar    |
|output_21_V_read  |  in |   26|   ap_none  |  output_21_V_read |    scalar    |
|output_22_V_read  |  in |   26|   ap_none  |  output_22_V_read |    scalar    |
|output_23_V_read  |  in |   26|   ap_none  |  output_23_V_read |    scalar    |
|output_24_V_read  |  in |   26|   ap_none  |  output_24_V_read |    scalar    |
|output_25_V_read  |  in |   26|   ap_none  |  output_25_V_read |    scalar    |
|output_26_V_read  |  in |   26|   ap_none  |  output_26_V_read |    scalar    |
|output_27_V_read  |  in |   26|   ap_none  |  output_27_V_read |    scalar    |
|output_28_V_read  |  in |   26|   ap_none  |  output_28_V_read |    scalar    |
|output_29_V_read  |  in |   26|   ap_none  |  output_29_V_read |    scalar    |
|output_30_V_read  |  in |   26|   ap_none  |  output_30_V_read |    scalar    |
|output_31_V_read  |  in |   26|   ap_none  |  output_31_V_read |    scalar    |
|mask_address0     | out |    7|  ap_memory |        mask       |     array    |
|mask_ce0          | out |    1|  ap_memory |        mask       |     array    |
|mask_q0           |  in |    1|  ap_memory |        mask       |     array    |
|mask158_address0  | out |    7|  ap_memory |      mask158      |     array    |
|mask158_ce0       | out |    1|  ap_memory |      mask158      |     array    |
|mask158_q0        |  in |    1|  ap_memory |      mask158      |     array    |
|mask159_address0  | out |    7|  ap_memory |      mask159      |     array    |
|mask159_ce0       | out |    1|  ap_memory |      mask159      |     array    |
|mask159_q0        |  in |    1|  ap_memory |      mask159      |     array    |
|mask160_address0  | out |    7|  ap_memory |      mask160      |     array    |
|mask160_ce0       | out |    1|  ap_memory |      mask160      |     array    |
|mask160_q0        |  in |    1|  ap_memory |      mask160      |     array    |
|mask161_address0  | out |    7|  ap_memory |      mask161      |     array    |
|mask161_ce0       | out |    1|  ap_memory |      mask161      |     array    |
|mask161_q0        |  in |    1|  ap_memory |      mask161      |     array    |
|mask162_address0  | out |    7|  ap_memory |      mask162      |     array    |
|mask162_ce0       | out |    1|  ap_memory |      mask162      |     array    |
|mask162_q0        |  in |    1|  ap_memory |      mask162      |     array    |
|mask163_address0  | out |    7|  ap_memory |      mask163      |     array    |
|mask163_ce0       | out |    1|  ap_memory |      mask163      |     array    |
|mask163_q0        |  in |    1|  ap_memory |      mask163      |     array    |
|mask164_address0  | out |    7|  ap_memory |      mask164      |     array    |
|mask164_ce0       | out |    1|  ap_memory |      mask164      |     array    |
|mask164_q0        |  in |    1|  ap_memory |      mask164      |     array    |
|mask165_address0  | out |    7|  ap_memory |      mask165      |     array    |
|mask165_ce0       | out |    1|  ap_memory |      mask165      |     array    |
|mask165_q0        |  in |    1|  ap_memory |      mask165      |     array    |
|mask166_address0  | out |    7|  ap_memory |      mask166      |     array    |
|mask166_ce0       | out |    1|  ap_memory |      mask166      |     array    |
|mask166_q0        |  in |    1|  ap_memory |      mask166      |     array    |
|mask167_address0  | out |    7|  ap_memory |      mask167      |     array    |
|mask167_ce0       | out |    1|  ap_memory |      mask167      |     array    |
|mask167_q0        |  in |    1|  ap_memory |      mask167      |     array    |
|mask168_address0  | out |    7|  ap_memory |      mask168      |     array    |
|mask168_ce0       | out |    1|  ap_memory |      mask168      |     array    |
|mask168_q0        |  in |    1|  ap_memory |      mask168      |     array    |
|mask169_address0  | out |    7|  ap_memory |      mask169      |     array    |
|mask169_ce0       | out |    1|  ap_memory |      mask169      |     array    |
|mask169_q0        |  in |    1|  ap_memory |      mask169      |     array    |
|mask170_address0  | out |    7|  ap_memory |      mask170      |     array    |
|mask170_ce0       | out |    1|  ap_memory |      mask170      |     array    |
|mask170_q0        |  in |    1|  ap_memory |      mask170      |     array    |
|mask171_address0  | out |    7|  ap_memory |      mask171      |     array    |
|mask171_ce0       | out |    1|  ap_memory |      mask171      |     array    |
|mask171_q0        |  in |    1|  ap_memory |      mask171      |     array    |
|mask172_address0  | out |    7|  ap_memory |      mask172      |     array    |
|mask172_ce0       | out |    1|  ap_memory |      mask172      |     array    |
|mask172_q0        |  in |    1|  ap_memory |      mask172      |     array    |
|mask173_address0  | out |    7|  ap_memory |      mask173      |     array    |
|mask173_ce0       | out |    1|  ap_memory |      mask173      |     array    |
|mask173_q0        |  in |    1|  ap_memory |      mask173      |     array    |
|mask174_address0  | out |    7|  ap_memory |      mask174      |     array    |
|mask174_ce0       | out |    1|  ap_memory |      mask174      |     array    |
|mask174_q0        |  in |    1|  ap_memory |      mask174      |     array    |
|mask175_address0  | out |    7|  ap_memory |      mask175      |     array    |
|mask175_ce0       | out |    1|  ap_memory |      mask175      |     array    |
|mask175_q0        |  in |    1|  ap_memory |      mask175      |     array    |
|mask176_address0  | out |    7|  ap_memory |      mask176      |     array    |
|mask176_ce0       | out |    1|  ap_memory |      mask176      |     array    |
|mask176_q0        |  in |    1|  ap_memory |      mask176      |     array    |
|mask177_address0  | out |    7|  ap_memory |      mask177      |     array    |
|mask177_ce0       | out |    1|  ap_memory |      mask177      |     array    |
|mask177_q0        |  in |    1|  ap_memory |      mask177      |     array    |
|mask178_address0  | out |    7|  ap_memory |      mask178      |     array    |
|mask178_ce0       | out |    1|  ap_memory |      mask178      |     array    |
|mask178_q0        |  in |    1|  ap_memory |      mask178      |     array    |
|mask179_address0  | out |    7|  ap_memory |      mask179      |     array    |
|mask179_ce0       | out |    1|  ap_memory |      mask179      |     array    |
|mask179_q0        |  in |    1|  ap_memory |      mask179      |     array    |
|mask180_address0  | out |    7|  ap_memory |      mask180      |     array    |
|mask180_ce0       | out |    1|  ap_memory |      mask180      |     array    |
|mask180_q0        |  in |    1|  ap_memory |      mask180      |     array    |
|mask181_address0  | out |    7|  ap_memory |      mask181      |     array    |
|mask181_ce0       | out |    1|  ap_memory |      mask181      |     array    |
|mask181_q0        |  in |    1|  ap_memory |      mask181      |     array    |
|mask182_address0  | out |    7|  ap_memory |      mask182      |     array    |
|mask182_ce0       | out |    1|  ap_memory |      mask182      |     array    |
|mask182_q0        |  in |    1|  ap_memory |      mask182      |     array    |
|mask183_address0  | out |    7|  ap_memory |      mask183      |     array    |
|mask183_ce0       | out |    1|  ap_memory |      mask183      |     array    |
|mask183_q0        |  in |    1|  ap_memory |      mask183      |     array    |
|mask184_address0  | out |    7|  ap_memory |      mask184      |     array    |
|mask184_ce0       | out |    1|  ap_memory |      mask184      |     array    |
|mask184_q0        |  in |    1|  ap_memory |      mask184      |     array    |
|mask185_address0  | out |    7|  ap_memory |      mask185      |     array    |
|mask185_ce0       | out |    1|  ap_memory |      mask185      |     array    |
|mask185_q0        |  in |    1|  ap_memory |      mask185      |     array    |
|mask186_address0  | out |    7|  ap_memory |      mask186      |     array    |
|mask186_ce0       | out |    1|  ap_memory |      mask186      |     array    |
|mask186_q0        |  in |    1|  ap_memory |      mask186      |     array    |
|mask187_address0  | out |    7|  ap_memory |      mask187      |     array    |
|mask187_ce0       | out |    1|  ap_memory |      mask187      |     array    |
|mask187_q0        |  in |    1|  ap_memory |      mask187      |     array    |
|mask188_address0  | out |    7|  ap_memory |      mask188      |     array    |
|mask188_ce0       | out |    1|  ap_memory |      mask188      |     array    |
|mask188_q0        |  in |    1|  ap_memory |      mask188      |     array    |
|mask_offset       |  in |    7|   ap_none  |    mask_offset    |    scalar    |
+------------------+-----+-----+------------+-------------------+--------------+

