

================================================================
== Vivado HLS Report for 'generate_binary_matr_1'
================================================================
* Date:           Mon Dec  2 09:46:54 2024

* Version:        2019.2 (Build 2704478 on Wed Nov 06 22:10:23 MST 2019)
* Project:        mlp.prj
* Solution:       solution1
* Product family: zynq
* Target device:  xc7z020-clg484-1


================================================================
== Performance Estimates
================================================================
+ Timing: 
    * Summary: 
    +--------+----------+----------+------------+
    |  Clock |  Target  | Estimated| Uncertainty|
    +--------+----------+----------+------------+
    |ap_clk  | 10.00 ns | 8.642 ns |   1.25 ns  |
    +--------+----------+----------+------------+

+ Latency: 
    * Summary: 
    +---------+---------+-----------+-----------+------+------+---------+
    |  Latency (cycles) |   Latency (absolute)  |   Interval  | Pipeline|
    |   min   |   max   |    min    |    max    |  min |  max |   Type  |
    +---------+---------+-----------+-----------+------+------+---------+
    |     1601|     1601| 16.010 us | 16.010 us |  1601|  1601|   none  |
    +---------+---------+-----------+-----------+------+------+---------+

    + Detail: 
        * Instance: 
        N/A

        * Loop: 
        +------------+---------+---------+----------+-----------+-----------+------+----------+
        |            |  Latency (cycles) | Iteration|  Initiation Interval  | Trip |          |
        |  Loop Name |   min   |   max   |  Latency |  achieved |   target  | Count| Pipelined|
        +------------+---------+---------+----------+-----------+-----------+------+----------+
        |- gen_iter  |     1600|     1600|        16|          -|          -|   100|    no    |
        +------------+---------+---------+----------+-----------+-----------+------+----------+



================================================================
== Utilization Estimates
================================================================
* Summary: 
+-----------------+---------+-------+--------+-------+-----+
|       Name      | BRAM_18K| DSP48E|   FF   |  LUT  | URAM|
+-----------------+---------+-------+--------+-------+-----+
|DSP              |        -|      -|       -|      -|    -|
|Expression       |        -|      -|       0|   2682|    -|
|FIFO             |        -|      -|       -|      -|    -|
|Instance         |        -|      -|       -|      -|    -|
|Memory           |        -|      -|       -|      -|    -|
|Multiplexer      |        -|      -|       -|    995|    -|
|Register         |        -|      -|    1024|      -|    -|
+-----------------+---------+-------+--------+-------+-----+
|Total            |        0|      0|    1024|   3677|    0|
+-----------------+---------+-------+--------+-------+-----+
|Available        |      280|    220|  106400|  53200|    0|
+-----------------+---------+-------+--------+-------+-----+
|Utilization (%)  |        0|      0|   ~0   |      6|    0|
+-----------------+---------+-------+--------+-------+-----+

+ Detail: 
    * Instance: 
    N/A

    * DSP48E: 
    N/A

    * Memory: 
    N/A

    * FIFO: 
    N/A

    * Expression: 
    +-------------------------+----------+-------+---+----+------------+------------+
    |      Variable Name      | Operation| DSP48E| FF| LUT| Bitwidth P0| Bitwidth P1|
    +-------------------------+----------+-------+---+----+------------+------------+
    |add_ln97_16_fu_1188_p2   |     +    |      0|  0|  39|          32|           1|
    |add_ln97_17_fu_1275_p2   |     +    |      0|  0|  39|          32|           1|
    |add_ln97_18_fu_1360_p2   |     +    |      0|  0|  39|          32|           1|
    |add_ln97_19_fu_1441_p2   |     +    |      0|  0|  39|          32|           1|
    |add_ln97_20_fu_1526_p2   |     +    |      0|  0|  39|          32|           1|
    |add_ln97_21_fu_1610_p2   |     +    |      0|  0|  39|          32|           1|
    |add_ln97_22_fu_1708_p2   |     +    |      0|  0|  39|          32|           1|
    |add_ln97_23_fu_1806_p2   |     +    |      0|  0|  39|          32|           1|
    |add_ln97_24_fu_1904_p2   |     +    |      0|  0|  39|          32|           1|
    |add_ln97_25_fu_2002_p2   |     +    |      0|  0|  39|          32|           1|
    |add_ln97_26_fu_2100_p2   |     +    |      0|  0|  39|          32|           1|
    |add_ln97_27_fu_2198_p2   |     +    |      0|  0|  39|          32|           1|
    |add_ln97_28_fu_2296_p2   |     +    |      0|  0|  39|          32|           1|
    |add_ln97_29_fu_2394_p2   |     +    |      0|  0|  39|          32|           1|
    |add_ln97_30_fu_2492_p2   |     +    |      0|  0|  39|          32|           1|
    |add_ln97_31_fu_2590_p2   |     +    |      0|  0|  39|          32|           1|
    |add_ln97_32_fu_2688_p2   |     +    |      0|  0|  39|          32|           1|
    |add_ln97_33_fu_2786_p2   |     +    |      0|  0|  39|          32|           1|
    |add_ln97_34_fu_2884_p2   |     +    |      0|  0|  39|          32|           1|
    |add_ln97_35_fu_2982_p2   |     +    |      0|  0|  39|          32|           1|
    |add_ln97_36_fu_3080_p2   |     +    |      0|  0|  39|          32|           1|
    |add_ln97_37_fu_3178_p2   |     +    |      0|  0|  39|          32|           1|
    |add_ln97_38_fu_3276_p2   |     +    |      0|  0|  39|          32|           1|
    |add_ln97_39_fu_3374_p2   |     +    |      0|  0|  39|          32|           1|
    |add_ln97_40_fu_3472_p2   |     +    |      0|  0|  39|          32|           1|
    |add_ln97_41_fu_3570_p2   |     +    |      0|  0|  39|          32|           1|
    |add_ln97_42_fu_3667_p2   |     +    |      0|  0|  39|          32|           1|
    |add_ln97_43_fu_3765_p2   |     +    |      0|  0|  39|          32|           1|
    |add_ln97_44_fu_3862_p2   |     +    |      0|  0|  39|          32|           1|
    |add_ln97_45_fu_3960_p2   |     +    |      0|  0|  39|          32|           1|
    |add_ln97_46_fu_4057_p2   |     +    |      0|  0|  39|          32|           1|
    |add_ln97_fu_1093_p2      |     +    |      0|  0|  39|          32|           1|
    |i_fu_981_p2              |     +    |      0|  0|  15|           7|           1|
    |icmp_ln86_fu_975_p2      |   icmp   |      0|  0|  11|           7|           6|
    |icmp_ln94_16_fu_1170_p2  |   icmp   |      0|  0|  18|          32|           5|
    |icmp_ln94_17_fu_1257_p2  |   icmp   |      0|  0|  18|          32|           5|
    |icmp_ln94_18_fu_1342_p2  |   icmp   |      0|  0|  18|          32|           5|
    |icmp_ln94_19_fu_1423_p2  |   icmp   |      0|  0|  18|          32|           5|
    |icmp_ln94_20_fu_1508_p2  |   icmp   |      0|  0|  18|          32|           5|
    |icmp_ln94_21_fu_1592_p2  |   icmp   |      0|  0|  18|          32|           5|
    |icmp_ln94_22_fu_1690_p2  |   icmp   |      0|  0|  18|          32|           5|
    |icmp_ln94_23_fu_1788_p2  |   icmp   |      0|  0|  18|          32|           5|
    |icmp_ln94_24_fu_1886_p2  |   icmp   |      0|  0|  18|          32|           5|
    |icmp_ln94_25_fu_1984_p2  |   icmp   |      0|  0|  18|          32|           5|
    |icmp_ln94_26_fu_2082_p2  |   icmp   |      0|  0|  18|          32|           5|
    |icmp_ln94_27_fu_2180_p2  |   icmp   |      0|  0|  18|          32|           5|
    |icmp_ln94_28_fu_2278_p2  |   icmp   |      0|  0|  18|          32|           5|
    |icmp_ln94_29_fu_2376_p2  |   icmp   |      0|  0|  18|          32|           5|
    |icmp_ln94_30_fu_2474_p2  |   icmp   |      0|  0|  18|          32|           5|
    |icmp_ln94_31_fu_2572_p2  |   icmp   |      0|  0|  18|          32|           5|
    |icmp_ln94_32_fu_2670_p2  |   icmp   |      0|  0|  18|          32|           5|
    |icmp_ln94_33_fu_2768_p2  |   icmp   |      0|  0|  18|          32|           5|
    |icmp_ln94_34_fu_2866_p2  |   icmp   |      0|  0|  18|          32|           5|
    |icmp_ln94_35_fu_2964_p2  |   icmp   |      0|  0|  18|          32|           5|
    |icmp_ln94_36_fu_3062_p2  |   icmp   |      0|  0|  18|          32|           5|
    |icmp_ln94_37_fu_3160_p2  |   icmp   |      0|  0|  18|          32|           5|
    |icmp_ln94_38_fu_3258_p2  |   icmp   |      0|  0|  18|          32|           5|
    |icmp_ln94_39_fu_3356_p2  |   icmp   |      0|  0|  18|          32|           5|
    |icmp_ln94_40_fu_3454_p2  |   icmp   |      0|  0|  18|          32|           5|
    |icmp_ln94_41_fu_3553_p2  |   icmp   |      0|  0|  18|          32|           5|
    |icmp_ln94_42_fu_3649_p2  |   icmp   |      0|  0|  18|          32|           5|
    |icmp_ln94_43_fu_3748_p2  |   icmp   |      0|  0|  18|          32|           5|
    |icmp_ln94_44_fu_3844_p2  |   icmp   |      0|  0|  18|          32|           5|
    |icmp_ln94_45_fu_3943_p2  |   icmp   |      0|  0|  18|          32|           5|
    |icmp_ln94_46_fu_4039_p2  |   icmp   |      0|  0|  18|          32|           5|
    |icmp_ln94_fu_1075_p2     |   icmp   |      0|  0|  18|          32|           5|
    |or_ln68_16_fu_1164_p2    |    or    |      0|  0|  16|          16|          16|
    |or_ln68_17_fu_1251_p2    |    or    |      0|  0|  16|          16|          16|
    |or_ln68_18_fu_1336_p2    |    or    |      0|  0|  16|          16|          16|
    |or_ln68_19_fu_1417_p2    |    or    |      0|  0|  16|          16|          16|
    |or_ln68_20_fu_1502_p2    |    or    |      0|  0|  16|          16|          16|
    |or_ln68_21_fu_1579_p2    |    or    |      0|  0|  16|          16|          16|
    |or_ln68_22_fu_1684_p2    |    or    |      0|  0|  16|          16|          16|
    |or_ln68_23_fu_1775_p2    |    or    |      0|  0|  16|          16|          16|
    |or_ln68_24_fu_1880_p2    |    or    |      0|  0|  16|          16|          16|
    |or_ln68_25_fu_1971_p2    |    or    |      0|  0|  16|          16|          16|
    |or_ln68_26_fu_2076_p2    |    or    |      0|  0|  16|          16|          16|
    |or_ln68_27_fu_2167_p2    |    or    |      0|  0|  16|          16|          16|
    |or_ln68_28_fu_2272_p2    |    or    |      0|  0|  16|          16|          16|
    |or_ln68_29_fu_2363_p2    |    or    |      0|  0|  16|          16|          16|
    |or_ln68_30_fu_2468_p2    |    or    |      0|  0|  16|          16|          16|
    |or_ln68_31_fu_2559_p2    |    or    |      0|  0|  16|          16|          16|
    |or_ln68_32_fu_2664_p2    |    or    |      0|  0|  16|          16|          16|
    |or_ln68_33_fu_2755_p2    |    or    |      0|  0|  16|          16|          16|
    |or_ln68_34_fu_2860_p2    |    or    |      0|  0|  16|          16|          16|
    |or_ln68_35_fu_2951_p2    |    or    |      0|  0|  16|          16|          16|
    |or_ln68_36_fu_3056_p2    |    or    |      0|  0|  16|          16|          16|
    |or_ln68_37_fu_3147_p2    |    or    |      0|  0|  16|          16|          16|
    |or_ln68_38_fu_3252_p2    |    or    |      0|  0|  16|          16|          16|
    |or_ln68_39_fu_3343_p2    |    or    |      0|  0|  16|          16|          16|
    |or_ln68_40_fu_3448_p2    |    or    |      0|  0|  16|          16|          16|
    |or_ln68_41_fu_3547_p2    |    or    |      0|  0|  16|          16|          16|
    |or_ln68_42_fu_3643_p2    |    or    |      0|  0|  16|          16|          16|
    |or_ln68_43_fu_3742_p2    |    or    |      0|  0|  16|          16|          16|
    |or_ln68_44_fu_3838_p2    |    or    |      0|  0|  16|          16|          16|
    |or_ln68_45_fu_3937_p2    |    or    |      0|  0|  16|          16|          16|
    |or_ln68_46_fu_4033_p2    |    or    |      0|  0|  16|          16|          16|
    |or_ln68_fu_1069_p2       |    or    |      0|  0|  16|          16|          16|
    |or_ln94_16_fu_1182_p2    |    or    |      0|  0|   2|           1|           1|
    |or_ln94_17_fu_1269_p2    |    or    |      0|  0|   2|           1|           1|
    |or_ln94_18_fu_1354_p2    |    or    |      0|  0|   2|           1|           1|
    |or_ln94_19_fu_1435_p2    |    or    |      0|  0|   2|           1|           1|
    |or_ln94_20_fu_1520_p2    |    or    |      0|  0|   2|           1|           1|
    |or_ln94_21_fu_1604_p2    |    or    |      0|  0|   2|           1|           1|
    |or_ln94_22_fu_1702_p2    |    or    |      0|  0|   2|           1|           1|
    |or_ln94_23_fu_1800_p2    |    or    |      0|  0|   2|           1|           1|
    |or_ln94_24_fu_1898_p2    |    or    |      0|  0|   2|           1|           1|
    |or_ln94_25_fu_1996_p2    |    or    |      0|  0|   2|           1|           1|
    |or_ln94_26_fu_2094_p2    |    or    |      0|  0|   2|           1|           1|
    |or_ln94_27_fu_2192_p2    |    or    |      0|  0|   2|           1|           1|
    |or_ln94_28_fu_2290_p2    |    or    |      0|  0|   2|           1|           1|
    |or_ln94_29_fu_2388_p2    |    or    |      0|  0|   2|           1|           1|
    |or_ln94_30_fu_2486_p2    |    or    |      0|  0|   2|           1|           1|
    |or_ln94_31_fu_2584_p2    |    or    |      0|  0|   2|           1|           1|
    |or_ln94_32_fu_2682_p2    |    or    |      0|  0|   2|           1|           1|
    |or_ln94_33_fu_2780_p2    |    or    |      0|  0|   2|           1|           1|
    |or_ln94_34_fu_2878_p2    |    or    |      0|  0|   2|           1|           1|
    |or_ln94_35_fu_2976_p2    |    or    |      0|  0|   2|           1|           1|
    |or_ln94_36_fu_3074_p2    |    or    |      0|  0|   2|           1|           1|
    |or_ln94_37_fu_3172_p2    |    or    |      0|  0|   2|           1|           1|
    |or_ln94_38_fu_3270_p2    |    or    |      0|  0|   2|           1|           1|
    |or_ln94_39_fu_3368_p2    |    or    |      0|  0|   2|           1|           1|
    |or_ln94_40_fu_3466_p2    |    or    |      0|  0|   2|           1|           1|
    |or_ln94_41_fu_3564_p2    |    or    |      0|  0|   2|           1|           1|
    |or_ln94_42_fu_3661_p2    |    or    |      0|  0|   2|           1|           1|
    |or_ln94_43_fu_3759_p2    |    or    |      0|  0|   2|           1|           1|
    |or_ln94_44_fu_3856_p2    |    or    |      0|  0|   2|           1|           1|
    |or_ln94_45_fu_3954_p2    |    or    |      0|  0|   2|           1|           1|
    |or_ln94_46_fu_4051_p2    |    or    |      0|  0|   2|           1|           1|
    |or_ln94_fu_1087_p2       |    or    |      0|  0|   2|           1|           1|
    |xor_ln68_100_fu_1951_p2  |    xor   |      0|  0|   2|           1|           1|
    |xor_ln68_101_fu_2050_p2  |    xor   |      0|  0|   2|           1|           1|
    |xor_ln68_102_fu_2056_p2  |    xor   |      0|  0|   2|           1|           1|
    |xor_ln68_103_fu_2141_p2  |    xor   |      0|  0|   2|           1|           1|
    |xor_ln68_104_fu_2147_p2  |    xor   |      0|  0|   2|           1|           1|
    |xor_ln68_105_fu_2246_p2  |    xor   |      0|  0|   2|           1|           1|
    |xor_ln68_106_fu_2252_p2  |    xor   |      0|  0|   2|           1|           1|
    |xor_ln68_107_fu_2337_p2  |    xor   |      0|  0|   2|           1|           1|
    |xor_ln68_108_fu_2343_p2  |    xor   |      0|  0|   2|           1|           1|
    |xor_ln68_109_fu_2442_p2  |    xor   |      0|  0|   2|           1|           1|
    |xor_ln68_110_fu_2448_p2  |    xor   |      0|  0|   2|           1|           1|
    |xor_ln68_111_fu_2533_p2  |    xor   |      0|  0|   2|           1|           1|
    |xor_ln68_112_fu_2539_p2  |    xor   |      0|  0|   2|           1|           1|
    |xor_ln68_113_fu_2638_p2  |    xor   |      0|  0|   2|           1|           1|
    |xor_ln68_114_fu_2644_p2  |    xor   |      0|  0|   2|           1|           1|
    |xor_ln68_115_fu_2729_p2  |    xor   |      0|  0|   2|           1|           1|
    |xor_ln68_116_fu_2735_p2  |    xor   |      0|  0|   2|           1|           1|
    |xor_ln68_117_fu_2834_p2  |    xor   |      0|  0|   2|           1|           1|
    |xor_ln68_118_fu_2840_p2  |    xor   |      0|  0|   2|           1|           1|
    |xor_ln68_119_fu_2925_p2  |    xor   |      0|  0|   2|           1|           1|
    |xor_ln68_120_fu_2931_p2  |    xor   |      0|  0|   2|           1|           1|
    |xor_ln68_121_fu_3030_p2  |    xor   |      0|  0|   2|           1|           1|
    |xor_ln68_122_fu_3036_p2  |    xor   |      0|  0|   2|           1|           1|
    |xor_ln68_123_fu_3121_p2  |    xor   |      0|  0|   2|           1|           1|
    |xor_ln68_124_fu_3127_p2  |    xor   |      0|  0|   2|           1|           1|
    |xor_ln68_125_fu_3226_p2  |    xor   |      0|  0|   2|           1|           1|
    |xor_ln68_126_fu_3232_p2  |    xor   |      0|  0|   2|           1|           1|
    |xor_ln68_127_fu_3317_p2  |    xor   |      0|  0|   2|           1|           1|
    |xor_ln68_128_fu_3323_p2  |    xor   |      0|  0|   2|           1|           1|
    |xor_ln68_129_fu_3422_p2  |    xor   |      0|  0|   2|           1|           1|
    |xor_ln68_130_fu_3428_p2  |    xor   |      0|  0|   2|           1|           1|
    |xor_ln68_131_fu_3521_p2  |    xor   |      0|  0|   2|           1|           1|
    |xor_ln68_132_fu_3527_p2  |    xor   |      0|  0|   2|           1|           1|
    |xor_ln68_133_fu_3618_p2  |    xor   |      0|  0|   2|           1|           1|
    |xor_ln68_134_fu_3623_p2  |    xor   |      0|  0|   2|           1|           1|
    |xor_ln68_135_fu_3716_p2  |    xor   |      0|  0|   2|           1|           1|
    |xor_ln68_136_fu_3722_p2  |    xor   |      0|  0|   2|           1|           1|
    |xor_ln68_137_fu_3813_p2  |    xor   |      0|  0|   2|           1|           1|
    |xor_ln68_138_fu_3818_p2  |    xor   |      0|  0|   2|           1|           1|
    |xor_ln68_139_fu_3911_p2  |    xor   |      0|  0|   2|           1|           1|
    |xor_ln68_140_fu_3917_p2  |    xor   |      0|  0|   2|           1|           1|
    |xor_ln68_141_fu_4008_p2  |    xor   |      0|  0|   2|           1|           1|
    |xor_ln68_142_fu_4013_p2  |    xor   |      0|  0|   2|           1|           1|
    |xor_ln68_48_fu_1043_p2   |    xor   |      0|  0|   2|           1|           1|
    |xor_ln68_49_fu_1049_p2   |    xor   |      0|  0|   2|           1|           1|
    |xor_ln68_50_fu_1138_p2   |    xor   |      0|  0|   2|           1|           1|
    |xor_ln68_51_fu_1144_p2   |    xor   |      0|  0|   2|           1|           1|
    |xor_ln68_52_fu_1150_p2   |    xor   |      0|  0|   2|           1|           1|
    |xor_ln68_53_fu_1228_p2   |    xor   |      0|  0|   2|           1|           1|
    |xor_ln68_54_fu_1232_p2   |    xor   |      0|  0|   2|           1|           1|
    |xor_ln68_55_fu_1237_p2   |    xor   |      0|  0|   2|           1|           1|
    |xor_ln68_56_fu_1312_p2   |    xor   |      0|  0|   2|           1|           1|
    |xor_ln68_57_fu_1317_p2   |    xor   |      0|  0|   2|           1|           1|
    |xor_ln68_58_fu_1322_p2   |    xor   |      0|  0|   2|           1|           1|
    |xor_ln68_59_fu_1394_p2   |    xor   |      0|  0|   2|           1|           1|
    |xor_ln68_60_fu_1398_p2   |    xor   |      0|  0|   2|           1|           1|
    |xor_ln68_61_fu_1403_p2   |    xor   |      0|  0|   2|           1|           1|
    |xor_ln68_62_fu_1478_p2   |    xor   |      0|  0|   2|           1|           1|
    |xor_ln68_63_fu_1483_p2   |    xor   |      0|  0|   2|           1|           1|
    |xor_ln68_64_fu_1488_p2   |    xor   |      0|  0|   2|           1|           1|
    |xor_ln68_65_fu_1554_p2   |    xor   |      0|  0|   2|           1|           1|
    |xor_ln68_66_fu_1559_p2   |    xor   |      0|  0|   2|           1|           1|
    |xor_ln68_67_fu_1565_p2   |    xor   |      0|  0|   2|           1|           1|
    |xor_ln68_68_fu_1658_p2   |    xor   |      0|  0|   2|           1|           1|
    |xor_ln68_69_fu_1664_p2   |    xor   |      0|  0|   2|           1|           1|
    |xor_ln68_70_fu_1670_p2   |    xor   |      0|  0|   2|           1|           1|
    |xor_ln68_71_fu_1761_p2   |    xor   |      0|  0|   2|           1|           1|
    |xor_ln68_72_fu_1866_p2   |    xor   |      0|  0|   2|           1|           1|
    |xor_ln68_73_fu_1957_p2   |    xor   |      0|  0|   2|           1|           1|
    |xor_ln68_74_fu_2062_p2   |    xor   |      0|  0|   2|           1|           1|
    |xor_ln68_75_fu_2153_p2   |    xor   |      0|  0|   2|           1|           1|
    |xor_ln68_76_fu_2258_p2   |    xor   |      0|  0|   2|           1|           1|
    |xor_ln68_77_fu_2349_p2   |    xor   |      0|  0|   2|           1|           1|
    |xor_ln68_78_fu_2454_p2   |    xor   |      0|  0|   2|           1|           1|
    |xor_ln68_79_fu_2545_p2   |    xor   |      0|  0|   2|           1|           1|
    |xor_ln68_80_fu_2650_p2   |    xor   |      0|  0|   2|           1|           1|
    |xor_ln68_81_fu_2741_p2   |    xor   |      0|  0|   2|           1|           1|
    |xor_ln68_82_fu_2846_p2   |    xor   |      0|  0|   2|           1|           1|
    |xor_ln68_83_fu_2937_p2   |    xor   |      0|  0|   2|           1|           1|
    |xor_ln68_84_fu_3042_p2   |    xor   |      0|  0|   2|           1|           1|
    |xor_ln68_85_fu_3133_p2   |    xor   |      0|  0|   2|           1|           1|
    |xor_ln68_86_fu_3238_p2   |    xor   |      0|  0|   2|           1|           1|
    |xor_ln68_87_fu_3329_p2   |    xor   |      0|  0|   2|           1|           1|
    |xor_ln68_88_fu_3434_p2   |    xor   |      0|  0|   2|           1|           1|
    |xor_ln68_89_fu_3533_p2   |    xor   |      0|  0|   2|           1|           1|
    |xor_ln68_90_fu_3629_p2   |    xor   |      0|  0|   2|           1|           1|
    |xor_ln68_91_fu_3728_p2   |    xor   |      0|  0|   2|           1|           1|
    |xor_ln68_92_fu_3824_p2   |    xor   |      0|  0|   2|           1|           1|
    |xor_ln68_93_fu_3923_p2   |    xor   |      0|  0|   2|           1|           1|
    |xor_ln68_94_fu_4019_p2   |    xor   |      0|  0|   2|           1|           1|
    |xor_ln68_95_fu_1749_p2   |    xor   |      0|  0|   2|           1|           1|
    |xor_ln68_96_fu_1755_p2   |    xor   |      0|  0|   2|           1|           1|
    |xor_ln68_97_fu_1854_p2   |    xor   |      0|  0|   2|           1|           1|
    |xor_ln68_98_fu_1860_p2   |    xor   |      0|  0|   2|           1|           1|
    |xor_ln68_99_fu_1945_p2   |    xor   |      0|  0|   2|           1|           1|
    |xor_ln68_fu_1055_p2      |    xor   |      0|  0|   2|           1|           1|
    |xor_ln94_16_fu_1176_p2   |    xor   |      0|  0|   2|           1|           2|
    |xor_ln94_17_fu_1263_p2   |    xor   |      0|  0|   2|           1|           2|
    |xor_ln94_18_fu_1348_p2   |    xor   |      0|  0|   2|           1|           2|
    |xor_ln94_19_fu_1429_p2   |    xor   |      0|  0|   2|           1|           2|
    |xor_ln94_20_fu_1514_p2   |    xor   |      0|  0|   2|           1|           2|
    |xor_ln94_21_fu_1598_p2   |    xor   |      0|  0|   2|           1|           2|
    |xor_ln94_22_fu_1696_p2   |    xor   |      0|  0|   2|           1|           2|
    |xor_ln94_23_fu_1794_p2   |    xor   |      0|  0|   2|           1|           2|
    |xor_ln94_24_fu_1892_p2   |    xor   |      0|  0|   2|           1|           2|
    |xor_ln94_25_fu_1990_p2   |    xor   |      0|  0|   2|           1|           2|
    |xor_ln94_26_fu_2088_p2   |    xor   |      0|  0|   2|           1|           2|
    |xor_ln94_27_fu_2186_p2   |    xor   |      0|  0|   2|           1|           2|
    |xor_ln94_28_fu_2284_p2   |    xor   |      0|  0|   2|           1|           2|
    |xor_ln94_29_fu_2382_p2   |    xor   |      0|  0|   2|           1|           2|
    |xor_ln94_30_fu_2480_p2   |    xor   |      0|  0|   2|           1|           2|
    |xor_ln94_31_fu_2578_p2   |    xor   |      0|  0|   2|           1|           2|
    |xor_ln94_32_fu_2676_p2   |    xor   |      0|  0|   2|           1|           2|
    |xor_ln94_33_fu_2774_p2   |    xor   |      0|  0|   2|           1|           2|
    |xor_ln94_34_fu_2872_p2   |    xor   |      0|  0|   2|           1|           2|
    |xor_ln94_35_fu_2970_p2   |    xor   |      0|  0|   2|           1|           2|
    |xor_ln94_36_fu_3068_p2   |    xor   |      0|  0|   2|           1|           2|
    |xor_ln94_37_fu_3166_p2   |    xor   |      0|  0|   2|           1|           2|
    |xor_ln94_38_fu_3264_p2   |    xor   |      0|  0|   2|           1|           2|
    |xor_ln94_39_fu_3362_p2   |    xor   |      0|  0|   2|           1|           2|
    |xor_ln94_40_fu_3460_p2   |    xor   |      0|  0|   2|           1|           2|
    |xor_ln94_41_fu_3559_p2   |    xor   |      0|  0|   2|           1|           2|
    |xor_ln94_42_fu_3655_p2   |    xor   |      0|  0|   2|           1|           2|
    |xor_ln94_43_fu_3754_p2   |    xor   |      0|  0|   2|           1|           2|
    |xor_ln94_44_fu_3850_p2   |    xor   |      0|  0|   2|           1|           2|
    |xor_ln94_45_fu_3949_p2   |    xor   |      0|  0|   2|           1|           2|
    |xor_ln94_46_fu_4045_p2   |    xor   |      0|  0|   2|           1|           2|
    |xor_ln94_fu_1081_p2      |    xor   |      0|  0|   2|           1|           2|
    +-------------------------+----------+-------+---+----+------------+------------+
    |Total                    |          |      0|  0|2682|        2734|         903|
    +-------------------------+----------+-------+---+----+------------+------------+

    * Multiplexer: 
    +-------------------------------------------+----+-----------+-----+-----------+
    |                    Name                   | LUT| Input Size| Bits| Total Bits|
    +-------------------------------------------+----+-----------+-----+-----------+
    |ap_NS_fsm                                  |  89|         18|    1|         18|
    |ap_phi_mux_zeros_added_0_be_phi_fu_963_p4  |  15|          3|   32|         96|
    |ap_phi_mux_zeros_added_2_0_phi_fu_637_p4   |  15|          3|   32|         96|
    |ap_phi_mux_zeros_added_2_10_phi_fu_742_p4  |  15|          3|   32|         96|
    |ap_phi_mux_zeros_added_2_12_phi_fu_763_p4  |  15|          3|   32|         96|
    |ap_phi_mux_zeros_added_2_14_phi_fu_784_p4  |  15|          3|   32|         96|
    |ap_phi_mux_zeros_added_2_16_phi_fu_805_p4  |  15|          3|   32|         96|
    |ap_phi_mux_zeros_added_2_18_phi_fu_826_p4  |  15|          3|   32|         96|
    |ap_phi_mux_zeros_added_2_20_phi_fu_847_p4  |  15|          3|   32|         96|
    |ap_phi_mux_zeros_added_2_22_phi_fu_868_p4  |  15|          3|   32|         96|
    |ap_phi_mux_zeros_added_2_24_phi_fu_889_p4  |  15|          3|   32|         96|
    |ap_phi_mux_zeros_added_2_26_phi_fu_910_p4  |  15|          3|   32|         96|
    |ap_phi_mux_zeros_added_2_28_phi_fu_931_p4  |  15|          3|   32|         96|
    |ap_phi_mux_zeros_added_2_2_phi_fu_658_p4   |  15|          3|   32|         96|
    |ap_phi_mux_zeros_added_2_30_phi_fu_952_p4  |  15|          3|   32|         96|
    |ap_phi_mux_zeros_added_2_4_phi_fu_679_p4   |  15|          3|   32|         96|
    |ap_phi_mux_zeros_added_2_6_phi_fu_700_p4   |  15|          3|   32|         96|
    |ap_phi_mux_zeros_added_2_8_phi_fu_721_p4   |  15|          3|   32|         96|
    |global_lfsr_seed_V_o                       |   9|          2|   16|         32|
    |i_0_reg_623                                |   9|          2|    7|         14|
    |matrix_0_d0                                |  15|          3|    1|          3|
    |matrix_10_d0                               |  15|          3|    1|          3|
    |matrix_11_d0                               |  15|          3|    1|          3|
    |matrix_12_d0                               |  15|          3|    1|          3|
    |matrix_13_d0                               |  15|          3|    1|          3|
    |matrix_14_d0                               |  15|          3|    1|          3|
    |matrix_15_d0                               |  15|          3|    1|          3|
    |matrix_16_d0                               |  15|          3|    1|          3|
    |matrix_17_d0                               |  15|          3|    1|          3|
    |matrix_18_d0                               |  15|          3|    1|          3|
    |matrix_19_d0                               |  15|          3|    1|          3|
    |matrix_1_d0                                |  15|          3|    1|          3|
    |matrix_20_d0                               |  15|          3|    1|          3|
    |matrix_21_d0                               |  15|          3|    1|          3|
    |matrix_22_d0                               |  15|          3|    1|          3|
    |matrix_23_d0                               |  15|          3|    1|          3|
    |matrix_24_d0                               |  15|          3|    1|          3|
    |matrix_25_d0                               |  15|          3|    1|          3|
    |matrix_26_d0                               |  15|          3|    1|          3|
    |matrix_27_d0                               |  15|          3|    1|          3|
    |matrix_28_d0                               |  15|          3|    1|          3|
    |matrix_29_d0                               |  15|          3|    1|          3|
    |matrix_2_d0                                |  15|          3|    1|          3|
    |matrix_30_d0                               |  15|          3|    1|          3|
    |matrix_31_d0                               |  15|          3|    1|          3|
    |matrix_3_d0                                |  15|          3|    1|          3|
    |matrix_4_d0                                |  15|          3|    1|          3|
    |matrix_5_d0                                |  15|          3|    1|          3|
    |matrix_6_d0                                |  15|          3|    1|          3|
    |matrix_7_d0                                |  15|          3|    1|          3|
    |matrix_8_d0                                |  15|          3|    1|          3|
    |matrix_9_d0                                |  15|          3|    1|          3|
    |p_090_0_reg_602                            |   9|          2|   16|         32|
    |zeros_added_0_reg_612                      |   9|          2|   32|         64|
    |zeros_added_2_11_reg_750                   |   9|          2|   32|         64|
    |zeros_added_2_13_reg_771                   |   9|          2|   32|         64|
    |zeros_added_2_15_reg_792                   |   9|          2|   32|         64|
    |zeros_added_2_17_reg_813                   |   9|          2|   32|         64|
    |zeros_added_2_19_reg_834                   |   9|          2|   32|         64|
    |zeros_added_2_1_reg_645                    |   9|          2|   32|         64|
    |zeros_added_2_21_reg_855                   |   9|          2|   32|         64|
    |zeros_added_2_23_reg_876                   |   9|          2|   32|         64|
    |zeros_added_2_25_reg_897                   |   9|          2|   32|         64|
    |zeros_added_2_27_reg_918                   |   9|          2|   32|         64|
    |zeros_added_2_29_reg_939                   |   9|          2|   32|         64|
    |zeros_added_2_3_reg_666                    |   9|          2|   32|         64|
    |zeros_added_2_5_reg_687                    |   9|          2|   32|         64|
    |zeros_added_2_7_reg_708                    |   9|          2|   32|         64|
    |zeros_added_2_9_reg_729                    |   9|          2|   32|         64|
    +-------------------------------------------+----+-----------+-----+-----------+
    |Total                                      | 995|        203| 1128|       2848|
    +-------------------------------------------+----+-----------+-----+-----------+

    * Register: 
    +--------------------------+----+----+-----+-----------+
    |           Name           | FF | LUT| Bits| Const Bits|
    +--------------------------+----+----+-----+-----------+
    |ap_CS_fsm                 |  17|   0|   17|          0|
    |i_0_reg_623               |   7|   0|    7|          0|
    |i_reg_4072                |   7|   0|    7|          0|
    |or_ln68_16_reg_4143       |  16|   0|   16|          0|
    |or_ln68_17_reg_4166       |  16|   0|   16|          0|
    |or_ln68_18_reg_4187       |  16|   0|   16|          0|
    |or_ln68_19_reg_4204       |  16|   0|   16|          0|
    |or_ln68_20_reg_4214       |  16|   0|   16|          0|
    |or_ln68_21_reg_4230       |  16|   0|   16|          0|
    |or_ln68_22_reg_4242       |  16|   0|   16|          0|
    |or_ln68_23_reg_4258       |  16|   0|   16|          0|
    |or_ln68_24_reg_4270       |  16|   0|   16|          0|
    |or_ln68_25_reg_4286       |  16|   0|   16|          0|
    |or_ln68_26_reg_4298       |  16|   0|   16|          0|
    |or_ln68_27_reg_4314       |  16|   0|   16|          0|
    |or_ln68_28_reg_4326       |  16|   0|   16|          0|
    |or_ln68_29_reg_4342       |  16|   0|   16|          0|
    |or_ln68_30_reg_4354       |  16|   0|   16|          0|
    |or_ln68_31_reg_4370       |  16|   0|   16|          0|
    |or_ln68_32_reg_4382       |  16|   0|   16|          0|
    |or_ln68_33_reg_4398       |  16|   0|   16|          0|
    |or_ln68_34_reg_4410       |  16|   0|   16|          0|
    |or_ln68_35_reg_4426       |  16|   0|   16|          0|
    |or_ln68_36_reg_4438       |  16|   0|   16|          0|
    |or_ln68_37_reg_4454       |  16|   0|   16|          0|
    |or_ln68_38_reg_4466       |  16|   0|   16|          0|
    |or_ln68_39_reg_4482       |  16|   0|   16|          0|
    |or_ln68_41_reg_4508       |  16|   0|   16|          0|
    |or_ln68_43_reg_4531       |  16|   0|   16|          0|
    |or_ln68_45_reg_4554       |  16|   0|   16|          0|
    |or_ln68_reg_4117          |  16|   0|   16|          0|
    |p_090_0_reg_602           |  16|   0|   16|          0|
    |tmp_188_reg_4111          |   1|   0|    1|          0|
    |tmp_190_reg_4127          |   1|   0|    1|          0|
    |tmp_191_reg_4132          |   1|   0|    1|          0|
    |tmp_192_reg_4138          |   1|   0|    1|          0|
    |tmp_193_reg_4160          |   1|   0|    1|          0|
    |tmp_195_reg_4176          |   1|   0|    1|          0|
    |tmp_196_reg_4182          |   1|   0|    1|          0|
    |tmp_282_reg_4502          |   1|   0|    1|          0|
    |tmp_290_reg_4525          |   1|   0|    1|          0|
    |tmp_298_reg_4548          |   1|   0|    1|          0|
    |zeros_added_0_reg_612     |  32|   0|   32|          0|
    |zeros_added_2_11_reg_750  |  32|   0|   32|          0|
    |zeros_added_2_13_reg_771  |  32|   0|   32|          0|
    |zeros_added_2_15_reg_792  |  32|   0|   32|          0|
    |zeros_added_2_17_reg_813  |  32|   0|   32|          0|
    |zeros_added_2_19_reg_834  |  32|   0|   32|          0|
    |zeros_added_2_1_reg_645   |  32|   0|   32|          0|
    |zeros_added_2_21_reg_855  |  32|   0|   32|          0|
    |zeros_added_2_23_reg_876  |  32|   0|   32|          0|
    |zeros_added_2_25_reg_897  |  32|   0|   32|          0|
    |zeros_added_2_27_reg_918  |  32|   0|   32|          0|
    |zeros_added_2_29_reg_939  |  32|   0|   32|          0|
    |zeros_added_2_3_reg_666   |  32|   0|   32|          0|
    |zeros_added_2_5_reg_687   |  32|   0|   32|          0|
    |zeros_added_2_7_reg_708   |  32|   0|   32|          0|
    |zeros_added_2_9_reg_729   |  32|   0|   32|          0|
    |zext_ln96_reg_4077        |   7|   0|   64|         57|
    +--------------------------+----+----+-----+-----------+
    |Total                     |1024|   0| 1081|         57|
    +--------------------------+----+----+-----+-----------+



================================================================
== Interface
================================================================
* Summary: 
+-----------------------------+-----+-----+------------+------------------------+--------------+
|          RTL Ports          | Dir | Bits|  Protocol  |      Source Object     |    C Type    |
+-----------------------------+-----+-----+------------+------------------------+--------------+
|ap_clk                       |  in |    1| ap_ctrl_hs | generate_binary_matr.1 | return value |
|ap_rst                       |  in |    1| ap_ctrl_hs | generate_binary_matr.1 | return value |
|ap_start                     |  in |    1| ap_ctrl_hs | generate_binary_matr.1 | return value |
|ap_done                      | out |    1| ap_ctrl_hs | generate_binary_matr.1 | return value |
|ap_idle                      | out |    1| ap_ctrl_hs | generate_binary_matr.1 | return value |
|ap_ready                     | out |    1| ap_ctrl_hs | generate_binary_matr.1 | return value |
|matrix_0_address0            | out |    7|  ap_memory |        matrix_0        |     array    |
|matrix_0_ce0                 | out |    1|  ap_memory |        matrix_0        |     array    |
|matrix_0_we0                 | out |    1|  ap_memory |        matrix_0        |     array    |
|matrix_0_d0                  | out |    1|  ap_memory |        matrix_0        |     array    |
|matrix_1_address0            | out |    7|  ap_memory |        matrix_1        |     array    |
|matrix_1_ce0                 | out |    1|  ap_memory |        matrix_1        |     array    |
|matrix_1_we0                 | out |    1|  ap_memory |        matrix_1        |     array    |
|matrix_1_d0                  | out |    1|  ap_memory |        matrix_1        |     array    |
|matrix_2_address0            | out |    7|  ap_memory |        matrix_2        |     array    |
|matrix_2_ce0                 | out |    1|  ap_memory |        matrix_2        |     array    |
|matrix_2_we0                 | out |    1|  ap_memory |        matrix_2        |     array    |
|matrix_2_d0                  | out |    1|  ap_memory |        matrix_2        |     array    |
|matrix_3_address0            | out |    7|  ap_memory |        matrix_3        |     array    |
|matrix_3_ce0                 | out |    1|  ap_memory |        matrix_3        |     array    |
|matrix_3_we0                 | out |    1|  ap_memory |        matrix_3        |     array    |
|matrix_3_d0                  | out |    1|  ap_memory |        matrix_3        |     array    |
|matrix_4_address0            | out |    7|  ap_memory |        matrix_4        |     array    |
|matrix_4_ce0                 | out |    1|  ap_memory |        matrix_4        |     array    |
|matrix_4_we0                 | out |    1|  ap_memory |        matrix_4        |     array    |
|matrix_4_d0                  | out |    1|  ap_memory |        matrix_4        |     array    |
|matrix_5_address0            | out |    7|  ap_memory |        matrix_5        |     array    |
|matrix_5_ce0                 | out |    1|  ap_memory |        matrix_5        |     array    |
|matrix_5_we0                 | out |    1|  ap_memory |        matrix_5        |     array    |
|matrix_5_d0                  | out |    1|  ap_memory |        matrix_5        |     array    |
|matrix_6_address0            | out |    7|  ap_memory |        matrix_6        |     array    |
|matrix_6_ce0                 | out |    1|  ap_memory |        matrix_6        |     array    |
|matrix_6_we0                 | out |    1|  ap_memory |        matrix_6        |     array    |
|matrix_6_d0                  | out |    1|  ap_memory |        matrix_6        |     array    |
|matrix_7_address0            | out |    7|  ap_memory |        matrix_7        |     array    |
|matrix_7_ce0                 | out |    1|  ap_memory |        matrix_7        |     array    |
|matrix_7_we0                 | out |    1|  ap_memory |        matrix_7        |     array    |
|matrix_7_d0                  | out |    1|  ap_memory |        matrix_7        |     array    |
|matrix_8_address0            | out |    7|  ap_memory |        matrix_8        |     array    |
|matrix_8_ce0                 | out |    1|  ap_memory |        matrix_8        |     array    |
|matrix_8_we0                 | out |    1|  ap_memory |        matrix_8        |     array    |
|matrix_8_d0                  | out |    1|  ap_memory |        matrix_8        |     array    |
|matrix_9_address0            | out |    7|  ap_memory |        matrix_9        |     array    |
|matrix_9_ce0                 | out |    1|  ap_memory |        matrix_9        |     array    |
|matrix_9_we0                 | out |    1|  ap_memory |        matrix_9        |     array    |
|matrix_9_d0                  | out |    1|  ap_memory |        matrix_9        |     array    |
|matrix_10_address0           | out |    7|  ap_memory |        matrix_10       |     array    |
|matrix_10_ce0                | out |    1|  ap_memory |        matrix_10       |     array    |
|matrix_10_we0                | out |    1|  ap_memory |        matrix_10       |     array    |
|matrix_10_d0                 | out |    1|  ap_memory |        matrix_10       |     array    |
|matrix_11_address0           | out |    7|  ap_memory |        matrix_11       |     array    |
|matrix_11_ce0                | out |    1|  ap_memory |        matrix_11       |     array    |
|matrix_11_we0                | out |    1|  ap_memory |        matrix_11       |     array    |
|matrix_11_d0                 | out |    1|  ap_memory |        matrix_11       |     array    |
|matrix_12_address0           | out |    7|  ap_memory |        matrix_12       |     array    |
|matrix_12_ce0                | out |    1|  ap_memory |        matrix_12       |     array    |
|matrix_12_we0                | out |    1|  ap_memory |        matrix_12       |     array    |
|matrix_12_d0                 | out |    1|  ap_memory |        matrix_12       |     array    |
|matrix_13_address0           | out |    7|  ap_memory |        matrix_13       |     array    |
|matrix_13_ce0                | out |    1|  ap_memory |        matrix_13       |     array    |
|matrix_13_we0                | out |    1|  ap_memory |        matrix_13       |     array    |
|matrix_13_d0                 | out |    1|  ap_memory |        matrix_13       |     array    |
|matrix_14_address0           | out |    7|  ap_memory |        matrix_14       |     array    |
|matrix_14_ce0                | out |    1|  ap_memory |        matrix_14       |     array    |
|matrix_14_we0                | out |    1|  ap_memory |        matrix_14       |     array    |
|matrix_14_d0                 | out |    1|  ap_memory |        matrix_14       |     array    |
|matrix_15_address0           | out |    7|  ap_memory |        matrix_15       |     array    |
|matrix_15_ce0                | out |    1|  ap_memory |        matrix_15       |     array    |
|matrix_15_we0                | out |    1|  ap_memory |        matrix_15       |     array    |
|matrix_15_d0                 | out |    1|  ap_memory |        matrix_15       |     array    |
|matrix_16_address0           | out |    7|  ap_memory |        matrix_16       |     array    |
|matrix_16_ce0                | out |    1|  ap_memory |        matrix_16       |     array    |
|matrix_16_we0                | out |    1|  ap_memory |        matrix_16       |     array    |
|matrix_16_d0                 | out |    1|  ap_memory |        matrix_16       |     array    |
|matrix_17_address0           | out |    7|  ap_memory |        matrix_17       |     array    |
|matrix_17_ce0                | out |    1|  ap_memory |        matrix_17       |     array    |
|matrix_17_we0                | out |    1|  ap_memory |        matrix_17       |     array    |
|matrix_17_d0                 | out |    1|  ap_memory |        matrix_17       |     array    |
|matrix_18_address0           | out |    7|  ap_memory |        matrix_18       |     array    |
|matrix_18_ce0                | out |    1|  ap_memory |        matrix_18       |     array    |
|matrix_18_we0                | out |    1|  ap_memory |        matrix_18       |     array    |
|matrix_18_d0                 | out |    1|  ap_memory |        matrix_18       |     array    |
|matrix_19_address0           | out |    7|  ap_memory |        matrix_19       |     array    |
|matrix_19_ce0                | out |    1|  ap_memory |        matrix_19       |     array    |
|matrix_19_we0                | out |    1|  ap_memory |        matrix_19       |     array    |
|matrix_19_d0                 | out |    1|  ap_memory |        matrix_19       |     array    |
|matrix_20_address0           | out |    7|  ap_memory |        matrix_20       |     array    |
|matrix_20_ce0                | out |    1|  ap_memory |        matrix_20       |     array    |
|matrix_20_we0                | out |    1|  ap_memory |        matrix_20       |     array    |
|matrix_20_d0                 | out |    1|  ap_memory |        matrix_20       |     array    |
|matrix_21_address0           | out |    7|  ap_memory |        matrix_21       |     array    |
|matrix_21_ce0                | out |    1|  ap_memory |        matrix_21       |     array    |
|matrix_21_we0                | out |    1|  ap_memory |        matrix_21       |     array    |
|matrix_21_d0                 | out |    1|  ap_memory |        matrix_21       |     array    |
|matrix_22_address0           | out |    7|  ap_memory |        matrix_22       |     array    |
|matrix_22_ce0                | out |    1|  ap_memory |        matrix_22       |     array    |
|matrix_22_we0                | out |    1|  ap_memory |        matrix_22       |     array    |
|matrix_22_d0                 | out |    1|  ap_memory |        matrix_22       |     array    |
|matrix_23_address0           | out |    7|  ap_memory |        matrix_23       |     array    |
|matrix_23_ce0                | out |    1|  ap_memory |        matrix_23       |     array    |
|matrix_23_we0                | out |    1|  ap_memory |        matrix_23       |     array    |
|matrix_23_d0                 | out |    1|  ap_memory |        matrix_23       |     array    |
|matrix_24_address0           | out |    7|  ap_memory |        matrix_24       |     array    |
|matrix_24_ce0                | out |    1|  ap_memory |        matrix_24       |     array    |
|matrix_24_we0                | out |    1|  ap_memory |        matrix_24       |     array    |
|matrix_24_d0                 | out |    1|  ap_memory |        matrix_24       |     array    |
|matrix_25_address0           | out |    7|  ap_memory |        matrix_25       |     array    |
|matrix_25_ce0                | out |    1|  ap_memory |        matrix_25       |     array    |
|matrix_25_we0                | out |    1|  ap_memory |        matrix_25       |     array    |
|matrix_25_d0                 | out |    1|  ap_memory |        matrix_25       |     array    |
|matrix_26_address0           | out |    7|  ap_memory |        matrix_26       |     array    |
|matrix_26_ce0                | out |    1|  ap_memory |        matrix_26       |     array    |
|matrix_26_we0                | out |    1|  ap_memory |        matrix_26       |     array    |
|matrix_26_d0                 | out |    1|  ap_memory |        matrix_26       |     array    |
|matrix_27_address0           | out |    7|  ap_memory |        matrix_27       |     array    |
|matrix_27_ce0                | out |    1|  ap_memory |        matrix_27       |     array    |
|matrix_27_we0                | out |    1|  ap_memory |        matrix_27       |     array    |
|matrix_27_d0                 | out |    1|  ap_memory |        matrix_27       |     array    |
|matrix_28_address0           | out |    7|  ap_memory |        matrix_28       |     array    |
|matrix_28_ce0                | out |    1|  ap_memory |        matrix_28       |     array    |
|matrix_28_we0                | out |    1|  ap_memory |        matrix_28       |     array    |
|matrix_28_d0                 | out |    1|  ap_memory |        matrix_28       |     array    |
|matrix_29_address0           | out |    7|  ap_memory |        matrix_29       |     array    |
|matrix_29_ce0                | out |    1|  ap_memory |        matrix_29       |     array    |
|matrix_29_we0                | out |    1|  ap_memory |        matrix_29       |     array    |
|matrix_29_d0                 | out |    1|  ap_memory |        matrix_29       |     array    |
|matrix_30_address0           | out |    7|  ap_memory |        matrix_30       |     array    |
|matrix_30_ce0                | out |    1|  ap_memory |        matrix_30       |     array    |
|matrix_30_we0                | out |    1|  ap_memory |        matrix_30       |     array    |
|matrix_30_d0                 | out |    1|  ap_memory |        matrix_30       |     array    |
|matrix_31_address0           | out |    7|  ap_memory |        matrix_31       |     array    |
|matrix_31_ce0                | out |    1|  ap_memory |        matrix_31       |     array    |
|matrix_31_we0                | out |    1|  ap_memory |        matrix_31       |     array    |
|matrix_31_d0                 | out |    1|  ap_memory |        matrix_31       |     array    |
|global_lfsr_seed_V_i         |  in |   16|   ap_ovld  |   global_lfsr_seed_V   |    pointer   |
|global_lfsr_seed_V_o         | out |   16|   ap_ovld  |   global_lfsr_seed_V   |    pointer   |
|global_lfsr_seed_V_o_ap_vld  | out |    1|   ap_ovld  |   global_lfsr_seed_V   |    pointer   |
+-----------------------------+-----+-----+------------+------------------------+--------------+

