

================================================================
== Vivado HLS Report for 'relu_64_s'
================================================================
* Date:           Mon Dec  2 09:46:58 2024

* Version:        2019.2 (Build 2704478 on Wed Nov 06 22:10:23 MST 2019)
* Project:        mlp.prj
* Solution:       solution1
* Product family: zynq
* Target device:  xc7z020-clg484-1


================================================================
== Performance Estimates
================================================================
+ Timing: 
    * Summary: 
    +--------+----------+----------+------------+
    |  Clock |  Target  | Estimated| Uncertainty|
    +--------+----------+----------+------------+
    |ap_clk  | 10.00 ns | 0.766 ns |   1.25 ns  |
    +--------+----------+----------+------------+

+ Latency: 
    * Summary: 
    +---------+---------+----------+----------+-----+-----+---------+
    |  Latency (cycles) |  Latency (absolute) |  Interval | Pipeline|
    |   min   |   max   |    min   |    max   | min | max |   Type  |
    +---------+---------+----------+----------+-----+-----+---------+
    |        0|        0|   0 ns   |   0 ns   |    0|    0|   none  |
    +---------+---------+----------+----------+-----+-----+---------+

    + Detail: 
        * Instance: 
        N/A

        * Loop: 
        N/A



================================================================
== Utilization Estimates
================================================================
* Summary: 
+-----------------+---------+-------+--------+-------+-----+
|       Name      | BRAM_18K| DSP48E|   FF   |  LUT  | URAM|
+-----------------+---------+-------+--------+-------+-----+
|DSP              |        -|      -|       -|      -|    -|
|Expression       |        -|      -|       0|   1664|    -|
|FIFO             |        -|      -|       -|      -|    -|
|Instance         |        -|      -|       -|      -|    -|
|Memory           |        -|      -|       -|      -|    -|
|Multiplexer      |        -|      -|       -|      -|    -|
|Register         |        -|      -|       -|      -|    -|
+-----------------+---------+-------+--------+-------+-----+
|Total            |        0|      0|       0|   1664|    0|
+-----------------+---------+-------+--------+-------+-----+
|Available        |      280|    220|  106400|  53200|    0|
+-----------------+---------+-------+--------+-------+-----+
|Utilization (%)  |        0|      0|       0|      3|    0|
+-----------------+---------+-------+--------+-------+-----+

+ Detail: 
    * Instance: 
    N/A

    * DSP48E: 
    N/A

    * Memory: 
    N/A

    * FIFO: 
    N/A

    * Expression: 
    +---------------------------+----------+-------+---+----+------------+------------+
    |       Variable Name       | Operation| DSP48E| FF| LUT| Bitwidth P0| Bitwidth P1|
    +---------------------------+----------+-------+---+----+------------+------------+
    |select_ln54_10_fu_1198_p3  |  select  |      0|  0|  26|           1|           1|
    |select_ln54_11_fu_1214_p3  |  select  |      0|  0|  26|           1|           1|
    |select_ln54_12_fu_1230_p3  |  select  |      0|  0|  26|           1|           1|
    |select_ln54_13_fu_1246_p3  |  select  |      0|  0|  26|           1|           1|
    |select_ln54_14_fu_1262_p3  |  select  |      0|  0|  26|           1|           1|
    |select_ln54_15_fu_1278_p3  |  select  |      0|  0|  26|           1|           1|
    |select_ln54_16_fu_1294_p3  |  select  |      0|  0|  26|           1|           1|
    |select_ln54_17_fu_1310_p3  |  select  |      0|  0|  26|           1|           1|
    |select_ln54_18_fu_1326_p3  |  select  |      0|  0|  26|           1|           1|
    |select_ln54_19_fu_1342_p3  |  select  |      0|  0|  26|           1|           1|
    |select_ln54_1_fu_1054_p3   |  select  |      0|  0|  26|           1|           1|
    |select_ln54_20_fu_1358_p3  |  select  |      0|  0|  26|           1|           1|
    |select_ln54_21_fu_1374_p3  |  select  |      0|  0|  26|           1|           1|
    |select_ln54_22_fu_1390_p3  |  select  |      0|  0|  26|           1|           1|
    |select_ln54_23_fu_1406_p3  |  select  |      0|  0|  26|           1|           1|
    |select_ln54_24_fu_1422_p3  |  select  |      0|  0|  26|           1|           1|
    |select_ln54_25_fu_1438_p3  |  select  |      0|  0|  26|           1|           1|
    |select_ln54_26_fu_1454_p3  |  select  |      0|  0|  26|           1|           1|
    |select_ln54_27_fu_1470_p3  |  select  |      0|  0|  26|           1|           1|
    |select_ln54_28_fu_1486_p3  |  select  |      0|  0|  26|           1|           1|
    |select_ln54_29_fu_1502_p3  |  select  |      0|  0|  26|           1|           1|
    |select_ln54_2_fu_1070_p3   |  select  |      0|  0|  26|           1|           1|
    |select_ln54_30_fu_1518_p3  |  select  |      0|  0|  26|           1|           1|
    |select_ln54_31_fu_1534_p3  |  select  |      0|  0|  26|           1|           1|
    |select_ln54_32_fu_1550_p3  |  select  |      0|  0|  26|           1|           1|
    |select_ln54_33_fu_1566_p3  |  select  |      0|  0|  26|           1|           1|
    |select_ln54_34_fu_1582_p3  |  select  |      0|  0|  26|           1|           1|
    |select_ln54_35_fu_1598_p3  |  select  |      0|  0|  26|           1|           1|
    |select_ln54_36_fu_1614_p3  |  select  |      0|  0|  26|           1|           1|
    |select_ln54_37_fu_1630_p3  |  select  |      0|  0|  26|           1|           1|
    |select_ln54_38_fu_1646_p3  |  select  |      0|  0|  26|           1|           1|
    |select_ln54_39_fu_1662_p3  |  select  |      0|  0|  26|           1|           1|
    |select_ln54_3_fu_1086_p3   |  select  |      0|  0|  26|           1|           1|
    |select_ln54_40_fu_1678_p3  |  select  |      0|  0|  26|           1|           1|
    |select_ln54_41_fu_1694_p3  |  select  |      0|  0|  26|           1|           1|
    |select_ln54_42_fu_1710_p3  |  select  |      0|  0|  26|           1|           1|
    |select_ln54_43_fu_1726_p3  |  select  |      0|  0|  26|           1|           1|
    |select_ln54_44_fu_1742_p3  |  select  |      0|  0|  26|           1|           1|
    |select_ln54_45_fu_1758_p3  |  select  |      0|  0|  26|           1|           1|
    |select_ln54_46_fu_1774_p3  |  select  |      0|  0|  26|           1|           1|
    |select_ln54_47_fu_1790_p3  |  select  |      0|  0|  26|           1|           1|
    |select_ln54_48_fu_1806_p3  |  select  |      0|  0|  26|           1|           1|
    |select_ln54_49_fu_1822_p3  |  select  |      0|  0|  26|           1|           1|
    |select_ln54_4_fu_1102_p3   |  select  |      0|  0|  26|           1|           1|
    |select_ln54_50_fu_1838_p3  |  select  |      0|  0|  26|           1|           1|
    |select_ln54_51_fu_1854_p3  |  select  |      0|  0|  26|           1|           1|
    |select_ln54_52_fu_1870_p3  |  select  |      0|  0|  26|           1|           1|
    |select_ln54_53_fu_1886_p3  |  select  |      0|  0|  26|           1|           1|
    |select_ln54_54_fu_1902_p3  |  select  |      0|  0|  26|           1|           1|
    |select_ln54_55_fu_1918_p3  |  select  |      0|  0|  26|           1|           1|
    |select_ln54_56_fu_1934_p3  |  select  |      0|  0|  26|           1|           1|
    |select_ln54_57_fu_1950_p3  |  select  |      0|  0|  26|           1|           1|
    |select_ln54_58_fu_1966_p3  |  select  |      0|  0|  26|           1|           1|
    |select_ln54_59_fu_1982_p3  |  select  |      0|  0|  26|           1|           1|
    |select_ln54_5_fu_1118_p3   |  select  |      0|  0|  26|           1|           1|
    |select_ln54_60_fu_1998_p3  |  select  |      0|  0|  26|           1|           1|
    |select_ln54_61_fu_2014_p3  |  select  |      0|  0|  26|           1|           1|
    |select_ln54_62_fu_2030_p3  |  select  |      0|  0|  26|           1|           1|
    |select_ln54_63_fu_2046_p3  |  select  |      0|  0|  26|           1|           1|
    |select_ln54_6_fu_1134_p3   |  select  |      0|  0|  26|           1|           1|
    |select_ln54_7_fu_1150_p3   |  select  |      0|  0|  26|           1|           1|
    |select_ln54_8_fu_1166_p3   |  select  |      0|  0|  26|           1|           1|
    |select_ln54_9_fu_1182_p3   |  select  |      0|  0|  26|           1|           1|
    |select_ln54_fu_1038_p3     |  select  |      0|  0|  26|           1|           1|
    +---------------------------+----------+-------+---+----+------------+------------+
    |Total                      |          |      0|  0|1664|          64|          64|
    +---------------------------+----------+-------+---+----+------------+------------+

    * Multiplexer: 
    N/A

    * Register: 
    N/A



================================================================
== Interface
================================================================
* Summary: 
+----------------+-----+-----+------------+----------------+--------------+
|    RTL Ports   | Dir | Bits|  Protocol  |  Source Object |    C Type    |
+----------------+-----+-----+------------+----------------+--------------+
|ap_ready        | out |    1| ap_ctrl_hs |    relu<64>    | return value |
|ap_return_0     | out |   27| ap_ctrl_hs |    relu<64>    | return value |
|ap_return_1     | out |   27| ap_ctrl_hs |    relu<64>    | return value |
|ap_return_2     | out |   27| ap_ctrl_hs |    relu<64>    | return value |
|ap_return_3     | out |   27| ap_ctrl_hs |    relu<64>    | return value |
|ap_return_4     | out |   27| ap_ctrl_hs |    relu<64>    | return value |
|ap_return_5     | out |   27| ap_ctrl_hs |    relu<64>    | return value |
|ap_return_6     | out |   27| ap_ctrl_hs |    relu<64>    | return value |
|ap_return_7     | out |   27| ap_ctrl_hs |    relu<64>    | return value |
|ap_return_8     | out |   27| ap_ctrl_hs |    relu<64>    | return value |
|ap_return_9     | out |   27| ap_ctrl_hs |    relu<64>    | return value |
|ap_return_10    | out |   27| ap_ctrl_hs |    relu<64>    | return value |
|ap_return_11    | out |   27| ap_ctrl_hs |    relu<64>    | return value |
|ap_return_12    | out |   27| ap_ctrl_hs |    relu<64>    | return value |
|ap_return_13    | out |   27| ap_ctrl_hs |    relu<64>    | return value |
|ap_return_14    | out |   27| ap_ctrl_hs |    relu<64>    | return value |
|ap_return_15    | out |   27| ap_ctrl_hs |    relu<64>    | return value |
|ap_return_16    | out |   27| ap_ctrl_hs |    relu<64>    | return value |
|ap_return_17    | out |   27| ap_ctrl_hs |    relu<64>    | return value |
|ap_return_18    | out |   27| ap_ctrl_hs |    relu<64>    | return value |
|ap_return_19    | out |   27| ap_ctrl_hs |    relu<64>    | return value |
|ap_return_20    | out |   27| ap_ctrl_hs |    relu<64>    | return value |
|ap_return_21    | out |   27| ap_ctrl_hs |    relu<64>    | return value |
|ap_return_22    | out |   27| ap_ctrl_hs |    relu<64>    | return value |
|ap_return_23    | out |   27| ap_ctrl_hs |    relu<64>    | return value |
|ap_return_24    | out |   27| ap_ctrl_hs |    relu<64>    | return value |
|ap_return_25    | out |   27| ap_ctrl_hs |    relu<64>    | return value |
|ap_return_26    | out |   27| ap_ctrl_hs |    relu<64>    | return value |
|ap_return_27    | out |   27| ap_ctrl_hs |    relu<64>    | return value |
|ap_return_28    | out |   27| ap_ctrl_hs |    relu<64>    | return value |
|ap_return_29    | out |   27| ap_ctrl_hs |    relu<64>    | return value |
|ap_return_30    | out |   27| ap_ctrl_hs |    relu<64>    | return value |
|ap_return_31    | out |   27| ap_ctrl_hs |    relu<64>    | return value |
|ap_return_32    | out |   27| ap_ctrl_hs |    relu<64>    | return value |
|ap_return_33    | out |   27| ap_ctrl_hs |    relu<64>    | return value |
|ap_return_34    | out |   27| ap_ctrl_hs |    relu<64>    | return value |
|ap_return_35    | out |   27| ap_ctrl_hs |    relu<64>    | return value |
|ap_return_36    | out |   27| ap_ctrl_hs |    relu<64>    | return value |
|ap_return_37    | out |   27| ap_ctrl_hs |    relu<64>    | return value |
|ap_return_38    | out |   27| ap_ctrl_hs |    relu<64>    | return value |
|ap_return_39    | out |   27| ap_ctrl_hs |    relu<64>    | return value |
|ap_return_40    | out |   27| ap_ctrl_hs |    relu<64>    | return value |
|ap_return_41    | out |   27| ap_ctrl_hs |    relu<64>    | return value |
|ap_return_42    | out |   27| ap_ctrl_hs |    relu<64>    | return value |
|ap_return_43    | out |   27| ap_ctrl_hs |    relu<64>    | return value |
|ap_return_44    | out |   27| ap_ctrl_hs |    relu<64>    | return value |
|ap_return_45    | out |   27| ap_ctrl_hs |    relu<64>    | return value |
|ap_return_46    | out |   27| ap_ctrl_hs |    relu<64>    | return value |
|ap_return_47    | out |   27| ap_ctrl_hs |    relu<64>    | return value |
|ap_return_48    | out |   27| ap_ctrl_hs |    relu<64>    | return value |
|ap_return_49    | out |   27| ap_ctrl_hs |    relu<64>    | return value |
|ap_return_50    | out |   27| ap_ctrl_hs |    relu<64>    | return value |
|ap_return_51    | out |   27| ap_ctrl_hs |    relu<64>    | return value |
|ap_return_52    | out |   27| ap_ctrl_hs |    relu<64>    | return value |
|ap_return_53    | out |   27| ap_ctrl_hs |    relu<64>    | return value |
|ap_return_54    | out |   27| ap_ctrl_hs |    relu<64>    | return value |
|ap_return_55    | out |   27| ap_ctrl_hs |    relu<64>    | return value |
|ap_return_56    | out |   27| ap_ctrl_hs |    relu<64>    | return value |
|ap_return_57    | out |   27| ap_ctrl_hs |    relu<64>    | return value |
|ap_return_58    | out |   27| ap_ctrl_hs |    relu<64>    | return value |
|ap_return_59    | out |   27| ap_ctrl_hs |    relu<64>    | return value |
|ap_return_60    | out |   27| ap_ctrl_hs |    relu<64>    | return value |
|ap_return_61    | out |   27| ap_ctrl_hs |    relu<64>    | return value |
|ap_return_62    | out |   27| ap_ctrl_hs |    relu<64>    | return value |
|ap_return_63    | out |   27| ap_ctrl_hs |    relu<64>    | return value |
|data_0_V_read   |  in |   27|   ap_none  |  data_0_V_read |    scalar    |
|data_1_V_read   |  in |   27|   ap_none  |  data_1_V_read |    scalar    |
|data_2_V_read   |  in |   27|   ap_none  |  data_2_V_read |    scalar    |
|data_3_V_read   |  in |   27|   ap_none  |  data_3_V_read |    scalar    |
|data_4_V_read   |  in |   27|   ap_none  |  data_4_V_read |    scalar    |
|data_5_V_read   |  in |   27|   ap_none  |  data_5_V_read |    scalar    |
|data_6_V_read   |  in |   27|   ap_none  |  data_6_V_read |    scalar    |
|data_7_V_read   |  in |   27|   ap_none  |  data_7_V_read |    scalar    |
|data_8_V_read   |  in |   27|   ap_none  |  data_8_V_read |    scalar    |
|data_9_V_read   |  in |   27|   ap_none  |  data_9_V_read |    scalar    |
|data_10_V_read  |  in |   27|   ap_none  | data_10_V_read |    scalar    |
|data_11_V_read  |  in |   27|   ap_none  | data_11_V_read |    scalar    |
|data_12_V_read  |  in |   27|   ap_none  | data_12_V_read |    scalar    |
|data_13_V_read  |  in |   27|   ap_none  | data_13_V_read |    scalar    |
|data_14_V_read  |  in |   27|   ap_none  | data_14_V_read |    scalar    |
|data_15_V_read  |  in |   27|   ap_none  | data_15_V_read |    scalar    |
|data_16_V_read  |  in |   27|   ap_none  | data_16_V_read |    scalar    |
|data_17_V_read  |  in |   27|   ap_none  | data_17_V_read |    scalar    |
|data_18_V_read  |  in |   27|   ap_none  | data_18_V_read |    scalar    |
|data_19_V_read  |  in |   27|   ap_none  | data_19_V_read |    scalar    |
|data_20_V_read  |  in |   27|   ap_none  | data_20_V_read |    scalar    |
|data_21_V_read  |  in |   27|   ap_none  | data_21_V_read |    scalar    |
|data_22_V_read  |  in |   27|   ap_none  | data_22_V_read |    scalar    |
|data_23_V_read  |  in |   27|   ap_none  | data_23_V_read |    scalar    |
|data_24_V_read  |  in |   27|   ap_none  | data_24_V_read |    scalar    |
|data_25_V_read  |  in |   27|   ap_none  | data_25_V_read |    scalar    |
|data_26_V_read  |  in |   27|   ap_none  | data_26_V_read |    scalar    |
|data_27_V_read  |  in |   27|   ap_none  | data_27_V_read |    scalar    |
|data_28_V_read  |  in |   27|   ap_none  | data_28_V_read |    scalar    |
|data_29_V_read  |  in |   27|   ap_none  | data_29_V_read |    scalar    |
|data_30_V_read  |  in |   27|   ap_none  | data_30_V_read |    scalar    |
|data_31_V_read  |  in |   27|   ap_none  | data_31_V_read |    scalar    |
|data_32_V_read  |  in |   27|   ap_none  | data_32_V_read |    scalar    |
|data_33_V_read  |  in |   27|   ap_none  | data_33_V_read |    scalar    |
|data_34_V_read  |  in |   27|   ap_none  | data_34_V_read |    scalar    |
|data_35_V_read  |  in |   27|   ap_none  | data_35_V_read |    scalar    |
|data_36_V_read  |  in |   27|   ap_none  | data_36_V_read |    scalar    |
|data_37_V_read  |  in |   27|   ap_none  | data_37_V_read |    scalar    |
|data_38_V_read  |  in |   27|   ap_none  | data_38_V_read |    scalar    |
|data_39_V_read  |  in |   27|   ap_none  | data_39_V_read |    scalar    |
|data_40_V_read  |  in |   27|   ap_none  | data_40_V_read |    scalar    |
|data_41_V_read  |  in |   27|   ap_none  | data_41_V_read |    scalar    |
|data_42_V_read  |  in |   27|   ap_none  | data_42_V_read |    scalar    |
|data_43_V_read  |  in |   27|   ap_none  | data_43_V_read |    scalar    |
|data_44_V_read  |  in |   27|   ap_none  | data_44_V_read |    scalar    |
|data_45_V_read  |  in |   27|   ap_none  | data_45_V_read |    scalar    |
|data_46_V_read  |  in |   27|   ap_none  | data_46_V_read |    scalar    |
|data_47_V_read  |  in |   27|   ap_none  | data_47_V_read |    scalar    |
|data_48_V_read  |  in |   27|   ap_none  | data_48_V_read |    scalar    |
|data_49_V_read  |  in |   27|   ap_none  | data_49_V_read |    scalar    |
|data_50_V_read  |  in |   27|   ap_none  | data_50_V_read |    scalar    |
|data_51_V_read  |  in |   27|   ap_none  | data_51_V_read |    scalar    |
|data_52_V_read  |  in |   27|   ap_none  | data_52_V_read |    scalar    |
|data_53_V_read  |  in |   27|   ap_none  | data_53_V_read |    scalar    |
|data_54_V_read  |  in |   27|   ap_none  | data_54_V_read |    scalar    |
|data_55_V_read  |  in |   27|   ap_none  | data_55_V_read |    scalar    |
|data_56_V_read  |  in |   27|   ap_none  | data_56_V_read |    scalar    |
|data_57_V_read  |  in |   27|   ap_none  | data_57_V_read |    scalar    |
|data_58_V_read  |  in |   27|   ap_none  | data_58_V_read |    scalar    |
|data_59_V_read  |  in |   27|   ap_none  | data_59_V_read |    scalar    |
|data_60_V_read  |  in |   27|   ap_none  | data_60_V_read |    scalar    |
|data_61_V_read  |  in |   27|   ap_none  | data_61_V_read |    scalar    |
|data_62_V_read  |  in |   27|   ap_none  | data_62_V_read |    scalar    |
|data_63_V_read  |  in |   27|   ap_none  | data_63_V_read |    scalar    |
+----------------+-----+-----+------------+----------------+--------------+

