==============================================================
Vivado(TM) HLS - High-Level Synthesis from C, C++ and SystemC v2019.2 (64-bit)
Copyright 1986-2019 Xilinx, Inc. All Rights Reserved.
==============================================================
INFO: [HLS 200-10] Setting target device to 'xc7z020-clg484-1'
INFO: [SYN 201-201] Setting up clock 'default' with a period of 10ns.
INFO: [SCHED 204-61] Option 'relax_ii_for_timing' is enabled, will increase II to preserve clock frequency constraints.
INFO: [HLS 200-10] Analyzing design file 'mlp.cpp' ... 
ERROR: [HLS 200-70] Compilation errors found: In file included from mlp.cpp:1:
In file included from mlp.cpp:8:
./mlp.h:25:18: error: use of undeclared identifier 'N_INPUTS'
    data_t input[N_INPUTS], data_t &mean_output, data_t &variance
                 ^
./mlp.h:28:35: error: use of undeclared identifier 'N_INPUTS'
void mlp_monte_carlo(data_t input[N_INPUTS], data_t &mean, data_t &variance);
                                  ^
In file included from mlp.cpp:1:
mlp.cpp:17:16: error: use of undeclared identifier 'N_INPUTS'
  data_t input[N_INPUTS];
               ^
mlp.cpp:22:23: error: use of undeclared identifier 'N_INPUTS'
  for (int i = 0; i < N_INPUTS; i++) {
                      ^
mlp.cpp:40:28: error: use of undeclared identifier 'N_INPUTS'
void mlp_xcel(data_t input[N_INPUTS], data_t &mean_output, data_t &variance_output) {
                           ^
mlp.cpp:45:35: error: use of undeclared identifier 'N_INPUTS'
void mlp_monte_carlo(data_t input[N_INPUTS], data_t &mean, data_t &variance) {
                                  ^
mlp.cpp:46:22: error: use of undeclared identifier 'NUM_MONTE_CARLO_RUNS'
  for (int i = 0; i< NUM_MONTE_CARLO_RUNS; i++) {
                     ^
mlp.cpp:48:21: error: use of undeclared identifier 'N_HIDDEN0'
      data_t dense0[N_HIDDEN0];
                    ^
mlp.cpp:49:21: error: use of undeclared identifier 'N_HIDDEN1'
      data_t dense1[N_HIDDEN1];
                    ^
mlp.cpp:50:21: error: use of undeclared identifier 'N_HIDDEN2'
      data_t dense2[N_HIDDEN2];
                    ^
mlp.cpp:51:21: error: use of undeclared identifier 'N_HIDDEN3'
      data_t dense3[N_HIDDEN3];
                    ^
mlp.cpp:52:21: error: use of undeclared identifier 'N_OUTPUT'
      data_t dense4[N_OUTPUT];
                    ^
mlp.cpp:54:23: error: use of undeclared identifier 'N_HIDDEN0'
      data_t dropout0[N_HIDDEN0];
                      ^
mlp.cpp:55:23: error: use of undeclared identifier 'N_HIDDEN1'
      data_t dropout1[N_HIDDEN1];
                      ^
mlp.cpp:56:23: error: use of undeclared identifier 'N_HIDDEN2'
      data_t dropout2[N_HIDDEN2];
                      ^
mlp.cpp:57:23: error: use of undeclared identifier 'N_HIDDEN3'
      data_t dropout3[N_HIDDEN3];
                      ^
mlp.cpp:60:7: error: use of undeclared identifier 'dense'
      dense<N_INPUTS, N_HIDDEN0>(input, dense0, W0, B0);
      ^
mlp.cpp:60:13: error: use of undeclared identifier 'N_INPUTS'
      dense<N_INPUTS, N_HIDDEN0>(input, dense0, W0, B0);
            ^
mlp.cpp:60:23: error: use of undeclared identifier 'N_HIDDEN0'
      dense<N_INPUTS, N_HIDDEN0>(input, dense0, W0, B0);
                      ^
fatal error: too many errors emitted, stopping now [-ferror-limit=]
20 errors generated.
==============================================================
Vivado(TM) HLS - High-Level Synthesis from C, C++ and SystemC v2019.2 (64-bit)
Copyright 1986-2019 Xilinx, Inc. All Rights Reserved.
==============================================================
==============================================================
Vivado(TM) HLS - High-Level Synthesis from C, C++ and SystemC v2019.2 (64-bit)
Copyright 1986-2019 Xilinx, Inc. All Rights Reserved.
==============================================================
==============================================================
Vivado(TM) HLS - High-Level Synthesis from C, C++ and SystemC v2019.2 (64-bit)
Copyright 1986-2019 Xilinx, Inc. All Rights Reserved.
==============================================================
INFO: [HLS 200-10] Setting target device to 'xc7z020-clg484-1'
INFO: [SYN 201-201] Setting up clock 'default' with a period of 10ns.
INFO: [SCHED 204-61] Option 'relax_ii_for_timing' is enabled, will increase II to preserve clock frequency constraints.
INFO: [HLS 200-10] Analyzing design file 'mlp.cpp' ... 
ERROR: [HLS 200-70] Compilation errors found: In file included from mlp.cpp:1:
In file included from mlp.cpp:8:
./mlp.h:25:18: error: use of undeclared identifier 'N_INPUTS'
    data_t input[N_INPUTS], data_t &mean_output, data_t &variance
                 ^
./mlp.h:28:35: error: use of undeclared identifier 'N_INPUTS'
void mlp_monte_carlo(data_t input[N_INPUTS], data_t &mean, data_t &variance);
                                  ^
In file included from mlp.cpp:1:
In file included from mlp.cpp:9:
In file included from ./layer.h:9:
In file included from ./model.h:23:
./data/w1.h:1:1: error: expected expression
const float W1[9][64] = {
^
In file included from mlp.cpp:1:
In file included from mlp.cpp:9:
In file included from ./layer.h:9:
In file included from ./model.h:27:
./data/b1.h:1:1: error: expected expression
const float B1[] = {12.023456, 12.919745, 13.290984, 0.0, 0.0, 3.7312326, 9.333243, 6.5356793, 9.154578, 8.273345, -0.025693273, 8.542465, 2.24079, 1.9916295, 9.347681, 10.310794, 6.4411006, 10.124503, -12.100575, 0.0, -8.301389, -7.9161596, 0.0, 4.763936, 10.39487, 8.356885, 8.443917, 9.893501, 8.823409, 5.4118414, 0.0, 0.0, 9.071518, 8.4823, 0.7053071, 1.9484186, 4.063359, 9.168837, 2.1426423, 8.175609, 11.945338, 2.0164773, 11.352208, -7.61353, 9.908194, 16.710705, 10.749297, 11.11358, 5.655944, 0.0, 9.29851, 6.674633, 0.0, 0.0, 6.307471, 8.348388, 9.402183, 0.0, 7.016551, 6.383337, 0.0, 4.652127, 5.680893, 3.9040656};
^
In file included from mlp.cpp:1:
In file included from mlp.cpp:9:
In file included from ./layer.h:9:
In file included from ./model.h:31:
./data/w2.h:1:1: error: expected expression
const float W2[64][32] = {
^
In file included from mlp.cpp:1:
In file included from mlp.cpp:9:
In file included from ./layer.h:9:
In file included from ./model.h:35:
./data/b2.h:1:1: error: expected expression
const float B2[] = {-2.6111238, -0.06068363, 9.58727, 9.203087, 6.6229615, 9.148658, -0.05906648, 9.547879, 0.0, 9.552374, 9.600384, 9.517346, -0.031765424, -0.11062969, 9.198428, -0.07200991, 8.892637, 9.532743, 9.32476, 9.552048, 9.673279, 9.851687, 9.597402, 8.601046, 9.124841, 9.367202, -0.048905846, 9.510333, 9.573439, 9.499724, -0.107709706, 9.275227};
^
In file included from mlp.cpp:1:
In file included from mlp.cpp:9:
In file included from ./layer.h:9:
In file included from ./model.h:39:
./data/w3.h:1:1: error: expected expression
const float W3[32][16] = {
^
In file included from mlp.cpp:1:
In file included from mlp.cpp:9:
In file included from ./layer.h:9:
In file included from ./model.h:43:
./data/b3.h:1:1: error: expected expression
const float B3[] = {-0.16230907, 9.907635, -0.042822175, -0.123637095, 9.723475, -0.017272845, 9.784945, 9.668367, 9.642578, -0.045214362, 9.677091, -0.10910967, 9.610079, 9.681346, 1.0160112, 9.673334};
^
In file included from mlp.cpp:1:
In file included from mlp.cpp:9:
In file included from ./layer.h:9:
In file included from ./model.h:47:
./data/w4.h:1:1: error: expected expression
const float W4[16][16] = {
^
In file included from mlp.cpp:1:
In file included from mlp.cpp:9:
In file included from ./layer.h:9:
In file included from ./model.h:51:
./data/b4.h:1:1: error: expected expression
const float B4[] = {9.602517, 9.586198, 0.0, 9.736024, -0.08033985, -0.01970696, -0.009700721, 9.536609, -0.04170622, 0.0, 9.53241, 9.492011, 0.0055408133, 9.508309, -0.10158107, 9.559314};
^
In file included from mlp.cpp:1:
In file included from mlp.cpp:9:
In file included from ./layer.h:9:
In file included from ./model.h:55:
./data/w5.h:1:1: error: expected expression
const float W5[16][1] = {
^
In file included from mlp.cpp:1:
In file included from mlp.cpp:9:
In file included from ./layer.h:9:
In file included from ./model.h:59:
./data/b5.h:1:1: error: expected expression
const float B5[] = {9.451409};
^
In file included from mlp.cpp:1:
In file included from mlp.cpp:9:
./layer.h:40:17: error: expected ';' at end of declaration
  data_t sum = 0
                ^
                ;
./layer.h:48:17: error: expected ';' at end of declaration
  data_t var = 0
                ^
                ;
./layer.h:57:31: error: use of undeclared identifier 'MAX_LAYERS'
  for (int layer = 0; layer < MAX_LAYERS; layer++) {
                              ^
./layer.h:58:27: error: use of undeclared identifier 'MAX_NEURONS'
      for (int i = 0; i < MAX_NEURONS; i++) {
                          ^
./layer.h:59:31: error: use of undeclared identifier 'MAX_INPUTS'; did you mean 'N_INPUTS'?
          for (int j = 0; j < MAX_INPUTS; j++) {
                              ^~~~~~~~~~
                              N_INPUTS
./model.h:12:11: note: 'N_INPUTS' declared here
const int N_INPUTS = 9;
          ^
In file included from mlp.cpp:1:
In file included from mlp.cpp:9:
./layer.h:62:19: error: use of undeclared identifier 'weights'
                  weights[layer][i][j] = W0[i][j];
                  ^
./layer.h:62:42: error: use of undeclared identifier 'W0'
                  weights[layer][i][j] = W0[i][j];
                                         ^
fatal error: too many errors emitted, stopping now [-ferror-limit=]
20 errors generated.
==============================================================
Vivado(TM) HLS - High-Level Synthesis from C, C++ and SystemC v2019.2 (64-bit)
Copyright 1986-2019 Xilinx, Inc. All Rights Reserved.
==============================================================
INFO: [HLS 200-10] Setting target device to 'xc7z020-clg484-1'
INFO: [SYN 201-201] Setting up clock 'default' with a period of 10ns.
INFO: [SCHED 204-61] Option 'relax_ii_for_timing' is enabled, will increase II to preserve clock frequency constraints.
INFO: [HLS 200-10] Analyzing design file 'mlp.cpp' ... 
ERROR: [HLS 200-70] Compilation errors found: In file included from mlp.cpp:1:
In file included from mlp.cpp:8:
In file included from ./mlp.h:10:
In file included from ./model.h:23:
./data/w1.h:1:1: error: expected expression
const float W1[9][64] = {
^
In file included from mlp.cpp:1:
In file included from mlp.cpp:8:
In file included from ./mlp.h:10:
In file included from ./model.h:27:
./data/b1.h:1:1: error: expected expression
const float B1[] = {12.023456, 12.919745, 13.290984, 0.0, 0.0, 3.7312326, 9.333243, 6.5356793, 9.154578, 8.273345, -0.025693273, 8.542465, 2.24079, 1.9916295, 9.347681, 10.310794, 6.4411006, 10.124503, -12.100575, 0.0, -8.301389, -7.9161596, 0.0, 4.763936, 10.39487, 8.356885, 8.443917, 9.893501, 8.823409, 5.4118414, 0.0, 0.0, 9.071518, 8.4823, 0.7053071, 1.9484186, 4.063359, 9.168837, 2.1426423, 8.175609, 11.945338, 2.0164773, 11.352208, -7.61353, 9.908194, 16.710705, 10.749297, 11.11358, 5.655944, 0.0, 9.29851, 6.674633, 0.0, 0.0, 6.307471, 8.348388, 9.402183, 0.0, 7.016551, 6.383337, 0.0, 4.652127, 5.680893, 3.9040656};
^
In file included from mlp.cpp:1:
In file included from mlp.cpp:8:
In file included from ./mlp.h:10:
In file included from ./model.h:31:
./data/w2.h:1:1: error: expected expression
const float W2[64][32] = {
^
In file included from mlp.cpp:1:
In file included from mlp.cpp:8:
In file included from ./mlp.h:10:
In file included from ./model.h:35:
./data/b2.h:1:1: error: expected expression
const float B2[] = {-2.6111238, -0.06068363, 9.58727, 9.203087, 6.6229615, 9.148658, -0.05906648, 9.547879, 0.0, 9.552374, 9.600384, 9.517346, -0.031765424, -0.11062969, 9.198428, -0.07200991, 8.892637, 9.532743, 9.32476, 9.552048, 9.673279, 9.851687, 9.597402, 8.601046, 9.124841, 9.367202, -0.048905846, 9.510333, 9.573439, 9.499724, -0.107709706, 9.275227};
^
In file included from mlp.cpp:1:
In file included from mlp.cpp:8:
In file included from ./mlp.h:10:
In file included from ./model.h:39:
./data/w3.h:1:1: error: expected expression
const float W3[32][16] = {
^
In file included from mlp.cpp:1:
In file included from mlp.cpp:8:
In file included from ./mlp.h:10:
In file included from ./model.h:43:
./data/b3.h:1:1: error: expected expression
const float B3[] = {-0.16230907, 9.907635, -0.042822175, -0.123637095, 9.723475, -0.017272845, 9.784945, 9.668367, 9.642578, -0.045214362, 9.677091, -0.10910967, 9.610079, 9.681346, 1.0160112, 9.673334};
^
In file included from mlp.cpp:1:
In file included from mlp.cpp:8:
In file included from ./mlp.h:10:
In file included from ./model.h:47:
./data/w4.h:1:1: error: expected expression
const float W4[16][16] = {
^
In file included from mlp.cpp:1:
In file included from mlp.cpp:8:
In file included from ./mlp.h:10:
In file included from ./model.h:51:
./data/b4.h:1:1: error: expected expression
const float B4[] = {9.602517, 9.586198, 0.0, 9.736024, -0.08033985, -0.01970696, -0.009700721, 9.536609, -0.04170622, 0.0, 9.53241, 9.492011, 0.0055408133, 9.508309, -0.10158107, 9.559314};
^
In file included from mlp.cpp:1:
In file included from mlp.cpp:8:
In file included from ./mlp.h:10:
In file included from ./model.h:55:
./data/w5.h:1:1: error: expected expression
const float W5[16][1] = {
^
In file included from mlp.cpp:1:
In file included from mlp.cpp:8:
In file included from ./mlp.h:10:
In file included from ./model.h:59:
./data/b5.h:1:1: error: expected expression
const float B5[] = {9.451409};
^
In file included from mlp.cpp:1:
In file included from mlp.cpp:9:
./layer.h:40:17: error: expected ';' at end of declaration
  data_t sum = 0
                ^
                ;
./layer.h:48:17: error: expected ';' at end of declaration
  data_t var = 0
                ^
                ;
./layer.h:57:31: error: use of undeclared identifier 'MAX_LAYERS'
  for (int layer = 0; layer < MAX_LAYERS; layer++) {
                              ^
./layer.h:58:27: error: use of undeclared identifier 'MAX_NEURONS'
      for (int i = 0; i < MAX_NEURONS; i++) {
                          ^
./layer.h:59:31: error: use of undeclared identifier 'MAX_INPUTS'; did you mean 'N_INPUTS'?
          for (int j = 0; j < MAX_INPUTS; j++) {
                              ^~~~~~~~~~
                              N_INPUTS
./model.h:12:11: note: 'N_INPUTS' declared here
const int N_INPUTS = 9;
          ^
In file included from mlp.cpp:1:
In file included from mlp.cpp:9:
./layer.h:62:19: error: use of undeclared identifier 'weights'
                  weights[layer][i][j] = W0[i][j];
                  ^
./layer.h:62:42: error: use of undeclared identifier 'W0'
                  weights[layer][i][j] = W0[i][j];
                                         ^
./layer.h:65:19: error: use of undeclared identifier 'weights'
                  weights[layer][i][j] = W2[i][j];
                  ^
./layer.h:65:42: error: use of undeclared identifier 'W2'
                  weights[layer][i][j] = W2[i][j];
                                         ^
fatal error: too many errors emitted, stopping now [-ferror-limit=]
20 errors generated.
==============================================================
Vivado(TM) HLS - High-Level Synthesis from C, C++ and SystemC v2019.2 (64-bit)
Copyright 1986-2019 Xilinx, Inc. All Rights Reserved.
==============================================================
INFO: [HLS 200-10] Setting target device to 'xc7z020-clg484-1'
INFO: [SYN 201-201] Setting up clock 'default' with a period of 10ns.
INFO: [SCHED 204-61] Option 'relax_ii_for_timing' is enabled, will increase II to preserve clock frequency constraints.
INFO: [HLS 200-10] Analyzing design file 'mlp.cpp' ... 
ERROR: [HLS 200-70] Compilation errors found: In file included from mlp.cpp:1:
In file included from mlp.cpp:8:
In file included from ./mlp.h:10:
In file included from ./model.h:23:
./data/w1.h:1:1: error: expected expression
const data_t w1[9][64] = {
^
In file included from mlp.cpp:1:
In file included from mlp.cpp:8:
In file included from ./mlp.h:10:
In file included from ./model.h:27:
./data/b1.h:1:1: error: expected expression
const data_t b1[] = {12.023456, 12.919745, 13.290984, 0.0, 0.0, 3.7312326, 9.333243, 6.5356793, 9.154578, 8.273345, -0.025693273, 8.542465, 2.24079, 1.9916295, 9.347681, 10.310794, 6.4411006, 10.124503, -12.100575, 0.0, -8.301389, -7.9161596, 0.0, 4.763936, 10.39487, 8.356885, 8.443917, 9.893501, 8.823409, 5.4118414, 0.0, 0.0, 9.071518, 8.4823, 0.7053071, 1.9484186, 4.063359, 9.168837, 2.1426423, 8.175609, 11.945338, 2.0164773, 11.352208, -7.61353, 9.908194, 16.710705, 10.749297, 11.11358, 5.655944, 0.0, 9.29851, 6.674633, 0.0, 0.0, 6.307471, 8.348388, 9.402183, 0.0, 7.016551, 6.383337, 0.0, 4.652127, 5.680893, 3.9040656};
^
In file included from mlp.cpp:1:
In file included from mlp.cpp:8:
In file included from ./mlp.h:10:
In file included from ./model.h:31:
./data/w2.h:1:1: error: expected expression
const data_t w2[64][32] = {
^
In file included from mlp.cpp:1:
In file included from mlp.cpp:8:
In file included from ./mlp.h:10:
In file included from ./model.h:35:
./data/b2.h:1:1: error: expected expression
const data_t b2[] = {-2.6111238, -0.06068363, 9.58727, 9.203087, 6.6229615, 9.148658, -0.05906648, 9.547879, 0.0, 9.552374, 9.600384, 9.517346, -0.031765424, -0.11062969, 9.198428, -0.07200991, 8.892637, 9.532743, 9.32476, 9.552048, 9.673279, 9.851687, 9.597402, 8.601046, 9.124841, 9.367202, -0.048905846, 9.510333, 9.573439, 9.499724, -0.107709706, 9.275227};
^
In file included from mlp.cpp:1:
In file included from mlp.cpp:8:
In file included from ./mlp.h:10:
In file included from ./model.h:39:
./data/w3.h:1:1: error: expected expression
const data_t w3[32][16] = {
^
In file included from mlp.cpp:1:
In file included from mlp.cpp:8:
In file included from ./mlp.h:10:
In file included from ./model.h:43:
./data/b3.h:1:1: error: expected expression
const float b3[] = {-0.16230907, 9.907635, -0.042822175, -0.123637095, 9.723475, -0.017272845, 9.784945, 9.668367, 9.642578, -0.045214362, 9.677091, -0.10910967, 9.610079, 9.681346, 1.0160112, 9.673334};
^
In file included from mlp.cpp:1:
In file included from mlp.cpp:8:
In file included from ./mlp.h:10:
In file included from ./model.h:47:
./data/w4.h:1:1: error: expected expression
const data_t w4[16][16] = {
^
In file included from mlp.cpp:1:
In file included from mlp.cpp:8:
In file included from ./mlp.h:10:
In file included from ./model.h:51:
./data/b4.h:1:1: error: expected expression
const data_t b4[] = {9.602517, 9.586198, 0.0, 9.736024, -0.08033985, -0.01970696, -0.009700721, 9.536609, -0.04170622, 0.0, 9.53241, 9.492011, 0.0055408133, 9.508309, -0.10158107, 9.559314};
^
In file included from mlp.cpp:1:
In file included from mlp.cpp:8:
In file included from ./mlp.h:10:
In file included from ./model.h:55:
./data/w5.h:1:1: error: expected expression
const data_t w5[16][1] = {
^
In file included from mlp.cpp:1:
In file included from mlp.cpp:8:
In file included from ./mlp.h:10:
In file included from ./model.h:59:
./data/b5.h:1:1: error: expected expression
const data_t b5[] = {9.451409};
^
In file included from mlp.cpp:1:
In file included from mlp.cpp:9:
./layer.h:40:17: error: expected ';' at end of declaration
  data_t sum = 0
                ^
                ;
./layer.h:48:17: error: expected ';' at end of declaration
  data_t var = 0
                ^
                ;
In file included from mlp.cpp:1:
mlp.cpp:28:3: error: use of undeclared identifier 'mlp_xcel'
  mlp_xcel(input, mean_output, variance_output);
  ^
mlp.cpp:53:21: error: use of undeclared identifier 'N_OUTPUT'; did you mean 'N_OUTPUTS'?
      data_t dense4[N_OUTPUT];
                    ^~~~~~~~
                    N_OUTPUTS
./model.h:17:11: note: 'N_OUTPUTS' declared here
const int N_OUTPUTS = 1;
          ^
In file included from mlp.cpp:1:
mlp.cpp:60:42: error: expected expression
      bool mask0[N_HIDDEN0] = N_HIDDEN0 *[false];
                                         ^
mlp.cpp:61:42: error: expected expression
      bool mask1[N_HIDDEN1] = N_HIDDEN1 *[false];
                                         ^
mlp.cpp:62:42: error: expected expression
      bool mask2[N_HIDDEN2] = N_HIDDEN2 *[false];
                                         ^
mlp.cpp:63:42: error: expected expression
      bool mask3[N_HIDDEN3] = N_HIDDEN3 *[false];
                                         ^
mlp.cpp:66:53: error: use of undeclared identifier 'B0'
      dense<N_INPUTS, N_HIDDEN0>(input, dense0, W0, B0);
                                                    ^
fatal error: too many errors emitted, stopping now [-ferror-limit=]
20 errors generated.
==============================================================
Vivado(TM) HLS - High-Level Synthesis from C, C++ and SystemC v2019.2 (64-bit)
Copyright 1986-2019 Xilinx, Inc. All Rights Reserved.
==============================================================
INFO: [HLS 200-10] Setting target device to 'xc7z020-clg484-1'
INFO: [SYN 201-201] Setting up clock 'default' with a period of 10ns.
INFO: [SCHED 204-61] Option 'relax_ii_for_timing' is enabled, will increase II to preserve clock frequency constraints.
INFO: [HLS 200-10] Analyzing design file 'mlp.cpp' ... 
ERROR: [HLS 200-70] Compilation errors found: In file included from mlp.cpp:1:
In file included from mlp.cpp:8:
In file included from ./mlp.h:10:
In file included from ./model.h:23:
./data/w1.h:1:1: error: expected expression
const data_t w1[9][64] = {
^
In file included from mlp.cpp:1:
In file included from mlp.cpp:8:
In file included from ./mlp.h:10:
In file included from ./model.h:31:
./data/w2.h:1:1: error: expected expression
const data_t w2[64][32] = {
^
In file included from mlp.cpp:1:
In file included from mlp.cpp:8:
In file included from ./mlp.h:10:
In file included from ./model.h:39:
./data/w3.h:1:1: error: expected expression
const data_t w3[32][16] = {
^
In file included from mlp.cpp:1:
In file included from mlp.cpp:8:
In file included from ./mlp.h:10:
In file included from ./model.h:43:
./data/b3.h:1:1: error: expected expression
const float b3[] = {-0.16230907, 9.907635, -0.042822175, -0.123637095, 9.723475, -0.017272845, 9.784945, 9.668367, 9.642578, -0.045214362, 9.677091, -0.10910967, 9.610079, 9.681346, 1.0160112, 9.673334};
^
In file included from mlp.cpp:1:
In file included from mlp.cpp:8:
In file included from ./mlp.h:10:
In file included from ./model.h:47:
./data/w4.h:1:1: error: expected expression
const data_t w4[16][16] = {
^
In file included from mlp.cpp:1:
In file included from mlp.cpp:8:
In file included from ./mlp.h:10:
In file included from ./model.h:51:
./data/b4.h:1:1: error: expected expression
const data_t b4[] = {9.602517, 9.586198, 0.0, 9.736024, -0.08033985, -0.01970696, -0.009700721, 9.536609, -0.04170622, 0.0, 9.53241, 9.492011, 0.0055408133, 9.508309, -0.10158107, 9.559314};
^
In file included from mlp.cpp:1:
In file included from mlp.cpp:8:
In file included from ./mlp.h:10:
In file included from ./model.h:55:
./data/w5.h:1:1: error: expected expression
const data_t w5[16][1] = {
^
In file included from mlp.cpp:1:
In file included from mlp.cpp:8:
In file included from ./mlp.h:10:
In file included from ./model.h:59:
./data/b5.h:1:1: error: expected expression
const data_t b5[] = {9.451409};
^
In file included from mlp.cpp:1:
In file included from mlp.cpp:9:
./layer.h:40:17: error: expected ';' at end of declaration
  data_t sum = 0
                ^
                ;
./layer.h:48:17: error: expected ';' at end of declaration
  data_t var = 0
                ^
                ;
In file included from mlp.cpp:1:
mlp.cpp:28:3: error: use of undeclared identifier 'mlp_xcel'
  mlp_xcel(input, mean_output, variance_output);
  ^
mlp.cpp:53:21: error: use of undeclared identifier 'N_OUTPUT'; did you mean 'N_OUTPUTS'?
      data_t dense4[N_OUTPUT];
                    ^~~~~~~~
                    N_OUTPUTS
./model.h:17:11: note: 'N_OUTPUTS' declared here
const int N_OUTPUTS = 1;
          ^
In file included from mlp.cpp:1:
mlp.cpp:66:49: error: use of undeclared identifier 'w0'
      dense<N_INPUTS, N_HIDDEN0>(input, dense0, w0, b0);
                                                ^
mlp.cpp:70:7: error: no matching function for call to 'dense'
      dense<N_HIDDEN0, N_HIDDEN1>(dropout0, dense1, w1, b1);
      ^~~~~~~~~~~~~~~~~~~~~~~~~~~
./layer.h:13:6: note: candidate function [with IN_SIZE = 64, OUT_SIZE = 32] not viable: no known conversion from 'const data_t [9][64]' to 'const data_t (*)[32]' for 3rd argument; 
void dense(data_t input[IN_SIZE], data_t output[OUT_SIZE], const data_t weight[IN_SIZE][OUT_SIZE], const data_t bias[OUT_SIZE]) {
     ^
In file included from mlp.cpp:1:
mlp.cpp:74:7: error: no matching function for call to 'dense'
      dense<N_HIDDEN1, N_HIDDEN2>(dropout1, dense2, w2, b2);
      ^~~~~~~~~~~~~~~~~~~~~~~~~~~
./layer.h:13:6: note: candidate function [with IN_SIZE = 32, OUT_SIZE = 16] not viable: no known conversion from 'const data_t [64][32]' to 'const data_t (*)[16]' for 3rd argument; 
void dense(data_t input[IN_SIZE], data_t output[OUT_SIZE], const data_t weight[IN_SIZE][OUT_SIZE], const data_t bias[OUT_SIZE]) {
     ^
In file included from mlp.cpp:1:
mlp.cpp:82:7: error: no matching function for call to 'dense'
      dense<N_HIDDEN3, N_OUTPUTS>(dropout3, dense4, w4, b4);
      ^~~~~~~~~~~~~~~~~~~~~~~~~~~
./layer.h:13:6: note: candidate function [with IN_SIZE = 16, OUT_SIZE = 1] not viable: no known conversion from 'const data_t [16][16]' to 'const data_t (*)[1]' for 3rd argument; 
void dense(data_t input[IN_SIZE], data_t output[OUT_SIZE], const data_t weight[IN_SIZE][OUT_SIZE], const data_t bias[OUT_SIZE]) {
     ^
In file included from mlp.cpp:1:
mlp.cpp:83:18: error: no viable overloaded '='
      outputs[i] = dense4[0];
      ~~~~~~~~~~ ^ ~~~~~~~~~
/opt/xilinx/Vivado/2019.2/common/technology/autopilot/ap_fixed.h:201:51: note: candidate function not viable: 'this' argument has type 'const data_t' (aka 'const ap_fixed<16, 6>'), but method is not marked const
  inline __attribute__((always_inline)) ap_fixed& operator=(
                                                  ^
/opt/xilinx/Vivado/2019.2/common/technology/autopilot/ap_fixed.h:207:46: note: candidate function not viable: 'this' argument has type 'const data_t' (aka 'const ap_fixed<16, 6>'), but method is not marked const
  inline __attribute__((always_inline)) void operator=(
                                             ^
/opt/xilinx/Vivado/2019.2/common/technology/autopilot/ap_fixed.h:212:51: note: candidate function not viable: 'this' argument has type 'const data_t' (aka 'const ap_fixed<16, 6>'), but method is not marked const
  inline __attribute__((always_inline)) ap_fixed& operator=(
                                                  ^
/opt/xilinx/Vivado/2019.2/common/technology/autopilot/ap_fixed.h:218:46: note: candidate function not viable: 'this' argument has type 'const data_t' (aka 'const ap_fixed<16, 6>'), but method is not marked const
  inline __attribute__((always_inline)) void operator=(
                                             ^
In file included from mlp.cpp:1:
mlp.cpp:85:10: error: no matching function for call to 'calculate_mean'
  mean = calculate_mean(outputs);
         ^~~~~~~~~~~~~~
./layer.h:39:8: note: candidate function not viable: no known conversion from 'const data_t [100]' to 'data_t *' (aka 'ap_fixed<16, 6> *') for 1st argument; 
data_t calculate_mean(data_t outputs[NUM_MONTE_CARLO_RUNS]) {
       ^
In file included from mlp.cpp:1:
mlp.cpp:86:14: error: no matching function for call to 'calculate_variance'
  variance = calculate_variance(outputs, mean);
             ^~~~~~~~~~~~~~~~~~
./layer.h:47:8: note: candidate function not viable: no known conversion from 'const data_t [100]' to 'data_t *' (aka 'ap_fixed<16, 6> *') for 1st argument; 
data_t calculate_variance(data_t outputs[NUM_MONTE_CARLO_RUNS], data_t mean) {
       ^
In file included from mlp.cpp:1:
In file included from mlp.cpp:8:
In file included from ./mlp.h:9:
In file included from ./typedefs.h:9:
In file included from /opt/xilinx/Vivado/2019.2/common/technology/autopilot/ap_int.h:367:
In file included from /opt/xilinx/Vivado/2019.2/common/technology/autopilot/ap_fixed.h:55:
/opt/xilinx/Vivado/2019.2/common/technology/autopilot/ap_fixed_base.h:838:13: warning: shift count is negative [-Wshift-count-negative]
      ret.V <<= (_AP_I - _AP_W);
            ^   ~~~~~~~~~~~~~~~
/opt/xilinx/Vivado/2019.2/common/technology/autopilot/ap_fixed_base.h:869:69: note: in instantiation of member function 'ap_fixed_base<16, 6, true, 5, 3, 0>::to_ap_int_base' requested here
  inline __attribute__((always_inline)) int to_int() const { return to_ap_int_base().to_int(); }
                                                                    ^
/opt/xilinx/Vivado/2019.2/common/technology/autopilot/ap_fixed_base.h:1042:71: note: in instantiation of member function 'ap_fixed_base<16, 6, true, 5, 3, 0>::to_int' requested here
  inline __attribute__((always_inline)) operator int() const { return to_int(); }
                                                                      ^
mlp.cpp:83:20: note: in instantiation of member function 'ap_fixed_base<16, 6, true, 5, 3, 0>::operator int' requested here
      outputs[i] = dense4[0];
                   ^
1 warning and 19 errors generated.
==============================================================
Vivado(TM) HLS - High-Level Synthesis from C, C++ and SystemC v2019.2 (64-bit)
Copyright 1986-2019 Xilinx, Inc. All Rights Reserved.
==============================================================
INFO: [HLS 200-10] Setting target device to 'xc7z020-clg484-1'
INFO: [SYN 201-201] Setting up clock 'default' with a period of 10ns.
INFO: [SCHED 204-61] Option 'relax_ii_for_timing' is enabled, will increase II to preserve clock frequency constraints.
INFO: [HLS 200-10] Analyzing design file 'mlp.cpp' ... 
ERROR: [HLS 200-70] Compilation errors found: In file included from mlp.cpp:1:
mlp.cpp:28:3: error: use of undeclared identifier 'mlp_xcel'
  mlp_xcel(input, mean_output, variance_output);
  ^
mlp.cpp:53:21: error: use of undeclared identifier 'N_OUTPUT'; did you mean 'N_OUTPUTS'?
      data_t dense4[N_OUTPUT];
                    ^~~~~~~~
                    N_OUTPUTS
./model.h:17:11: note: 'N_OUTPUTS' declared here
const int N_OUTPUTS = 1;
          ^
In file included from mlp.cpp:1:
mlp.cpp:66:49: error: use of undeclared identifier 'w0'
      dense<N_INPUTS, N_HIDDEN0>(input, dense0, w0, b0);
                                                ^
mlp.cpp:70:7: error: no matching function for call to 'dense'
      dense<N_HIDDEN0, N_HIDDEN1>(dropout0, dense1, w1, b1);
      ^~~~~~~~~~~~~~~~~~~~~~~~~~~
./layer.h:13:6: note: candidate function [with IN_SIZE = 64, OUT_SIZE = 32] not viable: no known conversion from 'const data_t [9][64]' to 'const data_t (*)[32]' for 3rd argument; 
void dense(data_t input[IN_SIZE], data_t output[OUT_SIZE], const data_t weight[IN_SIZE][OUT_SIZE], const data_t bias[OUT_SIZE]) {
     ^
In file included from mlp.cpp:1:
mlp.cpp:74:7: error: no matching function for call to 'dense'
      dense<N_HIDDEN1, N_HIDDEN2>(dropout1, dense2, w2, b2);
      ^~~~~~~~~~~~~~~~~~~~~~~~~~~
./layer.h:13:6: note: candidate function [with IN_SIZE = 32, OUT_SIZE = 16] not viable: no known conversion from 'const data_t [64][32]' to 'const data_t (*)[16]' for 3rd argument; 
void dense(data_t input[IN_SIZE], data_t output[OUT_SIZE], const data_t weight[IN_SIZE][OUT_SIZE], const data_t bias[OUT_SIZE]) {
     ^
In file included from mlp.cpp:1:
mlp.cpp:82:7: error: no matching function for call to 'dense'
      dense<N_HIDDEN3, N_OUTPUTS>(dropout3, dense4, w4, b4);
      ^~~~~~~~~~~~~~~~~~~~~~~~~~~
./layer.h:13:6: note: candidate function [with IN_SIZE = 16, OUT_SIZE = 1] not viable: no known conversion from 'const data_t [16][16]' to 'const data_t (*)[1]' for 3rd argument; 
void dense(data_t input[IN_SIZE], data_t output[OUT_SIZE], const data_t weight[IN_SIZE][OUT_SIZE], const data_t bias[OUT_SIZE]) {
     ^
In file included from mlp.cpp:1:
mlp.cpp:83:18: error: no viable overloaded '='
      outputs[i] = dense4[0];
      ~~~~~~~~~~ ^ ~~~~~~~~~
/opt/xilinx/Vivado/2019.2/common/technology/autopilot/ap_fixed.h:201:51: note: candidate function not viable: 'this' argument has type 'const data_t' (aka 'const ap_fixed<16, 6>'), but method is not marked const
  inline __attribute__((always_inline)) ap_fixed& operator=(
                                                  ^
/opt/xilinx/Vivado/2019.2/common/technology/autopilot/ap_fixed.h:207:46: note: candidate function not viable: 'this' argument has type 'const data_t' (aka 'const ap_fixed<16, 6>'), but method is not marked const
  inline __attribute__((always_inline)) void operator=(
                                             ^
/opt/xilinx/Vivado/2019.2/common/technology/autopilot/ap_fixed.h:212:51: note: candidate function not viable: 'this' argument has type 'const data_t' (aka 'const ap_fixed<16, 6>'), but method is not marked const
  inline __attribute__((always_inline)) ap_fixed& operator=(
                                                  ^
/opt/xilinx/Vivado/2019.2/common/technology/autopilot/ap_fixed.h:218:46: note: candidate function not viable: 'this' argument has type 'const data_t' (aka 'const ap_fixed<16, 6>'), but method is not marked const
  inline __attribute__((always_inline)) void operator=(
                                             ^
In file included from mlp.cpp:1:
mlp.cpp:85:10: error: no matching function for call to 'calculate_mean'
  mean = calculate_mean(outputs);
         ^~~~~~~~~~~~~~
./layer.h:39:8: note: candidate function not viable: no known conversion from 'const data_t [100]' to 'data_t *' (aka 'ap_fixed<16, 6> *') for 1st argument; 
data_t calculate_mean(data_t outputs[NUM_MONTE_CARLO_RUNS]) {
       ^
In file included from mlp.cpp:1:
mlp.cpp:86:14: error: no matching function for call to 'calculate_variance'
  variance = calculate_variance(outputs, mean);
             ^~~~~~~~~~~~~~~~~~
./layer.h:47:8: note: candidate function not viable: no known conversion from 'const data_t [100]' to 'data_t *' (aka 'ap_fixed<16, 6> *') for 1st argument; 
data_t calculate_variance(data_t outputs[NUM_MONTE_CARLO_RUNS], data_t mean) {
       ^
In file included from mlp.cpp:1:
In file included from mlp.cpp:8:
In file included from ./mlp.h:9:
In file included from ./typedefs.h:9:
In file included from /opt/xilinx/Vivado/2019.2/common/technology/autopilot/ap_int.h:367:
In file included from /opt/xilinx/Vivado/2019.2/common/technology/autopilot/ap_fixed.h:55:
/opt/xilinx/Vivado/2019.2/common/technology/autopilot/ap_fixed_base.h:838:13: warning: shift count is negative [-Wshift-count-negative]
      ret.V <<= (_AP_I - _AP_W);
            ^   ~~~~~~~~~~~~~~~
/opt/xilinx/Vivado/2019.2/common/technology/autopilot/ap_fixed_base.h:869:69: note: in instantiation of member function 'ap_fixed_base<16, 6, true, 5, 3, 0>::to_ap_int_base' requested here
  inline __attribute__((always_inline)) int to_int() const { return to_ap_int_base().to_int(); }
                                                                    ^
/opt/xilinx/Vivado/2019.2/common/technology/autopilot/ap_fixed_base.h:1042:71: note: in instantiation of member function 'ap_fixed_base<16, 6, true, 5, 3, 0>::to_int' requested here
  inline __attribute__((always_inline)) operator int() const { return to_int(); }
                                                                      ^
mlp.cpp:83:20: note: in instantiation of member function 'ap_fixed_base<16, 6, true, 5, 3, 0>::operator int' requested here
      outputs[i] = dense4[0];
                   ^
1 warning and 9 errors generated.
==============================================================
Vivado(TM) HLS - High-Level Synthesis from C, C++ and SystemC v2019.2 (64-bit)
Copyright 1986-2019 Xilinx, Inc. All Rights Reserved.
==============================================================
INFO: [HLS 200-10] Setting target device to 'xc7z020-clg484-1'
INFO: [SYN 201-201] Setting up clock 'default' with a period of 10ns.
INFO: [SCHED 204-61] Option 'relax_ii_for_timing' is enabled, will increase II to preserve clock frequency constraints.
INFO: [HLS 200-10] Analyzing design file 'mlp.cpp' ... 
ERROR: [HLS 200-70] Compilation errors found: In file included from mlp.cpp:1:
mlp.cpp:28:3: error: use of undeclared identifier 'mlp_xcel'
  mlp_xcel(input, mean_output, variance_output);
  ^
mlp.cpp:66:49: error: use of undeclared identifier 'w0'
      dense<N_INPUTS, N_HIDDEN0>(input, dense0, w0, b0);
                                                ^
mlp.cpp:70:7: error: no matching function for call to 'dense'
      dense<N_HIDDEN0, N_HIDDEN1>(dropout0, dense1, w1, b1);
      ^~~~~~~~~~~~~~~~~~~~~~~~~~~
./layer.h:13:6: note: candidate function [with IN_SIZE = 64, OUT_SIZE = 32] not viable: no known conversion from 'const data_t [9][64]' to 'const data_t (*)[32]' for 3rd argument; 
void dense(data_t input[IN_SIZE], data_t output[OUT_SIZE], const data_t weight[IN_SIZE][OUT_SIZE], const data_t bias[OUT_SIZE]) {
     ^
In file included from mlp.cpp:1:
mlp.cpp:74:7: error: no matching function for call to 'dense'
      dense<N_HIDDEN1, N_HIDDEN2>(dropout1, dense2, w2, b2);
      ^~~~~~~~~~~~~~~~~~~~~~~~~~~
./layer.h:13:6: note: candidate function [with IN_SIZE = 32, OUT_SIZE = 16] not viable: no known conversion from 'const data_t [64][32]' to 'const data_t (*)[16]' for 3rd argument; 
void dense(data_t input[IN_SIZE], data_t output[OUT_SIZE], const data_t weight[IN_SIZE][OUT_SIZE], const data_t bias[OUT_SIZE]) {
     ^
In file included from mlp.cpp:1:
mlp.cpp:82:7: error: no matching function for call to 'dense'
      dense<N_HIDDEN3, N_OUTPUTS>(dropout3, dense4, w4, b4);
      ^~~~~~~~~~~~~~~~~~~~~~~~~~~
./layer.h:13:6: note: candidate function [with IN_SIZE = 16, OUT_SIZE = 1] not viable: no known conversion from 'const data_t [16][16]' to 'const data_t (*)[1]' for 3rd argument; 
void dense(data_t input[IN_SIZE], data_t output[OUT_SIZE], const data_t weight[IN_SIZE][OUT_SIZE], const data_t bias[OUT_SIZE]) {
     ^
In file included from mlp.cpp:1:
mlp.cpp:83:18: error: no viable overloaded '='
      outputs[i] = dense4[0];
      ~~~~~~~~~~ ^ ~~~~~~~~~
/opt/xilinx/Vivado/2019.2/common/technology/autopilot/ap_fixed.h:201:51: note: candidate function not viable: 'this' argument has type 'const data_t' (aka 'const ap_fixed<16, 6>'), but method is not marked const
  inline __attribute__((always_inline)) ap_fixed& operator=(
                                                  ^
/opt/xilinx/Vivado/2019.2/common/technology/autopilot/ap_fixed.h:207:46: note: candidate function not viable: 'this' argument has type 'const data_t' (aka 'const ap_fixed<16, 6>'), but method is not marked const
  inline __attribute__((always_inline)) void operator=(
                                             ^
/opt/xilinx/Vivado/2019.2/common/technology/autopilot/ap_fixed.h:212:51: note: candidate function not viable: 'this' argument has type 'const data_t' (aka 'const ap_fixed<16, 6>'), but method is not marked const
  inline __attribute__((always_inline)) ap_fixed& operator=(
                                                  ^
/opt/xilinx/Vivado/2019.2/common/technology/autopilot/ap_fixed.h:218:46: note: candidate function not viable: 'this' argument has type 'const data_t' (aka 'const ap_fixed<16, 6>'), but method is not marked const
  inline __attribute__((always_inline)) void operator=(
                                             ^
In file included from mlp.cpp:1:
mlp.cpp:85:10: error: no matching function for call to 'calculate_mean'
  mean = calculate_mean(outputs);
         ^~~~~~~~~~~~~~
./layer.h:39:8: note: candidate function not viable: no known conversion from 'const data_t [100]' to 'data_t *' (aka 'ap_fixed<16, 6> *') for 1st argument; 
data_t calculate_mean(data_t outputs[NUM_MONTE_CARLO_RUNS]) {
       ^
In file included from mlp.cpp:1:
mlp.cpp:86:14: error: no matching function for call to 'calculate_variance'
  variance = calculate_variance(outputs, mean);
             ^~~~~~~~~~~~~~~~~~
./layer.h:47:8: note: candidate function not viable: no known conversion from 'const data_t [100]' to 'data_t *' (aka 'ap_fixed<16, 6> *') for 1st argument; 
data_t calculate_variance(data_t outputs[NUM_MONTE_CARLO_RUNS], data_t mean) {
       ^
In file included from mlp.cpp:1:
In file included from mlp.cpp:8:
In file included from ./mlp.h:9:
In file included from ./typedefs.h:9:
In file included from /opt/xilinx/Vivado/2019.2/common/technology/autopilot/ap_int.h:367:
In file included from /opt/xilinx/Vivado/2019.2/common/technology/autopilot/ap_fixed.h:55:
/opt/xilinx/Vivado/2019.2/common/technology/autopilot/ap_fixed_base.h:838:13: warning: shift count is negative [-Wshift-count-negative]
      ret.V <<= (_AP_I - _AP_W);
            ^   ~~~~~~~~~~~~~~~
/opt/xilinx/Vivado/2019.2/common/technology/autopilot/ap_fixed_base.h:869:69: note: in instantiation of member function 'ap_fixed_base<16, 6, true, 5, 3, 0>::to_ap_int_base' requested here
  inline __attribute__((always_inline)) int to_int() const { return to_ap_int_base().to_int(); }
                                                                    ^
/opt/xilinx/Vivado/2019.2/common/technology/autopilot/ap_fixed_base.h:1042:71: note: in instantiation of member function 'ap_fixed_base<16, 6, true, 5, 3, 0>::to_int' requested here
  inline __attribute__((always_inline)) operator int() const { return to_int(); }
                                                                      ^
mlp.cpp:83:20: note: in instantiation of member function 'ap_fixed_base<16, 6, true, 5, 3, 0>::operator int' requested here
      outputs[i] = dense4[0];
                   ^
1 warning and 8 errors generated.
==============================================================
Vivado(TM) HLS - High-Level Synthesis from C, C++ and SystemC v2019.2 (64-bit)
Copyright 1986-2019 Xilinx, Inc. All Rights Reserved.
==============================================================
INFO: [HLS 200-10] Setting target device to 'xc7z020-clg484-1'
INFO: [SYN 201-201] Setting up clock 'default' with a period of 10ns.
INFO: [SCHED 204-61] Option 'relax_ii_for_timing' is enabled, will increase II to preserve clock frequency constraints.
INFO: [HLS 200-10] Analyzing design file 'mlp.cpp' ... 
ERROR: [HLS 200-70] Compilation errors found: In file included from mlp.cpp:1:
mlp.cpp:28:3: error: use of undeclared identifier 'mlp_xcel'
  mlp_xcel(input, mean_output, variance_output);
  ^
mlp.cpp:66:49: error: use of undeclared identifier 'w0'
      dense<N_INPUTS, N_HIDDEN0>(input, dense0, w0, b0);
                                                ^
mlp.cpp:70:7: error: no matching function for call to 'dense'
      dense<N_HIDDEN0, N_HIDDEN1>(dropout0, dense1, w1, b1);
      ^~~~~~~~~~~~~~~~~~~~~~~~~~~
./layer.h:13:6: note: candidate function [with IN_SIZE = 64, OUT_SIZE = 32] not viable: no known conversion from 'const data_t [9][64]' to 'const data_t (*)[32]' for 3rd argument; 
void dense(data_t input[IN_SIZE], data_t output[OUT_SIZE], const data_t weight[IN_SIZE][OUT_SIZE], const data_t bias[OUT_SIZE]) {
     ^
In file included from mlp.cpp:1:
mlp.cpp:74:7: error: no matching function for call to 'dense'
      dense<N_HIDDEN1, N_HIDDEN2>(dropout1, dense2, w2, b2);
      ^~~~~~~~~~~~~~~~~~~~~~~~~~~
./layer.h:13:6: note: candidate function [with IN_SIZE = 32, OUT_SIZE = 16] not viable: no known conversion from 'const data_t [64][32]' to 'const data_t (*)[16]' for 3rd argument; 
void dense(data_t input[IN_SIZE], data_t output[OUT_SIZE], const data_t weight[IN_SIZE][OUT_SIZE], const data_t bias[OUT_SIZE]) {
     ^
In file included from mlp.cpp:1:
mlp.cpp:82:7: error: no matching function for call to 'dense'
      dense<N_HIDDEN3, N_OUTPUTS>(dropout3, dense4, w4, b4);
      ^~~~~~~~~~~~~~~~~~~~~~~~~~~
./layer.h:13:6: note: candidate function [with IN_SIZE = 16, OUT_SIZE = 1] not viable: no known conversion from 'const data_t [16][16]' to 'const data_t (*)[1]' for 3rd argument; 
void dense(data_t input[IN_SIZE], data_t output[OUT_SIZE], const data_t weight[IN_SIZE][OUT_SIZE], const data_t bias[OUT_SIZE]) {
     ^
In file included from mlp.cpp:1:
mlp.cpp:83:18: error: no viable overloaded '='
      outputs[i] = dense4[0];
      ~~~~~~~~~~ ^ ~~~~~~~~~
/opt/xilinx/Vivado/2019.2/common/technology/autopilot/ap_fixed.h:201:51: note: candidate function not viable: 'this' argument has type 'const data_t' (aka 'const ap_fixed<16, 6>'), but method is not marked const
  inline __attribute__((always_inline)) ap_fixed& operator=(
                                                  ^
/opt/xilinx/Vivado/2019.2/common/technology/autopilot/ap_fixed.h:207:46: note: candidate function not viable: 'this' argument has type 'const data_t' (aka 'const ap_fixed<16, 6>'), but method is not marked const
  inline __attribute__((always_inline)) void operator=(
                                             ^
/opt/xilinx/Vivado/2019.2/common/technology/autopilot/ap_fixed.h:212:51: note: candidate function not viable: 'this' argument has type 'const data_t' (aka 'const ap_fixed<16, 6>'), but method is not marked const
  inline __attribute__((always_inline)) ap_fixed& operator=(
                                                  ^
/opt/xilinx/Vivado/2019.2/common/technology/autopilot/ap_fixed.h:218:46: note: candidate function not viable: 'this' argument has type 'const data_t' (aka 'const ap_fixed<16, 6>'), but method is not marked const
  inline __attribute__((always_inline)) void operator=(
                                             ^
In file included from mlp.cpp:1:
mlp.cpp:85:10: error: no matching function for call to 'calculate_mean'
  mean = calculate_mean(outputs);
         ^~~~~~~~~~~~~~
./layer.h:39:8: note: candidate function not viable: no known conversion from 'const data_t [100]' to 'data_t *' (aka 'ap_fixed<16, 6> *') for 1st argument; 
data_t calculate_mean(data_t outputs[NUM_MONTE_CARLO_RUNS]) {
       ^
In file included from mlp.cpp:1:
mlp.cpp:86:14: error: no matching function for call to 'calculate_variance'
  variance = calculate_variance(outputs, mean);
             ^~~~~~~~~~~~~~~~~~
./layer.h:47:8: note: candidate function not viable: no known conversion from 'const data_t [100]' to 'data_t *' (aka 'ap_fixed<16, 6> *') for 1st argument; 
data_t calculate_variance(data_t outputs[NUM_MONTE_CARLO_RUNS], data_t mean) {
       ^
In file included from mlp.cpp:1:
In file included from mlp.cpp:8:
In file included from ./mlp.h:9:
In file included from ./typedefs.h:9:
In file included from /opt/xilinx/Vivado/2019.2/common/technology/autopilot/ap_int.h:367:
In file included from /opt/xilinx/Vivado/2019.2/common/technology/autopilot/ap_fixed.h:55:
/opt/xilinx/Vivado/2019.2/common/technology/autopilot/ap_fixed_base.h:838:13: warning: shift count is negative [-Wshift-count-negative]
      ret.V <<= (_AP_I - _AP_W);
            ^   ~~~~~~~~~~~~~~~
/opt/xilinx/Vivado/2019.2/common/technology/autopilot/ap_fixed_base.h:869:69: note: in instantiation of member function 'ap_fixed_base<16, 6, true, 5, 3, 0>::to_ap_int_base' requested here
  inline __attribute__((always_inline)) int to_int() const { return to_ap_int_base().to_int(); }
                                                                    ^
/opt/xilinx/Vivado/2019.2/common/technology/autopilot/ap_fixed_base.h:1042:71: note: in instantiation of member function 'ap_fixed_base<16, 6, true, 5, 3, 0>::to_int' requested here
  inline __attribute__((always_inline)) operator int() const { return to_int(); }
                                                                      ^
mlp.cpp:83:20: note: in instantiation of member function 'ap_fixed_base<16, 6, true, 5, 3, 0>::operator int' requested here
      outputs[i] = dense4[0];
                   ^
1 warning and 8 errors generated.
==============================================================
Vivado(TM) HLS - High-Level Synthesis from C, C++ and SystemC v2019.2 (64-bit)
Copyright 1986-2019 Xilinx, Inc. All Rights Reserved.
==============================================================
INFO: [HLS 200-10] Setting target device to 'xc7z020-clg484-1'
INFO: [SYN 201-201] Setting up clock 'default' with a period of 10ns.
INFO: [SCHED 204-61] Option 'relax_ii_for_timing' is enabled, will increase II to preserve clock frequency constraints.
INFO: [HLS 200-10] Analyzing design file 'mlp.cpp' ... 
ERROR: [HLS 200-70] Compilation errors found: In file included from mlp.cpp:1:
mlp.cpp:27:3: error: use of undeclared identifier 'mlp_xcel'
  mlp_xcel(input, mean_output, variance_output);
  ^
mlp.cpp:82:18: error: no viable overloaded '='
      outputs[i] = dense4[0];
      ~~~~~~~~~~ ^ ~~~~~~~~~
/opt/xilinx/Vivado/2019.2/common/technology/autopilot/ap_fixed.h:201:51: note: candidate function not viable: 'this' argument has type 'const data_t' (aka 'const ap_fixed<16, 6>'), but method is not marked const
  inline __attribute__((always_inline)) ap_fixed& operator=(
                                                  ^
/opt/xilinx/Vivado/2019.2/common/technology/autopilot/ap_fixed.h:207:46: note: candidate function not viable: 'this' argument has type 'const data_t' (aka 'const ap_fixed<16, 6>'), but method is not marked const
  inline __attribute__((always_inline)) void operator=(
                                             ^
/opt/xilinx/Vivado/2019.2/common/technology/autopilot/ap_fixed.h:212:51: note: candidate function not viable: 'this' argument has type 'const data_t' (aka 'const ap_fixed<16, 6>'), but method is not marked const
  inline __attribute__((always_inline)) ap_fixed& operator=(
                                                  ^
/opt/xilinx/Vivado/2019.2/common/technology/autopilot/ap_fixed.h:218:46: note: candidate function not viable: 'this' argument has type 'const data_t' (aka 'const ap_fixed<16, 6>'), but method is not marked const
  inline __attribute__((always_inline)) void operator=(
                                             ^
In file included from mlp.cpp:1:
mlp.cpp:84:10: error: no matching function for call to 'calculate_mean'
  mean = calculate_mean(outputs);
         ^~~~~~~~~~~~~~
./layer.h:39:8: note: candidate function not viable: no known conversion from 'const data_t [100]' to 'data_t *' (aka 'ap_fixed<16, 6> *') for 1st argument; 
data_t calculate_mean(data_t outputs[NUM_MONTE_CARLO_RUNS]) {
       ^
In file included from mlp.cpp:1:
mlp.cpp:85:14: error: no matching function for call to 'calculate_variance'
  variance = calculate_variance(outputs, mean);
             ^~~~~~~~~~~~~~~~~~
./layer.h:47:8: note: candidate function not viable: no known conversion from 'const data_t [100]' to 'data_t *' (aka 'ap_fixed<16, 6> *') for 1st argument; 
data_t calculate_variance(data_t outputs[NUM_MONTE_CARLO_RUNS], data_t mean) {
       ^
In file included from mlp.cpp:1:
In file included from mlp.cpp:8:
In file included from ./mlp.h:9:
In file included from ./typedefs.h:9:
In file included from /opt/xilinx/Vivado/2019.2/common/technology/autopilot/ap_int.h:367:
In file included from /opt/xilinx/Vivado/2019.2/common/technology/autopilot/ap_fixed.h:55:
/opt/xilinx/Vivado/2019.2/common/technology/autopilot/ap_fixed_base.h:838:13: warning: shift count is negative [-Wshift-count-negative]
      ret.V <<= (_AP_I - _AP_W);
            ^   ~~~~~~~~~~~~~~~
/opt/xilinx/Vivado/2019.2/common/technology/autopilot/ap_fixed_base.h:869:69: note: in instantiation of member function 'ap_fixed_base<16, 6, true, 5, 3, 0>::to_ap_int_base' requested here
  inline __attribute__((always_inline)) int to_int() const { return to_ap_int_base().to_int(); }
                                                                    ^
/opt/xilinx/Vivado/2019.2/common/technology/autopilot/ap_fixed_base.h:1042:71: note: in instantiation of member function 'ap_fixed_base<16, 6, true, 5, 3, 0>::to_int' requested here
  inline __attribute__((always_inline)) operator int() const { return to_int(); }
                                                                      ^
mlp.cpp:82:20: note: in instantiation of member function 'ap_fixed_base<16, 6, true, 5, 3, 0>::operator int' requested here
      outputs[i] = dense4[0];
                   ^
1 warning and 4 errors generated.
==============================================================
Vivado(TM) HLS - High-Level Synthesis from C, C++ and SystemC v2019.2 (64-bit)
Copyright 1986-2019 Xilinx, Inc. All Rights Reserved.
==============================================================
INFO: [HLS 200-10] Setting target device to 'xc7z020-clg484-1'
INFO: [SYN 201-201] Setting up clock 'default' with a period of 10ns.
INFO: [SCHED 204-61] Option 'relax_ii_for_timing' is enabled, will increase II to preserve clock frequency constraints.
INFO: [HLS 200-10] Analyzing design file 'mlp.cpp' ... 
ERROR: [HLS 200-70] Compilation errors found: In file included from mlp.cpp:1:
mlp.cpp:27:3: error: use of undeclared identifier 'mlp_xcel'
  mlp_xcel(input, mean_output, variance_output);
  ^
mlp.cpp:82:18: error: no viable overloaded '='
      outputs[i] = dense4[0];
      ~~~~~~~~~~ ^ ~~~~~~~~~
/opt/xilinx/Vivado/2019.2/common/technology/autopilot/ap_fixed.h:201:51: note: candidate function not viable: 'this' argument has type 'const data_t' (aka 'const ap_fixed<16, 6>'), but method is not marked const
  inline __attribute__((always_inline)) ap_fixed& operator=(
                                                  ^
/opt/xilinx/Vivado/2019.2/common/technology/autopilot/ap_fixed.h:207:46: note: candidate function not viable: 'this' argument has type 'const data_t' (aka 'const ap_fixed<16, 6>'), but method is not marked const
  inline __attribute__((always_inline)) void operator=(
                                             ^
/opt/xilinx/Vivado/2019.2/common/technology/autopilot/ap_fixed.h:212:51: note: candidate function not viable: 'this' argument has type 'const data_t' (aka 'const ap_fixed<16, 6>'), but method is not marked const
  inline __attribute__((always_inline)) ap_fixed& operator=(
                                                  ^
/opt/xilinx/Vivado/2019.2/common/technology/autopilot/ap_fixed.h:218:46: note: candidate function not viable: 'this' argument has type 'const data_t' (aka 'const ap_fixed<16, 6>'), but method is not marked const
  inline __attribute__((always_inline)) void operator=(
                                             ^
In file included from mlp.cpp:1:
mlp.cpp:84:10: error: no matching function for call to 'calculate_mean'
  mean = calculate_mean(outputs);
         ^~~~~~~~~~~~~~
./layer.h:39:8: note: candidate function not viable: no known conversion from 'const data_t [100]' to 'data_t *' (aka 'ap_fixed<16, 6> *') for 1st argument; 
data_t calculate_mean(data_t outputs[NUM_MONTE_CARLO_RUNS]) {
       ^
In file included from mlp.cpp:1:
mlp.cpp:85:14: error: no matching function for call to 'calculate_variance'
  variance = calculate_variance(outputs, mean);
             ^~~~~~~~~~~~~~~~~~
./layer.h:47:8: note: candidate function not viable: no known conversion from 'const data_t [100]' to 'data_t *' (aka 'ap_fixed<16, 6> *') for 1st argument; 
data_t calculate_variance(data_t outputs[NUM_MONTE_CARLO_RUNS], data_t mean) {
       ^
In file included from mlp.cpp:1:
In file included from mlp.cpp:8:
In file included from ./mlp.h:9:
In file included from ./typedefs.h:9:
In file included from /opt/xilinx/Vivado/2019.2/common/technology/autopilot/ap_int.h:367:
In file included from /opt/xilinx/Vivado/2019.2/common/technology/autopilot/ap_fixed.h:55:
/opt/xilinx/Vivado/2019.2/common/technology/autopilot/ap_fixed_base.h:838:13: warning: shift count is negative [-Wshift-count-negative]
      ret.V <<= (_AP_I - _AP_W);
            ^   ~~~~~~~~~~~~~~~
/opt/xilinx/Vivado/2019.2/common/technology/autopilot/ap_fixed_base.h:869:69: note: in instantiation of member function 'ap_fixed_base<16, 6, true, 5, 3, 0>::to_ap_int_base' requested here
  inline __attribute__((always_inline)) int to_int() const { return to_ap_int_base().to_int(); }
                                                                    ^
/opt/xilinx/Vivado/2019.2/common/technology/autopilot/ap_fixed_base.h:1042:71: note: in instantiation of member function 'ap_fixed_base<16, 6, true, 5, 3, 0>::to_int' requested here
  inline __attribute__((always_inline)) operator int() const { return to_int(); }
                                                                      ^
mlp.cpp:82:20: note: in instantiation of member function 'ap_fixed_base<16, 6, true, 5, 3, 0>::operator int' requested here
      outputs[i] = dense4[0];
                   ^
1 warning and 4 errors generated.
==============================================================
Vivado(TM) HLS - High-Level Synthesis from C, C++ and SystemC v2019.2 (64-bit)
Copyright 1986-2019 Xilinx, Inc. All Rights Reserved.
==============================================================
INFO: [HLS 200-10] Setting target device to 'xc7z020-clg484-1'
INFO: [SYN 201-201] Setting up clock 'default' with a period of 10ns.
INFO: [SCHED 204-61] Option 'relax_ii_for_timing' is enabled, will increase II to preserve clock frequency constraints.
INFO: [HLS 200-10] Analyzing design file 'mlp.cpp' ... 
ERROR: [HLS 200-70] Compilation errors found: In file included from mlp.cpp:1:
mlp.cpp:82:18: error: no viable overloaded '='
      outputs[i] = dense4[0];
      ~~~~~~~~~~ ^ ~~~~~~~~~
/opt/xilinx/Vivado/2019.2/common/technology/autopilot/ap_fixed.h:201:51: note: candidate function not viable: 'this' argument has type 'const data_t' (aka 'const ap_fixed<16, 6>'), but method is not marked const
  inline __attribute__((always_inline)) ap_fixed& operator=(
                                                  ^
/opt/xilinx/Vivado/2019.2/common/technology/autopilot/ap_fixed.h:207:46: note: candidate function not viable: 'this' argument has type 'const data_t' (aka 'const ap_fixed<16, 6>'), but method is not marked const
  inline __attribute__((always_inline)) void operator=(
                                             ^
/opt/xilinx/Vivado/2019.2/common/technology/autopilot/ap_fixed.h:212:51: note: candidate function not viable: 'this' argument has type 'const data_t' (aka 'const ap_fixed<16, 6>'), but method is not marked const
  inline __attribute__((always_inline)) ap_fixed& operator=(
                                                  ^
/opt/xilinx/Vivado/2019.2/common/technology/autopilot/ap_fixed.h:218:46: note: candidate function not viable: 'this' argument has type 'const data_t' (aka 'const ap_fixed<16, 6>'), but method is not marked const
  inline __attribute__((always_inline)) void operator=(
                                             ^
In file included from mlp.cpp:1:
mlp.cpp:84:10: error: no matching function for call to 'calculate_mean'
  mean = calculate_mean(outputs);
         ^~~~~~~~~~~~~~
./layer.h:39:8: note: candidate function not viable: no known conversion from 'const data_t [100]' to 'data_t *' (aka 'ap_fixed<16, 6> *') for 1st argument; 
data_t calculate_mean(data_t outputs[NUM_MONTE_CARLO_RUNS]) {
       ^
In file included from mlp.cpp:1:
mlp.cpp:85:14: error: no matching function for call to 'calculate_variance'
  variance = calculate_variance(outputs, mean);
             ^~~~~~~~~~~~~~~~~~
./layer.h:47:8: note: candidate function not viable: no known conversion from 'const data_t [100]' to 'data_t *' (aka 'ap_fixed<16, 6> *') for 1st argument; 
data_t calculate_variance(data_t outputs[NUM_MONTE_CARLO_RUNS], data_t mean) {
       ^
In file included from mlp.cpp:1:
In file included from mlp.cpp:8:
In file included from ./mlp.h:9:
In file included from ./typedefs.h:9:
In file included from /opt/xilinx/Vivado/2019.2/common/technology/autopilot/ap_int.h:367:
In file included from /opt/xilinx/Vivado/2019.2/common/technology/autopilot/ap_fixed.h:55:
/opt/xilinx/Vivado/2019.2/common/technology/autopilot/ap_fixed_base.h:838:13: warning: shift count is negative [-Wshift-count-negative]
      ret.V <<= (_AP_I - _AP_W);
            ^   ~~~~~~~~~~~~~~~
/opt/xilinx/Vivado/2019.2/common/technology/autopilot/ap_fixed_base.h:869:69: note: in instantiation of member function 'ap_fixed_base<16, 6, true, 5, 3, 0>::to_ap_int_base' requested here
  inline __attribute__((always_inline)) int to_int() const { return to_ap_int_base().to_int(); }
                                                                    ^
/opt/xilinx/Vivado/2019.2/common/technology/autopilot/ap_fixed_base.h:1042:71: note: in instantiation of member function 'ap_fixed_base<16, 6, true, 5, 3, 0>::to_int' requested here
  inline __attribute__((always_inline)) operator int() const { return to_int(); }
                                                                      ^
mlp.cpp:82:20: note: in instantiation of member function 'ap_fixed_base<16, 6, true, 5, 3, 0>::operator int' requested here
      outputs[i] = dense4[0];
                   ^
1 warning and 3 errors generated.
==============================================================
Vivado(TM) HLS - High-Level Synthesis from C, C++ and SystemC v2019.2 (64-bit)
Copyright 1986-2019 Xilinx, Inc. All Rights Reserved.
==============================================================
INFO: [HLS 200-10] Setting target device to 'xc7z020-clg484-1'
INFO: [SYN 201-201] Setting up clock 'default' with a period of 10ns.
INFO: [SCHED 204-61] Option 'relax_ii_for_timing' is enabled, will increase II to preserve clock frequency constraints.
INFO: [HLS 200-10] Analyzing design file 'mlp.cpp' ... 
INFO: [HLS 200-111] Finished Linking Time (s): cpu = 00:00:11 ; elapsed = 00:00:13 . Memory (MB): peak = 1168.152 ; gain = 530.125 ; free physical = 536 ; free virtual = 24085
INFO: [HLS 200-111] Finished Checking Pragmas Time (s): cpu = 00:00:11 ; elapsed = 00:00:13 . Memory (MB): peak = 1168.152 ; gain = 530.125 ; free physical = 536 ; free virtual = 24085
INFO: [HLS 200-10] Starting code transformations ...
INFO: [HLS 200-111] Finished Standard Transforms Time (s): cpu = 00:00:12 ; elapsed = 00:00:14 . Memory (MB): peak = 1171.121 ; gain = 533.094 ; free physical = 506 ; free virtual = 24058
INFO: [HLS 200-10] Checking synthesizability ...
INFO: [XFORM 203-602] Inlining function 'dense<9, 64>' into 'mlp_monte_carlo' (mlp.cpp:65) automatically.
INFO: [XFORM 203-602] Inlining function 'relu<64>' into 'mlp_monte_carlo' (mlp.cpp:66) automatically.
INFO: [XFORM 203-602] Inlining function 'apply_dropout<64>' into 'mlp_monte_carlo' (mlp.cpp:67) automatically.
INFO: [XFORM 203-602] Inlining function 'dense<64, 32>' into 'mlp_monte_carlo' (mlp.cpp:69) automatically.
INFO: [XFORM 203-602] Inlining function 'relu<32>' into 'mlp_monte_carlo' (mlp.cpp:70) automatically.
INFO: [XFORM 203-602] Inlining function 'apply_dropout<32>' into 'mlp_monte_carlo' (mlp.cpp:71) automatically.
INFO: [XFORM 203-602] Inlining function 'dense<32, 16>' into 'mlp_monte_carlo' (mlp.cpp:73) automatically.
INFO: [XFORM 203-602] Inlining function 'dense<16, 16>' into 'mlp_monte_carlo' (mlp.cpp:77) automatically.
INFO: [XFORM 203-602] Inlining function 'dense<16, 1>' into 'mlp_monte_carlo' (mlp.cpp:81) automatically.
INFO: [XFORM 203-602] Inlining function 'calculate_mean' into 'mlp_monte_carlo' (mlp.cpp:84) automatically.
INFO: [XFORM 203-602] Inlining function 'calculate_variance' into 'mlp_monte_carlo' (mlp.cpp:85) automatically.
INFO: [XFORM 203-602] Inlining function 'mlp_xcel' into 'dut' (mlp.cpp:27) automatically.
WARNING: [SYNCHK 200-120] ./layer.h:50: multiplication is assumed not to overflow by default, otherwise, please add option '-fwrapv'.
INFO: [SYNCHK 200-10] 0 error(s), 1 warning(s).
INFO: [HLS 200-111] Finished Checking Synthesizability Time (s): cpu = 00:00:13 ; elapsed = 00:00:14 . Memory (MB): peak = 1171.121 ; gain = 533.094 ; free physical = 503 ; free virtual = 24056
INFO: [XFORM 203-502] Unrolling small iteration loop 'Loop-1' (./layer.h:14) in function 'dense<16, 1>' automatically.
INFO: [HLS 200-489] Unrolling loop 'Loop-1' (./layer.h:14) in function 'dense<16, 1>' completely with a factor of 1.
INFO: [XFORM 203-102] Partitioning array 'dense4.V' (mlp.cpp:52) automatically.
INFO: [XFORM 203-102] Partitioning array 'w5.V' in dimension 2 automatically.
INFO: [XFORM 203-602] Inlining function 'dense<9, 64>' into 'mlp_monte_carlo' (mlp.cpp:65) automatically.
INFO: [XFORM 203-602] Inlining function 'relu<64>' into 'mlp_monte_carlo' (mlp.cpp:66) automatically.
INFO: [XFORM 203-602] Inlining function 'apply_dropout<64>' into 'mlp_monte_carlo' (mlp.cpp:67) automatically.
INFO: [XFORM 203-602] Inlining function 'dense<64, 32>' into 'mlp_monte_carlo' (mlp.cpp:69) automatically.
INFO: [XFORM 203-602] Inlining function 'relu<32>' into 'mlp_monte_carlo' (mlp.cpp:70) automatically.
INFO: [XFORM 203-602] Inlining function 'apply_dropout<32>' into 'mlp_monte_carlo' (mlp.cpp:71) automatically.
INFO: [XFORM 203-602] Inlining function 'dense<32, 16>' into 'mlp_monte_carlo' (mlp.cpp:73) automatically.
INFO: [XFORM 203-602] Inlining function 'dense<16, 16>' into 'mlp_monte_carlo' (mlp.cpp:77) automatically.
INFO: [XFORM 203-602] Inlining function 'dense<16, 1>' into 'mlp_monte_carlo' (mlp.cpp:81) automatically.
INFO: [XFORM 203-602] Inlining function 'calculate_mean' into 'mlp_monte_carlo' (mlp.cpp:84) automatically.
INFO: [XFORM 203-602] Inlining function 'calculate_variance' into 'mlp_monte_carlo' (mlp.cpp:85) automatically.
INFO: [XFORM 203-602] Inlining function 'mlp_xcel' into 'dut' (mlp.cpp:27) automatically.
INFO: [XFORM 203-401] Performing if-conversion on hyperblock from (./layer.h:35:5) to (./layer.h:34:29) in function 'mlp_monte_carlo'... converting 3 basic blocks.
INFO: [XFORM 203-401] Performing if-conversion on hyperblock from (./layer.h:35:5) to (./layer.h:34:29) in function 'mlp_monte_carlo'... converting 3 basic blocks.
INFO: [XFORM 203-401] Performing if-conversion on hyperblock from (./layer.h:35:5) to (./layer.h:34:29) in function 'apply_dropout<16>'... converting 3 basic blocks.
INFO: [XFORM 203-602] Inlining function 'apply_dropout<16>' into 'mlp_monte_carlo' (mlp.cpp:75) automatically.
INFO: [HLS 200-111] Finished Pre-synthesis Time (s): cpu = 00:00:13 ; elapsed = 00:00:15 . Memory (MB): peak = 1171.121 ; gain = 533.094 ; free physical = 470 ; free virtual = 24024
INFO: [HLS 200-472] Inferring partial write operation for 'data.V' (./layer.h:27:7)
INFO: [HLS 200-472] Inferring partial write operation for 'dense0.V' (./layer.h:19:5)
INFO: [HLS 200-472] Inferring partial write operation for 'dense0.V' (./layer.h:27:7)
INFO: [HLS 200-472] Inferring partial write operation for 'dropout0.V' (./layer.h:35:5)
INFO: [HLS 200-472] Inferring partial write operation for 'dense1.V' (./layer.h:19:5)
INFO: [HLS 200-472] Inferring partial write operation for 'dense1.V' (./layer.h:27:7)
INFO: [HLS 200-472] Inferring partial write operation for 'dropout1.V' (./layer.h:35:5)
INFO: [HLS 200-472] Inferring partial write operation for 'dense2.V' (./layer.h:19:5)
INFO: [HLS 200-472] Inferring partial write operation for 'dropout2.V' (./layer.h:35:5)
INFO: [HLS 200-472] Inferring partial write operation for 'dense3.V' (./layer.h:19:5)
INFO: [HLS 200-472] Inferring partial write operation for 'dropout3.V' (./layer.h:35:5)
INFO: [HLS 200-472] Inferring partial write operation for 'outputs.V' (mlp.cpp:82:7)
INFO: [HLS 200-472] Inferring partial write operation for 'input.V' (mlp.cpp:23:16)
INFO: [HLS 200-111] Finished Architecture Synthesis Time (s): cpu = 00:00:13 ; elapsed = 00:00:15 . Memory (MB): peak = 1171.121 ; gain = 533.094 ; free physical = 453 ; free virtual = 24009
INFO: [HLS 200-10] Starting hardware synthesis ...
INFO: [HLS 200-10] Synthesizing 'dut' ...
WARNING: [SYN 201-103] Legalizing function name 'relu<16>' to 'relu_16_s'.
INFO: [HLS 200-10] ----------------------------------------------------------------
INFO: [HLS 200-42] -- Implementing module 'relu_16_s' 
INFO: [HLS 200-10] ----------------------------------------------------------------
INFO: [SCHED 204-11] Starting scheduling ...
INFO: [SCHED 204-11] Finished scheduling.
INFO: [HLS 200-111]  Elapsed time: 14.94 seconds; current allocated memory: 177.618 MB.
INFO: [BIND 205-100] Starting micro-architecture generation ...
INFO: [BIND 205-101] Performing variable lifetime analysis.
INFO: [BIND 205-101] Exploring resource sharing.
INFO: [BIND 205-101] Binding ...
INFO: [BIND 205-100] Finished micro-architecture generation.
INFO: [HLS 200-111]  Elapsed time: 0.03 seconds; current allocated memory: 177.698 MB.
INFO: [HLS 200-10] ----------------------------------------------------------------
INFO: [HLS 200-42] -- Implementing module 'mlp_monte_carlo' 
INFO: [HLS 200-10] ----------------------------------------------------------------
INFO: [SCHED 204-11] Starting scheduling ...
INFO: [SCHED 204-11] Finished scheduling.
INFO: [HLS 200-111]  Elapsed time: 0.12 seconds; current allocated memory: 178.777 MB.
INFO: [BIND 205-100] Starting micro-architecture generation ...
INFO: [BIND 205-101] Performing variable lifetime analysis.
INFO: [BIND 205-101] Exploring resource sharing.
INFO: [BIND 205-101] Binding ...
INFO: [BIND 205-100] Finished micro-architecture generation.
INFO: [HLS 200-111]  Elapsed time: 0.22 seconds; current allocated memory: 179.995 MB.
INFO: [HLS 200-10] ----------------------------------------------------------------
INFO: [HLS 200-42] -- Implementing module 'dut' 
INFO: [HLS 200-10]